2018-03-08 18:15:43,898:INFO: Loading the datasets...
2018-03-08 18:15:47,419:INFO: - done.
2018-03-08 18:15:47,525:INFO: Starting training for 25 epoch(s)
2018-03-08 18:15:47,525:INFO: Epoch 1/25
2018-03-08 18:26:14,447:INFO: Loading the datasets...
2018-03-08 18:26:17,797:INFO: - done.
2018-03-08 18:26:17,888:INFO: Starting training for 150 epoch(s)
2018-03-08 18:26:17,889:INFO: Epoch 1/150
2018-03-09 02:44:20,606:INFO: Loading the datasets...
2018-03-09 02:44:25,316:INFO: - done.
2018-03-09 02:44:29,189:INFO: Starting training for 150 epoch(s)
2018-03-09 02:44:29,189:INFO: Epoch 1/150
2018-03-09 02:46:56,381:INFO: Loading the datasets...
2018-03-09 02:47:00,047:INFO: - done.
2018-03-09 02:47:02,526:INFO: Starting training for 150 epoch(s)
2018-03-09 02:47:02,526:INFO: Epoch 1/150
2018-03-09 02:52:25,218:INFO: Loading the datasets...
2018-03-09 02:52:28,894:INFO: - done.
2018-03-09 02:52:31,509:INFO: Starting training for 200 epoch(s)
2018-03-09 02:52:31,509:INFO: Epoch 1/200
2018-03-09 02:56:20,383:INFO: - Train metrics: accuracy: 0.334 ; loss: 1.771
2018-03-09 02:56:30,840:INFO: - Eval metrics : accuracy: 0.516 ; loss: 1.349
2018-03-09 02:56:31,038:INFO: - Found new best accuracy
2018-03-09 02:56:31,038:INFO: Epoch 2/200
2018-03-09 03:00:23,037:INFO: - Train metrics: accuracy: 0.578 ; loss: 1.181
2018-03-09 03:00:33,601:INFO: - Eval metrics : accuracy: 0.626 ; loss: 1.094
2018-03-09 03:00:34,575:INFO: - Found new best accuracy
2018-03-09 03:00:34,581:INFO: Epoch 3/200
2018-03-09 03:04:26,837:INFO: - Train metrics: accuracy: 0.699 ; loss: 0.841
2018-03-09 03:04:37,364:INFO: - Eval metrics : accuracy: 0.724 ; loss: 0.776
2018-03-09 03:04:38,344:INFO: - Found new best accuracy
2018-03-09 03:04:38,344:INFO: Epoch 4/200
2018-03-09 03:08:30,460:INFO: - Train metrics: accuracy: 0.756 ; loss: 0.718
2018-03-09 03:08:40,981:INFO: - Eval metrics : accuracy: 0.746 ; loss: 0.741
2018-03-09 03:08:41,957:INFO: - Found new best accuracy
2018-03-09 03:08:41,963:INFO: Epoch 5/200
2018-03-09 03:12:34,014:INFO: - Train metrics: accuracy: 0.807 ; loss: 0.601
2018-03-09 03:12:44,519:INFO: - Eval metrics : accuracy: 0.720 ; loss: 0.831
2018-03-09 03:12:44,900:INFO: Epoch 6/200
2018-03-09 03:16:36,848:INFO: - Train metrics: accuracy: 0.816 ; loss: 0.543
2018-03-09 03:16:47,348:INFO: - Eval metrics : accuracy: 0.707 ; loss: 0.997
2018-03-09 03:16:47,740:INFO: Epoch 7/200
2018-03-09 03:20:39,779:INFO: - Train metrics: accuracy: 0.834 ; loss: 0.476
2018-03-09 03:20:50,276:INFO: - Eval metrics : accuracy: 0.700 ; loss: 0.882
2018-03-09 03:20:50,649:INFO: Epoch 8/200
2018-03-09 03:24:42,552:INFO: - Train metrics: accuracy: 0.826 ; loss: 0.483
2018-03-09 03:24:53,043:INFO: - Eval metrics : accuracy: 0.776 ; loss: 0.674
2018-03-09 03:24:54,021:INFO: - Found new best accuracy
2018-03-09 03:24:54,026:INFO: Epoch 9/200
2018-03-09 03:28:45,942:INFO: - Train metrics: accuracy: 0.863 ; loss: 0.427
2018-03-09 03:28:56,446:INFO: - Eval metrics : accuracy: 0.814 ; loss: 0.547
2018-03-09 03:28:57,421:INFO: - Found new best accuracy
2018-03-09 03:28:57,427:INFO: Epoch 10/200
2018-03-09 03:32:49,368:INFO: - Train metrics: accuracy: 0.797 ; loss: 0.591
2018-03-09 03:32:59,847:INFO: - Eval metrics : accuracy: 0.815 ; loss: 0.546
2018-03-09 03:33:00,825:INFO: - Found new best accuracy
2018-03-09 03:33:00,826:INFO: Epoch 11/200
2018-03-09 03:36:52,638:INFO: - Train metrics: accuracy: 0.846 ; loss: 0.413
2018-03-09 03:37:03,108:INFO: - Eval metrics : accuracy: 0.824 ; loss: 0.542
2018-03-09 03:37:04,086:INFO: - Found new best accuracy
2018-03-09 03:37:04,091:INFO: Epoch 12/200
2018-03-09 03:40:55,813:INFO: - Train metrics: accuracy: 0.830 ; loss: 0.479
2018-03-09 03:41:06,266:INFO: - Eval metrics : accuracy: 0.742 ; loss: 0.843
2018-03-09 03:41:06,826:INFO: Epoch 13/200
2018-03-09 03:44:58,521:INFO: - Train metrics: accuracy: 0.848 ; loss: 0.435
2018-03-09 03:45:09,001:INFO: - Eval metrics : accuracy: 0.798 ; loss: 0.583
2018-03-09 03:45:09,369:INFO: Epoch 14/200
2018-03-09 03:49:01,083:INFO: - Train metrics: accuracy: 0.871 ; loss: 0.383
2018-03-09 03:49:11,565:INFO: - Eval metrics : accuracy: 0.811 ; loss: 0.594
2018-03-09 03:49:11,932:INFO: Epoch 15/200
2018-03-09 03:53:03,542:INFO: - Train metrics: accuracy: 0.867 ; loss: 0.387
2018-03-09 03:53:14,009:INFO: - Eval metrics : accuracy: 0.812 ; loss: 0.550
2018-03-09 03:53:14,377:INFO: Epoch 16/200
2018-03-09 03:57:06,119:INFO: - Train metrics: accuracy: 0.865 ; loss: 0.430
2018-03-09 03:57:16,599:INFO: - Eval metrics : accuracy: 0.806 ; loss: 0.609
2018-03-09 03:57:16,965:INFO: Epoch 17/200
2018-03-09 04:01:08,582:INFO: - Train metrics: accuracy: 0.875 ; loss: 0.402
2018-03-09 04:01:19,025:INFO: - Eval metrics : accuracy: 0.835 ; loss: 0.484
2018-03-09 04:01:19,998:INFO: - Found new best accuracy
2018-03-09 04:01:20,003:INFO: Epoch 18/200
2018-03-09 04:05:11,514:INFO: - Train metrics: accuracy: 0.889 ; loss: 0.358
2018-03-09 04:05:21,972:INFO: - Eval metrics : accuracy: 0.792 ; loss: 0.649
2018-03-09 04:05:22,346:INFO: Epoch 19/200
2018-03-09 04:09:13,891:INFO: - Train metrics: accuracy: 0.842 ; loss: 0.448
2018-03-09 04:09:24,332:INFO: - Eval metrics : accuracy: 0.787 ; loss: 0.660
2018-03-09 04:09:24,705:INFO: Epoch 20/200
2018-03-09 04:13:16,254:INFO: - Train metrics: accuracy: 0.883 ; loss: 0.354
2018-03-09 04:13:26,716:INFO: - Eval metrics : accuracy: 0.747 ; loss: 0.797
2018-03-09 04:13:27,086:INFO: Epoch 21/200
2018-03-09 04:17:18,571:INFO: - Train metrics: accuracy: 0.871 ; loss: 0.386
2018-03-09 04:17:29,026:INFO: - Eval metrics : accuracy: 0.805 ; loss: 0.580
2018-03-09 04:17:29,403:INFO: Epoch 22/200
2018-03-09 04:21:20,758:INFO: - Train metrics: accuracy: 0.854 ; loss: 0.389
2018-03-09 04:21:31,193:INFO: - Eval metrics : accuracy: 0.817 ; loss: 0.532
2018-03-09 04:21:31,568:INFO: Epoch 23/200
2018-03-09 04:25:23,002:INFO: - Train metrics: accuracy: 0.906 ; loss: 0.330
2018-03-09 04:25:33,452:INFO: - Eval metrics : accuracy: 0.828 ; loss: 0.525
2018-03-09 04:25:33,841:INFO: Epoch 24/200
2018-03-09 04:29:25,172:INFO: - Train metrics: accuracy: 0.887 ; loss: 0.329
2018-03-09 04:29:35,637:INFO: - Eval metrics : accuracy: 0.814 ; loss: 0.565
2018-03-09 04:29:36,026:INFO: Epoch 25/200
2018-03-09 04:33:27,374:INFO: - Train metrics: accuracy: 0.889 ; loss: 0.303
2018-03-09 04:33:37,825:INFO: - Eval metrics : accuracy: 0.834 ; loss: 0.492
2018-03-09 04:33:38,197:INFO: Epoch 26/200
2018-03-09 04:37:29,440:INFO: - Train metrics: accuracy: 0.869 ; loss: 0.385
2018-03-09 04:37:39,869:INFO: - Eval metrics : accuracy: 0.814 ; loss: 0.578
2018-03-09 04:37:40,246:INFO: Epoch 27/200
2018-03-09 04:41:31,475:INFO: - Train metrics: accuracy: 0.871 ; loss: 0.398
2018-03-09 04:41:41,931:INFO: - Eval metrics : accuracy: 0.828 ; loss: 0.523
2018-03-09 04:41:42,299:INFO: Epoch 28/200
2018-03-09 04:45:33,622:INFO: - Train metrics: accuracy: 0.875 ; loss: 0.332
2018-03-09 04:45:44,052:INFO: - Eval metrics : accuracy: 0.837 ; loss: 0.514
2018-03-09 04:45:45,035:INFO: - Found new best accuracy
2018-03-09 04:45:45,036:INFO: Epoch 29/200
2018-03-09 04:49:36,201:INFO: - Train metrics: accuracy: 0.869 ; loss: 0.368
2018-03-09 04:49:46,658:INFO: - Eval metrics : accuracy: 0.799 ; loss: 0.657
2018-03-09 04:49:47,040:INFO: Epoch 30/200
2018-03-09 04:53:38,075:INFO: - Train metrics: accuracy: 0.895 ; loss: 0.323
2018-03-09 04:53:48,492:INFO: - Eval metrics : accuracy: 0.828 ; loss: 0.518
2018-03-09 04:53:48,894:INFO: Epoch 31/200
2018-03-09 04:57:39,909:INFO: - Train metrics: accuracy: 0.869 ; loss: 0.390
2018-03-09 04:57:50,336:INFO: - Eval metrics : accuracy: 0.831 ; loss: 0.532
2018-03-09 04:57:50,713:INFO: Epoch 32/200
2018-03-09 05:01:41,805:INFO: - Train metrics: accuracy: 0.863 ; loss: 0.360
2018-03-09 05:01:52,249:INFO: - Eval metrics : accuracy: 0.819 ; loss: 0.554
2018-03-09 05:01:52,623:INFO: Epoch 33/200
2018-03-09 05:05:43,789:INFO: - Train metrics: accuracy: 0.885 ; loss: 0.360
2018-03-09 05:05:54,221:INFO: - Eval metrics : accuracy: 0.831 ; loss: 0.543
2018-03-09 05:05:54,866:INFO: Epoch 34/200
2018-03-09 05:09:45,944:INFO: - Train metrics: accuracy: 0.908 ; loss: 0.291
2018-03-09 05:09:56,366:INFO: - Eval metrics : accuracy: 0.856 ; loss: 0.445
2018-03-09 05:09:57,346:INFO: - Found new best accuracy
2018-03-09 05:09:57,347:INFO: Epoch 35/200
2018-03-09 05:13:48,405:INFO: - Train metrics: accuracy: 0.883 ; loss: 0.337
2018-03-09 05:13:58,848:INFO: - Eval metrics : accuracy: 0.820 ; loss: 0.577
2018-03-09 05:13:59,221:INFO: Epoch 36/200
2018-03-09 05:17:50,236:INFO: - Train metrics: accuracy: 0.877 ; loss: 0.362
2018-03-09 05:18:00,680:INFO: - Eval metrics : accuracy: 0.795 ; loss: 0.673
2018-03-09 05:18:01,054:INFO: Epoch 37/200
2018-03-09 05:21:52,112:INFO: - Train metrics: accuracy: 0.848 ; loss: 0.441
2018-03-09 05:22:02,511:INFO: - Eval metrics : accuracy: 0.842 ; loss: 0.486
2018-03-09 05:22:02,887:INFO: Epoch 38/200
2018-03-09 05:25:53,888:INFO: - Train metrics: accuracy: 0.883 ; loss: 0.332
2018-03-09 05:26:04,312:INFO: - Eval metrics : accuracy: 0.829 ; loss: 0.550
2018-03-09 05:26:04,694:INFO: Epoch 39/200
2018-03-09 05:29:55,750:INFO: - Train metrics: accuracy: 0.885 ; loss: 0.373
2018-03-09 05:30:06,178:INFO: - Eval metrics : accuracy: 0.851 ; loss: 0.455
2018-03-09 05:30:06,560:INFO: Epoch 40/200
2018-03-09 05:33:57,552:INFO: - Train metrics: accuracy: 0.885 ; loss: 0.313
2018-03-09 05:34:08,002:INFO: - Eval metrics : accuracy: 0.799 ; loss: 0.603
2018-03-09 05:34:08,393:INFO: Epoch 41/200
2018-03-09 05:37:59,361:INFO: - Train metrics: accuracy: 0.859 ; loss: 0.377
2018-03-09 05:38:09,783:INFO: - Eval metrics : accuracy: 0.822 ; loss: 0.585
2018-03-09 05:38:10,288:INFO: Epoch 42/200
2018-03-09 05:42:01,179:INFO: - Train metrics: accuracy: 0.896 ; loss: 0.347
2018-03-09 05:42:11,612:INFO: - Eval metrics : accuracy: 0.832 ; loss: 0.511
2018-03-09 05:42:11,989:INFO: Epoch 43/200
2018-03-09 05:46:02,813:INFO: - Train metrics: accuracy: 0.879 ; loss: 0.320
2018-03-09 05:46:13,237:INFO: - Eval metrics : accuracy: 0.849 ; loss: 0.448
2018-03-09 05:46:13,616:INFO: Epoch 44/200
2018-03-09 05:50:04,386:INFO: - Train metrics: accuracy: 0.859 ; loss: 0.358
2018-03-09 05:50:14,791:INFO: - Eval metrics : accuracy: 0.777 ; loss: 0.726
2018-03-09 05:50:15,177:INFO: Epoch 45/200
2018-03-09 05:54:05,970:INFO: - Train metrics: accuracy: 0.871 ; loss: 0.354
2018-03-09 05:54:16,385:INFO: - Eval metrics : accuracy: 0.848 ; loss: 0.473
2018-03-09 05:54:16,759:INFO: Epoch 46/200
2018-03-09 05:58:07,592:INFO: - Train metrics: accuracy: 0.863 ; loss: 0.371
2018-03-09 05:58:18,022:INFO: - Eval metrics : accuracy: 0.850 ; loss: 0.454
2018-03-09 05:58:18,393:INFO: Epoch 47/200
2018-03-09 06:02:09,361:INFO: - Train metrics: accuracy: 0.869 ; loss: 0.375
2018-03-09 06:02:19,797:INFO: - Eval metrics : accuracy: 0.849 ; loss: 0.444
2018-03-09 06:02:20,169:INFO: Epoch 48/200
2018-03-09 06:06:10,975:INFO: - Train metrics: accuracy: 0.879 ; loss: 0.380
2018-03-09 06:06:21,385:INFO: - Eval metrics : accuracy: 0.829 ; loss: 0.536
2018-03-09 06:06:21,766:INFO: Epoch 49/200
2018-03-09 06:10:12,622:INFO: - Train metrics: accuracy: 0.902 ; loss: 0.300
2018-03-09 06:10:23,036:INFO: - Eval metrics : accuracy: 0.800 ; loss: 0.664
2018-03-09 06:10:23,413:INFO: Epoch 50/200
2018-03-09 06:14:14,145:INFO: - Train metrics: accuracy: 0.908 ; loss: 0.286
2018-03-09 06:14:24,557:INFO: - Eval metrics : accuracy: 0.806 ; loss: 0.617
2018-03-09 06:14:24,938:INFO: Epoch 51/200
2018-03-09 06:18:15,831:INFO: - Train metrics: accuracy: 0.865 ; loss: 0.355
2018-03-09 06:18:26,280:INFO: - Eval metrics : accuracy: 0.829 ; loss: 0.555
2018-03-09 06:18:26,660:INFO: Epoch 52/200
2018-03-09 06:22:17,409:INFO: - Train metrics: accuracy: 0.873 ; loss: 0.344
2018-03-09 06:22:27,832:INFO: - Eval metrics : accuracy: 0.855 ; loss: 0.454
2018-03-09 06:22:28,197:INFO: Epoch 53/200
2018-03-09 06:26:19,014:INFO: - Train metrics: accuracy: 0.898 ; loss: 0.274
2018-03-09 06:26:29,427:INFO: - Eval metrics : accuracy: 0.856 ; loss: 0.438
2018-03-09 06:26:30,406:INFO: - Found new best accuracy
2018-03-09 06:26:30,412:INFO: Epoch 54/200
2018-03-09 06:30:21,198:INFO: - Train metrics: accuracy: 0.896 ; loss: 0.345
2018-03-09 06:30:31,617:INFO: - Eval metrics : accuracy: 0.855 ; loss: 0.453
2018-03-09 06:30:31,993:INFO: Epoch 55/200
2018-03-09 06:34:22,698:INFO: - Train metrics: accuracy: 0.867 ; loss: 0.333
2018-03-09 06:34:33,103:INFO: - Eval metrics : accuracy: 0.829 ; loss: 0.540
2018-03-09 06:34:33,515:INFO: Epoch 56/200
2018-03-09 06:38:24,238:INFO: - Train metrics: accuracy: 0.902 ; loss: 0.274
2018-03-09 06:38:34,647:INFO: - Eval metrics : accuracy: 0.834 ; loss: 0.507
2018-03-09 06:38:35,025:INFO: Epoch 57/200
2018-03-09 06:42:25,705:INFO: - Train metrics: accuracy: 0.910 ; loss: 0.261
2018-03-09 06:42:36,112:INFO: - Eval metrics : accuracy: 0.829 ; loss: 0.504
2018-03-09 06:42:36,497:INFO: Epoch 58/200
2018-03-09 06:46:27,259:INFO: - Train metrics: accuracy: 0.898 ; loss: 0.330
2018-03-09 06:46:37,668:INFO: - Eval metrics : accuracy: 0.812 ; loss: 0.594
2018-03-09 06:46:38,053:INFO: Epoch 59/200
2018-03-09 06:50:28,523:INFO: - Train metrics: accuracy: 0.881 ; loss: 0.382
2018-03-09 06:50:38,927:INFO: - Eval metrics : accuracy: 0.830 ; loss: 0.522
2018-03-09 06:50:39,436:INFO: Epoch 60/200
2018-03-09 06:54:30,048:INFO: - Train metrics: accuracy: 0.902 ; loss: 0.308
2018-03-09 06:54:40,466:INFO: - Eval metrics : accuracy: 0.848 ; loss: 0.462
2018-03-09 06:54:40,854:INFO: Epoch 61/200
2018-03-09 06:58:31,540:INFO: - Train metrics: accuracy: 0.879 ; loss: 0.356
2018-03-09 06:58:41,952:INFO: - Eval metrics : accuracy: 0.850 ; loss: 0.454
2018-03-09 06:58:42,328:INFO: Epoch 62/200
2018-03-09 07:02:32,933:INFO: - Train metrics: accuracy: 0.906 ; loss: 0.316
2018-03-09 07:02:43,360:INFO: - Eval metrics : accuracy: 0.818 ; loss: 0.562
2018-03-09 07:02:43,733:INFO: Epoch 63/200
2018-03-09 07:06:34,427:INFO: - Train metrics: accuracy: 0.889 ; loss: 0.330
2018-03-09 07:06:44,849:INFO: - Eval metrics : accuracy: 0.827 ; loss: 0.521
2018-03-09 07:06:45,248:INFO: Epoch 64/200
2018-03-09 07:10:35,769:INFO: - Train metrics: accuracy: 0.891 ; loss: 0.324
2018-03-09 07:10:46,189:INFO: - Eval metrics : accuracy: 0.824 ; loss: 0.555
2018-03-09 07:10:46,571:INFO: Epoch 65/200
2018-03-09 07:14:37,156:INFO: - Train metrics: accuracy: 0.881 ; loss: 0.364
2018-03-09 07:14:47,548:INFO: - Eval metrics : accuracy: 0.841 ; loss: 0.484
2018-03-09 07:14:47,926:INFO: Epoch 66/200
2018-03-09 07:18:38,533:INFO: - Train metrics: accuracy: 0.902 ; loss: 0.335
2018-03-09 07:18:48,974:INFO: - Eval metrics : accuracy: 0.826 ; loss: 0.537
2018-03-09 07:18:49,350:INFO: Epoch 67/200
2018-03-09 07:22:40,020:INFO: - Train metrics: accuracy: 0.906 ; loss: 0.293
2018-03-09 07:22:50,448:INFO: - Eval metrics : accuracy: 0.867 ; loss: 0.403
2018-03-09 07:22:51,426:INFO: - Found new best accuracy
2018-03-09 07:22:51,431:INFO: Epoch 68/200
2018-03-09 07:26:42,075:INFO: - Train metrics: accuracy: 0.904 ; loss: 0.300
2018-03-09 07:26:52,472:INFO: - Eval metrics : accuracy: 0.875 ; loss: 0.371
2018-03-09 07:26:53,456:INFO: - Found new best accuracy
2018-03-09 07:26:53,457:INFO: Epoch 69/200
2018-03-09 07:30:44,033:INFO: - Train metrics: accuracy: 0.900 ; loss: 0.281
2018-03-09 07:30:54,475:INFO: - Eval metrics : accuracy: 0.819 ; loss: 0.580
2018-03-09 07:30:54,860:INFO: Epoch 70/200
2018-03-09 07:34:45,414:INFO: - Train metrics: accuracy: 0.896 ; loss: 0.305
2018-03-09 07:34:55,839:INFO: - Eval metrics : accuracy: 0.825 ; loss: 0.560
2018-03-09 07:34:56,216:INFO: Epoch 71/200
2018-03-09 07:38:46,745:INFO: - Train metrics: accuracy: 0.920 ; loss: 0.268
2018-03-09 07:38:57,153:INFO: - Eval metrics : accuracy: 0.848 ; loss: 0.468
2018-03-09 07:38:57,545:INFO: Epoch 72/200
2018-03-09 07:42:48,077:INFO: - Train metrics: accuracy: 0.918 ; loss: 0.254
2018-03-09 07:42:58,502:INFO: - Eval metrics : accuracy: 0.791 ; loss: 0.678
2018-03-09 07:42:58,896:INFO: Epoch 73/200
2018-03-09 07:46:49,514:INFO: - Train metrics: accuracy: 0.908 ; loss: 0.302
2018-03-09 07:46:59,930:INFO: - Eval metrics : accuracy: 0.754 ; loss: 0.821
2018-03-09 07:47:00,372:INFO: Epoch 74/200
2018-03-09 07:50:50,816:INFO: - Train metrics: accuracy: 0.910 ; loss: 0.305
2018-03-09 07:51:01,230:INFO: - Eval metrics : accuracy: 0.811 ; loss: 0.631
2018-03-09 07:51:01,630:INFO: Epoch 75/200
2018-03-09 07:54:51,981:INFO: - Train metrics: accuracy: 0.900 ; loss: 0.298
2018-03-09 07:55:02,385:INFO: - Eval metrics : accuracy: 0.821 ; loss: 0.558
2018-03-09 07:55:02,762:INFO: Epoch 76/200
2018-03-09 07:58:53,161:INFO: - Train metrics: accuracy: 0.891 ; loss: 0.336
2018-03-09 07:59:03,593:INFO: - Eval metrics : accuracy: 0.851 ; loss: 0.441
2018-03-09 07:59:03,972:INFO: Epoch 77/200
2018-03-09 08:02:54,298:INFO: - Train metrics: accuracy: 0.910 ; loss: 0.275
2018-03-09 08:03:04,709:INFO: - Eval metrics : accuracy: 0.857 ; loss: 0.432
2018-03-09 08:03:05,106:INFO: Epoch 78/200
2018-03-09 08:06:55,431:INFO: - Train metrics: accuracy: 0.898 ; loss: 0.303
2018-03-09 08:07:05,856:INFO: - Eval metrics : accuracy: 0.846 ; loss: 0.464
2018-03-09 08:07:06,242:INFO: Epoch 79/200
2018-03-09 08:10:56,558:INFO: - Train metrics: accuracy: 0.889 ; loss: 0.304
2018-03-09 08:11:06,963:INFO: - Eval metrics : accuracy: 0.823 ; loss: 0.561
2018-03-09 08:11:07,361:INFO: Epoch 80/200
2018-03-09 08:14:57,724:INFO: - Train metrics: accuracy: 0.898 ; loss: 0.256
2018-03-09 08:15:08,127:INFO: - Eval metrics : accuracy: 0.863 ; loss: 0.445
2018-03-09 08:15:08,514:INFO: Epoch 81/200
2018-03-09 08:18:58,745:INFO: - Train metrics: accuracy: 0.887 ; loss: 0.322
2018-03-09 08:19:09,155:INFO: - Eval metrics : accuracy: 0.836 ; loss: 0.502
2018-03-09 08:19:09,528:INFO: Epoch 82/200
2018-03-09 08:22:59,715:INFO: - Train metrics: accuracy: 0.891 ; loss: 0.325
2018-03-09 08:23:10,117:INFO: - Eval metrics : accuracy: 0.843 ; loss: 0.492
2018-03-09 08:23:10,492:INFO: Epoch 83/200
2018-03-09 08:27:00,794:INFO: - Train metrics: accuracy: 0.902 ; loss: 0.263
2018-03-09 08:27:11,211:INFO: - Eval metrics : accuracy: 0.841 ; loss: 0.515
2018-03-09 08:27:11,609:INFO: Epoch 84/200
2018-03-09 08:31:01,838:INFO: - Train metrics: accuracy: 0.904 ; loss: 0.291
2018-03-09 08:31:12,221:INFO: - Eval metrics : accuracy: 0.861 ; loss: 0.411
2018-03-09 08:31:12,597:INFO: Epoch 85/200
2018-03-09 08:35:02,957:INFO: - Train metrics: accuracy: 0.869 ; loss: 0.346
2018-03-09 08:35:13,357:INFO: - Eval metrics : accuracy: 0.834 ; loss: 0.542
2018-03-09 08:35:13,729:INFO: Epoch 86/200
2018-03-09 08:39:04,037:INFO: - Train metrics: accuracy: 0.889 ; loss: 0.318
2018-03-09 08:39:14,418:INFO: - Eval metrics : accuracy: 0.848 ; loss: 0.479
2018-03-09 08:39:14,819:INFO: Epoch 87/200
2018-03-09 08:43:05,097:INFO: - Train metrics: accuracy: 0.916 ; loss: 0.273
2018-03-09 08:43:15,505:INFO: - Eval metrics : accuracy: 0.835 ; loss: 0.488
2018-03-09 08:43:15,921:INFO: Epoch 88/200
2018-03-09 08:47:06,203:INFO: - Train metrics: accuracy: 0.898 ; loss: 0.274
2018-03-09 08:47:16,606:INFO: - Eval metrics : accuracy: 0.801 ; loss: 0.646
2018-03-09 08:47:16,990:INFO: Epoch 89/200
2018-03-09 08:51:07,205:INFO: - Train metrics: accuracy: 0.869 ; loss: 0.363
2018-03-09 08:51:17,634:INFO: - Eval metrics : accuracy: 0.849 ; loss: 0.439
2018-03-09 08:51:18,031:INFO: Epoch 90/200
2018-03-09 08:55:08,266:INFO: - Train metrics: accuracy: 0.902 ; loss: 0.311
2018-03-09 08:55:18,680:INFO: - Eval metrics : accuracy: 0.864 ; loss: 0.411
2018-03-09 08:55:19,061:INFO: Epoch 91/200
2018-03-09 08:59:09,319:INFO: - Train metrics: accuracy: 0.883 ; loss: 0.309
2018-03-09 08:59:19,703:INFO: - Eval metrics : accuracy: 0.809 ; loss: 0.611
2018-03-09 08:59:20,089:INFO: Epoch 92/200
2018-03-09 09:03:10,306:INFO: - Train metrics: accuracy: 0.898 ; loss: 0.261
2018-03-09 09:03:20,727:INFO: - Eval metrics : accuracy: 0.830 ; loss: 0.511
2018-03-09 09:03:21,122:INFO: Epoch 93/200
2018-03-09 09:07:11,287:INFO: - Train metrics: accuracy: 0.887 ; loss: 0.334
2018-03-09 09:07:21,697:INFO: - Eval metrics : accuracy: 0.809 ; loss: 0.632
2018-03-09 09:07:22,092:INFO: Epoch 94/200
2018-03-09 09:11:12,272:INFO: - Train metrics: accuracy: 0.875 ; loss: 0.358
2018-03-09 09:11:22,690:INFO: - Eval metrics : accuracy: 0.851 ; loss: 0.453
2018-03-09 09:11:23,104:INFO: Epoch 95/200
2018-03-09 09:15:13,327:INFO: - Train metrics: accuracy: 0.910 ; loss: 0.278
2018-03-09 09:15:23,744:INFO: - Eval metrics : accuracy: 0.854 ; loss: 0.451
2018-03-09 09:15:24,126:INFO: Epoch 96/200
2018-03-09 09:19:14,405:INFO: - Train metrics: accuracy: 0.887 ; loss: 0.278
2018-03-09 09:19:24,779:INFO: - Eval metrics : accuracy: 0.856 ; loss: 0.440
2018-03-09 09:19:25,160:INFO: Epoch 97/200
2018-03-09 09:23:15,359:INFO: - Train metrics: accuracy: 0.904 ; loss: 0.273
2018-03-09 09:23:25,771:INFO: - Eval metrics : accuracy: 0.847 ; loss: 0.465
2018-03-09 09:23:26,155:INFO: Epoch 98/200
2018-03-09 09:27:16,303:INFO: - Train metrics: accuracy: 0.896 ; loss: 0.310
2018-03-09 09:27:26,718:INFO: - Eval metrics : accuracy: 0.795 ; loss: 0.693
2018-03-09 09:27:27,092:INFO: Epoch 99/200
2018-03-09 09:31:17,307:INFO: - Train metrics: accuracy: 0.906 ; loss: 0.300
2018-03-09 09:31:27,699:INFO: - Eval metrics : accuracy: 0.849 ; loss: 0.474
2018-03-09 09:31:28,079:INFO: Epoch 100/200
2018-03-09 09:35:18,216:INFO: - Train metrics: accuracy: 0.877 ; loss: 0.352
2018-03-09 09:35:28,640:INFO: - Eval metrics : accuracy: 0.841 ; loss: 0.487
2018-03-09 09:35:29,008:INFO: Epoch 101/200
2018-03-09 09:39:19,262:INFO: - Train metrics: accuracy: 0.924 ; loss: 0.221
2018-03-09 09:39:29,678:INFO: - Eval metrics : accuracy: 0.932 ; loss: 0.204
2018-03-09 09:39:30,654:INFO: - Found new best accuracy
2018-03-09 09:39:30,655:INFO: Epoch 102/200
2018-03-09 09:43:20,848:INFO: - Train metrics: accuracy: 0.963 ; loss: 0.120
2018-03-09 09:43:31,260:INFO: - Eval metrics : accuracy: 0.939 ; loss: 0.189
2018-03-09 09:43:32,243:INFO: - Found new best accuracy
2018-03-09 09:43:32,244:INFO: Epoch 103/200
2018-03-09 09:47:22,415:INFO: - Train metrics: accuracy: 0.979 ; loss: 0.070
2018-03-09 09:47:32,821:INFO: - Eval metrics : accuracy: 0.937 ; loss: 0.190
2018-03-09 09:47:33,225:INFO: Epoch 104/200
2018-03-09 09:51:23,413:INFO: - Train metrics: accuracy: 0.955 ; loss: 0.127
2018-03-09 09:51:33,808:INFO: - Eval metrics : accuracy: 0.939 ; loss: 0.191
2018-03-09 09:51:34,194:INFO: Epoch 105/200
2018-03-09 09:55:24,412:INFO: - Train metrics: accuracy: 0.980 ; loss: 0.061
2018-03-09 09:55:34,848:INFO: - Eval metrics : accuracy: 0.939 ; loss: 0.188
2018-03-09 09:55:35,237:INFO: Epoch 106/200
2018-03-09 09:59:25,406:INFO: - Train metrics: accuracy: 0.984 ; loss: 0.050
2018-03-09 09:59:35,827:INFO: - Eval metrics : accuracy: 0.940 ; loss: 0.186
2018-03-09 09:59:36,807:INFO: - Found new best accuracy
2018-03-09 09:59:36,813:INFO: Epoch 107/200
2018-03-09 10:03:26,923:INFO: - Train metrics: accuracy: 0.980 ; loss: 0.048
2018-03-09 10:03:37,312:INFO: - Eval metrics : accuracy: 0.938 ; loss: 0.196
2018-03-09 10:03:37,685:INFO: Epoch 108/200
2018-03-09 10:07:27,881:INFO: - Train metrics: accuracy: 0.982 ; loss: 0.053
2018-03-09 10:07:38,265:INFO: - Eval metrics : accuracy: 0.940 ; loss: 0.195
2018-03-09 10:07:38,663:INFO: Epoch 109/200
2018-03-09 10:11:28,840:INFO: - Train metrics: accuracy: 0.982 ; loss: 0.036
2018-03-09 10:11:39,263:INFO: - Eval metrics : accuracy: 0.940 ; loss: 0.198
2018-03-09 10:11:40,241:INFO: - Found new best accuracy
2018-03-09 10:11:40,246:INFO: Epoch 110/200
2018-03-09 10:15:30,533:INFO: - Train metrics: accuracy: 0.988 ; loss: 0.044
2018-03-09 10:15:40,926:INFO: - Eval metrics : accuracy: 0.940 ; loss: 0.203
2018-03-09 10:15:41,318:INFO: Epoch 111/200
2018-03-09 10:19:31,535:INFO: - Train metrics: accuracy: 0.994 ; loss: 0.032
2018-03-09 10:19:41,914:INFO: - Eval metrics : accuracy: 0.938 ; loss: 0.216
2018-03-09 10:19:42,312:INFO: Epoch 112/200
2018-03-09 10:23:32,438:INFO: - Train metrics: accuracy: 0.990 ; loss: 0.032
2018-03-09 10:23:42,840:INFO: - Eval metrics : accuracy: 0.940 ; loss: 0.202
2018-03-09 10:23:43,821:INFO: - Found new best accuracy
2018-03-09 10:23:43,822:INFO: Epoch 113/200
2018-03-09 10:27:33,974:INFO: - Train metrics: accuracy: 0.992 ; loss: 0.021
2018-03-09 10:27:44,387:INFO: - Eval metrics : accuracy: 0.938 ; loss: 0.214
2018-03-09 10:27:45,046:INFO: Epoch 114/200
2018-03-09 10:31:35,123:INFO: - Train metrics: accuracy: 0.990 ; loss: 0.023
2018-03-09 10:31:45,528:INFO: - Eval metrics : accuracy: 0.937 ; loss: 0.229
2018-03-09 10:31:45,912:INFO: Epoch 115/200
2018-03-09 10:35:36,005:INFO: - Train metrics: accuracy: 0.990 ; loss: 0.029
2018-03-09 10:35:46,438:INFO: - Eval metrics : accuracy: 0.942 ; loss: 0.205
2018-03-09 10:35:47,421:INFO: - Found new best accuracy
2018-03-09 10:35:47,427:INFO: Epoch 116/200
2018-03-09 10:39:37,605:INFO: - Train metrics: accuracy: 0.992 ; loss: 0.035
2018-03-09 10:39:48,009:INFO: - Eval metrics : accuracy: 0.939 ; loss: 0.217
2018-03-09 10:39:48,401:INFO: Epoch 117/200
2018-03-09 10:43:38,604:INFO: - Train metrics: accuracy: 0.986 ; loss: 0.034
2018-03-09 10:43:49,016:INFO: - Eval metrics : accuracy: 0.934 ; loss: 0.241
2018-03-09 10:43:49,394:INFO: Epoch 118/200
2018-03-09 10:47:39,521:INFO: - Train metrics: accuracy: 0.994 ; loss: 0.026
2018-03-09 10:47:49,928:INFO: - Eval metrics : accuracy: 0.931 ; loss: 0.258
2018-03-09 10:47:50,433:INFO: Epoch 119/200
2018-03-09 10:51:40,592:INFO: - Train metrics: accuracy: 0.988 ; loss: 0.038
2018-03-09 10:51:50,970:INFO: - Eval metrics : accuracy: 0.937 ; loss: 0.235
2018-03-09 10:51:51,384:INFO: Epoch 120/200
2018-03-09 10:55:41,511:INFO: - Train metrics: accuracy: 0.986 ; loss: 0.035
2018-03-09 10:55:51,914:INFO: - Eval metrics : accuracy: 0.939 ; loss: 0.228
2018-03-09 10:55:52,295:INFO: Epoch 121/200
2018-03-09 10:59:42,417:INFO: - Train metrics: accuracy: 0.992 ; loss: 0.019
2018-03-09 10:59:52,824:INFO: - Eval metrics : accuracy: 0.936 ; loss: 0.237
2018-03-09 10:59:53,206:INFO: Epoch 122/200
2018-03-09 11:03:43,459:INFO: - Train metrics: accuracy: 0.984 ; loss: 0.043
2018-03-09 11:03:53,869:INFO: - Eval metrics : accuracy: 0.936 ; loss: 0.235
2018-03-09 11:03:54,244:INFO: Epoch 123/200
2018-03-09 11:07:44,481:INFO: - Train metrics: accuracy: 0.982 ; loss: 0.048
2018-03-09 11:07:54,877:INFO: - Eval metrics : accuracy: 0.935 ; loss: 0.237
2018-03-09 11:07:55,260:INFO: Epoch 124/200
2018-03-09 11:11:45,347:INFO: - Train metrics: accuracy: 0.990 ; loss: 0.029
2018-03-09 11:11:55,740:INFO: - Eval metrics : accuracy: 0.932 ; loss: 0.253
2018-03-09 11:11:56,127:INFO: Epoch 125/200
2018-03-09 11:15:46,253:INFO: - Train metrics: accuracy: 0.998 ; loss: 0.017
2018-03-09 11:15:56,652:INFO: - Eval metrics : accuracy: 0.938 ; loss: 0.230
2018-03-09 11:15:57,038:INFO: Epoch 126/200
2018-03-09 11:19:47,077:INFO: - Train metrics: accuracy: 0.990 ; loss: 0.027
2018-03-09 11:19:57,491:INFO: - Eval metrics : accuracy: 0.932 ; loss: 0.253
2018-03-09 11:19:57,876:INFO: Epoch 127/200
2018-03-09 11:23:47,843:INFO: - Train metrics: accuracy: 0.988 ; loss: 0.029
2018-03-09 11:23:58,251:INFO: - Eval metrics : accuracy: 0.932 ; loss: 0.241
2018-03-09 11:23:58,624:INFO: Epoch 128/200
2018-03-09 11:27:48,770:INFO: - Train metrics: accuracy: 0.988 ; loss: 0.037
2018-03-09 11:27:59,176:INFO: - Eval metrics : accuracy: 0.931 ; loss: 0.261
2018-03-09 11:27:59,543:INFO: Epoch 129/200
2018-03-09 11:31:49,650:INFO: - Train metrics: accuracy: 0.998 ; loss: 0.015
2018-03-09 11:32:00,046:INFO: - Eval metrics : accuracy: 0.933 ; loss: 0.243
2018-03-09 11:32:00,427:INFO: Epoch 130/200
2018-03-09 11:35:50,549:INFO: - Train metrics: accuracy: 0.988 ; loss: 0.030
2018-03-09 11:36:00,960:INFO: - Eval metrics : accuracy: 0.932 ; loss: 0.252
2018-03-09 11:36:01,367:INFO: Epoch 131/200
2018-03-09 11:39:51,602:INFO: - Train metrics: accuracy: 0.992 ; loss: 0.026
2018-03-09 11:40:02,016:INFO: - Eval metrics : accuracy: 0.932 ; loss: 0.256
2018-03-09 11:40:02,403:INFO: Epoch 132/200
2018-03-09 11:43:52,507:INFO: - Train metrics: accuracy: 0.988 ; loss: 0.034
2018-03-09 11:44:02,934:INFO: - Eval metrics : accuracy: 0.933 ; loss: 0.238
2018-03-09 11:44:03,322:INFO: Epoch 133/200
2018-03-09 11:47:53,444:INFO: - Train metrics: accuracy: 0.982 ; loss: 0.039
2018-03-09 11:48:03,827:INFO: - Eval metrics : accuracy: 0.928 ; loss: 0.262
2018-03-09 11:48:04,223:INFO: Epoch 134/200
2018-03-09 11:51:54,296:INFO: - Train metrics: accuracy: 0.986 ; loss: 0.055
2018-03-09 11:52:04,686:INFO: - Eval metrics : accuracy: 0.930 ; loss: 0.251
2018-03-09 11:52:05,091:INFO: Epoch 135/200
2018-03-09 11:55:55,223:INFO: - Train metrics: accuracy: 0.990 ; loss: 0.023
2018-03-09 11:56:05,594:INFO: - Eval metrics : accuracy: 0.928 ; loss: 0.267
2018-03-09 11:56:05,989:INFO: Epoch 136/200
2018-03-09 11:59:56,015:INFO: - Train metrics: accuracy: 0.986 ; loss: 0.036
2018-03-09 12:00:06,410:INFO: - Eval metrics : accuracy: 0.928 ; loss: 0.252
2018-03-09 12:00:06,804:INFO: Epoch 137/200
2018-03-09 12:03:56,895:INFO: - Train metrics: accuracy: 0.992 ; loss: 0.029
2018-03-09 12:04:07,301:INFO: - Eval metrics : accuracy: 0.926 ; loss: 0.264
2018-03-09 12:04:07,702:INFO: Epoch 138/200
2018-03-09 12:07:57,700:INFO: - Train metrics: accuracy: 0.988 ; loss: 0.034
2018-03-09 12:08:08,103:INFO: - Eval metrics : accuracy: 0.918 ; loss: 0.312
2018-03-09 12:08:08,481:INFO: Epoch 139/200
2018-03-09 12:11:58,607:INFO: - Train metrics: accuracy: 0.986 ; loss: 0.060
2018-03-09 12:12:09,000:INFO: - Eval metrics : accuracy: 0.928 ; loss: 0.260
2018-03-09 12:12:09,390:INFO: Epoch 140/200
2018-03-09 12:15:59,375:INFO: - Train metrics: accuracy: 0.986 ; loss: 0.041
2018-03-09 12:16:09,782:INFO: - Eval metrics : accuracy: 0.922 ; loss: 0.299
2018-03-09 12:16:10,195:INFO: Epoch 141/200
2018-03-09 12:20:00,150:INFO: - Train metrics: accuracy: 0.984 ; loss: 0.032
2018-03-09 12:20:10,554:INFO: - Eval metrics : accuracy: 0.921 ; loss: 0.292
2018-03-09 12:20:10,947:INFO: Epoch 142/200
2018-03-09 12:24:00,999:INFO: - Train metrics: accuracy: 0.990 ; loss: 0.035
2018-03-09 12:24:11,378:INFO: - Eval metrics : accuracy: 0.928 ; loss: 0.264
2018-03-09 12:24:11,766:INFO: Epoch 143/200
2018-03-09 12:28:01,806:INFO: - Train metrics: accuracy: 0.986 ; loss: 0.048
2018-03-09 12:28:12,195:INFO: - Eval metrics : accuracy: 0.930 ; loss: 0.247
2018-03-09 12:28:12,577:INFO: Epoch 144/200
2018-03-09 12:32:02,510:INFO: - Train metrics: accuracy: 0.994 ; loss: 0.024
2018-03-09 12:32:12,927:INFO: - Eval metrics : accuracy: 0.926 ; loss: 0.266
2018-03-09 12:32:13,313:INFO: Epoch 145/200
2018-03-09 12:36:03,262:INFO: - Train metrics: accuracy: 0.975 ; loss: 0.067
2018-03-09 12:36:13,657:INFO: - Eval metrics : accuracy: 0.932 ; loss: 0.239
2018-03-09 12:36:14,046:INFO: Epoch 146/200
2018-03-09 12:40:03,979:INFO: - Train metrics: accuracy: 0.984 ; loss: 0.036
2018-03-09 12:40:14,347:INFO: - Eval metrics : accuracy: 0.925 ; loss: 0.269
2018-03-09 12:40:14,849:INFO: Epoch 147/200
2018-03-09 12:44:04,714:INFO: - Train metrics: accuracy: 0.975 ; loss: 0.061
2018-03-09 12:44:15,109:INFO: - Eval metrics : accuracy: 0.928 ; loss: 0.256
2018-03-09 12:44:15,494:INFO: Epoch 148/200
2018-03-09 12:48:05,402:INFO: - Train metrics: accuracy: 0.984 ; loss: 0.054
2018-03-09 12:48:15,792:INFO: - Eval metrics : accuracy: 0.919 ; loss: 0.295
2018-03-09 12:48:16,167:INFO: Epoch 149/200
2018-03-09 12:52:06,140:INFO: - Train metrics: accuracy: 0.980 ; loss: 0.053
2018-03-09 12:52:16,534:INFO: - Eval metrics : accuracy: 0.925 ; loss: 0.281
2018-03-09 12:52:16,925:INFO: Epoch 150/200
2018-03-09 12:56:06,993:INFO: - Train metrics: accuracy: 0.984 ; loss: 0.035
2018-03-09 12:56:17,349:INFO: - Eval metrics : accuracy: 0.931 ; loss: 0.244
2018-03-09 12:56:17,730:INFO: Epoch 151/200
2018-03-09 13:00:07,793:INFO: - Train metrics: accuracy: 0.982 ; loss: 0.052
2018-03-09 13:00:18,198:INFO: - Eval metrics : accuracy: 0.921 ; loss: 0.304
2018-03-09 13:00:18,570:INFO: Epoch 152/200
2018-03-09 13:04:08,620:INFO: - Train metrics: accuracy: 0.988 ; loss: 0.043
2018-03-09 13:04:19,001:INFO: - Eval metrics : accuracy: 0.913 ; loss: 0.313
2018-03-09 13:04:19,383:INFO: Epoch 153/200
2018-03-09 13:08:09,279:INFO: - Train metrics: accuracy: 0.988 ; loss: 0.036
2018-03-09 13:08:19,678:INFO: - Eval metrics : accuracy: 0.926 ; loss: 0.256
2018-03-09 13:08:20,067:INFO: Epoch 154/200
2018-03-09 13:12:10,059:INFO: - Train metrics: accuracy: 0.990 ; loss: 0.040
2018-03-09 13:12:20,457:INFO: - Eval metrics : accuracy: 0.927 ; loss: 0.275
2018-03-09 13:12:20,834:INFO: Epoch 155/200
2018-03-09 13:16:10,872:INFO: - Train metrics: accuracy: 0.984 ; loss: 0.050
2018-03-09 13:16:21,288:INFO: - Eval metrics : accuracy: 0.924 ; loss: 0.284
2018-03-09 13:16:21,676:INFO: Epoch 156/200
2018-03-09 13:20:11,614:INFO: - Train metrics: accuracy: 0.996 ; loss: 0.024
2018-03-09 13:20:22,010:INFO: - Eval metrics : accuracy: 0.927 ; loss: 0.253
2018-03-09 13:20:22,492:INFO: Epoch 157/200
2018-03-09 13:24:12,498:INFO: - Train metrics: accuracy: 0.988 ; loss: 0.041
2018-03-09 13:24:22,899:INFO: - Eval metrics : accuracy: 0.934 ; loss: 0.243
2018-03-09 13:24:23,283:INFO: Epoch 158/200
2018-03-09 13:28:13,195:INFO: - Train metrics: accuracy: 0.984 ; loss: 0.044
2018-03-09 13:28:23,568:INFO: - Eval metrics : accuracy: 0.923 ; loss: 0.284
2018-03-09 13:28:23,944:INFO: Epoch 159/200
2018-03-09 13:32:13,943:INFO: - Train metrics: accuracy: 0.988 ; loss: 0.038
2018-03-09 13:32:24,347:INFO: - Eval metrics : accuracy: 0.927 ; loss: 0.263
2018-03-09 13:32:24,725:INFO: Epoch 160/200
2018-03-09 13:36:14,864:INFO: - Train metrics: accuracy: 0.980 ; loss: 0.055
2018-03-09 13:36:25,264:INFO: - Eval metrics : accuracy: 0.914 ; loss: 0.309
2018-03-09 13:36:25,676:INFO: Epoch 161/200
2018-03-09 13:40:15,763:INFO: - Train metrics: accuracy: 0.986 ; loss: 0.048
2018-03-09 13:40:26,147:INFO: - Eval metrics : accuracy: 0.927 ; loss: 0.253
2018-03-09 13:40:26,531:INFO: Epoch 162/200
2018-03-09 13:44:16,579:INFO: - Train metrics: accuracy: 0.992 ; loss: 0.024
2018-03-09 13:44:26,975:INFO: - Eval metrics : accuracy: 0.927 ; loss: 0.279
2018-03-09 13:44:27,366:INFO: Epoch 163/200
2018-03-09 13:48:17,570:INFO: - Train metrics: accuracy: 0.988 ; loss: 0.033
2018-03-09 13:48:27,999:INFO: - Eval metrics : accuracy: 0.920 ; loss: 0.308
2018-03-09 13:48:28,390:INFO: Epoch 164/200
2018-03-09 13:52:18,509:INFO: - Train metrics: accuracy: 0.988 ; loss: 0.045
2018-03-09 13:52:28,908:INFO: - Eval metrics : accuracy: 0.924 ; loss: 0.264
2018-03-09 13:52:29,305:INFO: Epoch 165/200
2018-03-09 13:56:19,443:INFO: - Train metrics: accuracy: 0.977 ; loss: 0.065
2018-03-09 13:56:29,853:INFO: - Eval metrics : accuracy: 0.934 ; loss: 0.242
2018-03-09 13:56:30,246:INFO: Epoch 166/200
2018-03-09 14:00:20,414:INFO: - Train metrics: accuracy: 0.992 ; loss: 0.027
2018-03-09 14:00:30,815:INFO: - Eval metrics : accuracy: 0.928 ; loss: 0.261
2018-03-09 14:00:31,205:INFO: Epoch 167/200
2018-03-09 14:04:21,378:INFO: - Train metrics: accuracy: 0.986 ; loss: 0.052
2018-03-09 14:04:31,783:INFO: - Eval metrics : accuracy: 0.927 ; loss: 0.271
2018-03-09 14:04:32,177:INFO: Epoch 168/200
2018-03-09 14:08:22,355:INFO: - Train metrics: accuracy: 0.990 ; loss: 0.030
2018-03-09 14:08:32,743:INFO: - Eval metrics : accuracy: 0.928 ; loss: 0.260
2018-03-09 14:08:33,116:INFO: Epoch 169/200
2018-03-09 14:12:23,277:INFO: - Train metrics: accuracy: 0.984 ; loss: 0.052
2018-03-09 14:12:33,656:INFO: - Eval metrics : accuracy: 0.923 ; loss: 0.268
2018-03-09 14:12:34,053:INFO: Epoch 170/200
2018-03-09 14:16:24,180:INFO: - Train metrics: accuracy: 0.990 ; loss: 0.031
2018-03-09 14:16:34,585:INFO: - Eval metrics : accuracy: 0.918 ; loss: 0.311
2018-03-09 14:16:34,965:INFO: Epoch 171/200
2018-03-09 14:20:25,066:INFO: - Train metrics: accuracy: 0.988 ; loss: 0.039
2018-03-09 14:20:35,475:INFO: - Eval metrics : accuracy: 0.922 ; loss: 0.282
2018-03-09 14:20:35,859:INFO: Epoch 172/200
2018-03-09 14:24:26,065:INFO: - Train metrics: accuracy: 0.980 ; loss: 0.045
2018-03-09 14:24:36,436:INFO: - Eval metrics : accuracy: 0.923 ; loss: 0.282
2018-03-09 14:24:36,828:INFO: Epoch 173/200
2018-03-09 14:28:26,911:INFO: - Train metrics: accuracy: 0.979 ; loss: 0.071
2018-03-09 14:28:37,284:INFO: - Eval metrics : accuracy: 0.920 ; loss: 0.294
2018-03-09 14:28:37,668:INFO: Epoch 174/200
2018-03-09 14:32:27,719:INFO: - Train metrics: accuracy: 0.986 ; loss: 0.038
2018-03-09 14:32:38,122:INFO: - Eval metrics : accuracy: 0.907 ; loss: 0.342
2018-03-09 14:32:38,499:INFO: Epoch 175/200
2018-03-09 14:36:28,685:INFO: - Train metrics: accuracy: 0.986 ; loss: 0.042
2018-03-09 14:36:39,110:INFO: - Eval metrics : accuracy: 0.927 ; loss: 0.261
2018-03-09 14:36:39,491:INFO: Epoch 176/200
2018-03-09 14:40:29,665:INFO: - Train metrics: accuracy: 0.988 ; loss: 0.062
2018-03-09 14:40:40,072:INFO: - Eval metrics : accuracy: 0.924 ; loss: 0.276
2018-03-09 14:40:40,466:INFO: Epoch 177/200
2018-03-09 14:44:30,616:INFO: - Train metrics: accuracy: 0.990 ; loss: 0.036
2018-03-09 14:44:41,019:INFO: - Eval metrics : accuracy: 0.922 ; loss: 0.280
2018-03-09 14:44:41,418:INFO: Epoch 178/200
2018-03-09 14:48:31,631:INFO: - Train metrics: accuracy: 0.979 ; loss: 0.064
2018-03-09 14:48:42,057:INFO: - Eval metrics : accuracy: 0.920 ; loss: 0.289
2018-03-09 14:48:42,456:INFO: Epoch 179/200
2018-03-09 14:52:32,702:INFO: - Train metrics: accuracy: 0.973 ; loss: 0.070
2018-03-09 14:52:43,125:INFO: - Eval metrics : accuracy: 0.919 ; loss: 0.317
2018-03-09 14:52:43,515:INFO: Epoch 180/200
2018-03-09 14:56:33,718:INFO: - Train metrics: accuracy: 0.984 ; loss: 0.048
2018-03-09 14:56:44,116:INFO: - Eval metrics : accuracy: 0.923 ; loss: 0.282
2018-03-09 14:56:44,499:INFO: Epoch 181/200
2018-03-09 15:00:34,649:INFO: - Train metrics: accuracy: 0.986 ; loss: 0.033
2018-03-09 15:00:45,063:INFO: - Eval metrics : accuracy: 0.931 ; loss: 0.250
2018-03-09 15:00:45,451:INFO: Epoch 182/200
2018-03-09 15:04:35,625:INFO: - Train metrics: accuracy: 0.980 ; loss: 0.040
2018-03-09 15:04:46,049:INFO: - Eval metrics : accuracy: 0.925 ; loss: 0.278
2018-03-09 15:04:46,461:INFO: Epoch 183/200
2018-03-09 15:08:36,756:INFO: - Train metrics: accuracy: 0.982 ; loss: 0.046
2018-03-09 15:08:47,186:INFO: - Eval metrics : accuracy: 0.924 ; loss: 0.280
2018-03-09 15:08:47,698:INFO: Epoch 184/200
2018-03-09 15:12:38,061:INFO: - Train metrics: accuracy: 0.979 ; loss: 0.066
2018-03-09 15:12:48,459:INFO: - Eval metrics : accuracy: 0.930 ; loss: 0.273
2018-03-09 15:12:48,839:INFO: Epoch 185/200
2018-03-09 15:16:39,147:INFO: - Train metrics: accuracy: 0.975 ; loss: 0.062
2018-03-09 15:16:49,546:INFO: - Eval metrics : accuracy: 0.926 ; loss: 0.270
2018-03-09 15:16:49,937:INFO: Epoch 186/200
2018-03-09 15:20:40,191:INFO: - Train metrics: accuracy: 0.986 ; loss: 0.036
2018-03-09 15:20:50,613:INFO: - Eval metrics : accuracy: 0.925 ; loss: 0.269
2018-03-09 15:20:51,013:INFO: Epoch 187/200
2018-03-09 15:24:41,401:INFO: - Train metrics: accuracy: 0.988 ; loss: 0.033
2018-03-09 15:24:51,797:INFO: - Eval metrics : accuracy: 0.927 ; loss: 0.271
2018-03-09 15:24:52,173:INFO: Epoch 188/200
2018-03-09 15:28:42,389:INFO: - Train metrics: accuracy: 0.992 ; loss: 0.034
2018-03-09 15:28:52,795:INFO: - Eval metrics : accuracy: 0.925 ; loss: 0.277
2018-03-09 15:28:53,179:INFO: Epoch 189/200
2018-03-09 15:32:43,390:INFO: - Train metrics: accuracy: 0.979 ; loss: 0.050
2018-03-09 15:32:53,792:INFO: - Eval metrics : accuracy: 0.923 ; loss: 0.289
2018-03-09 15:32:54,167:INFO: Epoch 190/200
2018-03-09 15:36:44,365:INFO: - Train metrics: accuracy: 0.982 ; loss: 0.055
2018-03-09 15:36:54,786:INFO: - Eval metrics : accuracy: 0.921 ; loss: 0.287
2018-03-09 15:36:55,171:INFO: Epoch 191/200
2018-03-09 15:40:45,458:INFO: - Train metrics: accuracy: 0.994 ; loss: 0.039
2018-03-09 15:40:55,871:INFO: - Eval metrics : accuracy: 0.924 ; loss: 0.283
2018-03-09 15:40:56,257:INFO: Epoch 192/200
2018-03-09 15:44:46,469:INFO: - Train metrics: accuracy: 0.982 ; loss: 0.050
2018-03-09 15:44:56,882:INFO: - Eval metrics : accuracy: 0.918 ; loss: 0.312
2018-03-09 15:44:57,288:INFO: Epoch 193/200
2018-03-09 15:48:47,467:INFO: - Train metrics: accuracy: 0.979 ; loss: 0.044
2018-03-09 15:48:57,862:INFO: - Eval metrics : accuracy: 0.916 ; loss: 0.308
2018-03-09 15:48:58,245:INFO: Epoch 194/200
2018-03-09 15:52:48,481:INFO: - Train metrics: accuracy: 0.982 ; loss: 0.050
2018-03-09 15:52:58,870:INFO: - Eval metrics : accuracy: 0.925 ; loss: 0.282
2018-03-09 15:52:59,275:INFO: Epoch 195/200
2018-03-09 15:56:49,569:INFO: - Train metrics: accuracy: 0.980 ; loss: 0.041
2018-03-09 15:56:59,970:INFO: - Eval metrics : accuracy: 0.927 ; loss: 0.255
2018-03-09 15:57:00,353:INFO: Epoch 196/200
2018-03-09 16:00:50,626:INFO: - Train metrics: accuracy: 0.986 ; loss: 0.043
2018-03-09 16:01:01,033:INFO: - Eval metrics : accuracy: 0.925 ; loss: 0.279
2018-03-09 16:01:01,415:INFO: Epoch 197/200
2018-03-09 16:04:51,722:INFO: - Train metrics: accuracy: 0.996 ; loss: 0.020
2018-03-09 16:05:02,131:INFO: - Eval metrics : accuracy: 0.929 ; loss: 0.245
2018-03-09 16:05:02,510:INFO: Epoch 198/200
2018-03-09 16:08:52,734:INFO: - Train metrics: accuracy: 0.996 ; loss: 0.023
2018-03-09 16:09:03,116:INFO: - Eval metrics : accuracy: 0.917 ; loss: 0.308
2018-03-09 16:09:03,496:INFO: Epoch 199/200
2018-03-09 16:12:53,670:INFO: - Train metrics: accuracy: 0.986 ; loss: 0.038
2018-03-09 16:13:04,081:INFO: - Eval metrics : accuracy: 0.914 ; loss: 0.320
2018-03-09 16:13:04,462:INFO: Epoch 200/200
2018-03-09 16:16:54,650:INFO: - Train metrics: accuracy: 0.977 ; loss: 0.063
2018-03-09 16:17:05,074:INFO: - Eval metrics : accuracy: 0.921 ; loss: 0.289
2019-12-07 02:27:48,287:INFO: Loading the datasets...
2019-12-07 02:28:00,888:INFO: - done.
2019-12-07 02:28:15,186:INFO: Starting training for 200 epoch(s)
2019-12-07 02:28:15,205:INFO: Epoch 1/200
2019-12-07 02:34:11,517:INFO: Loading the datasets...
2019-12-07 02:34:15,763:INFO: - done.
2019-12-07 02:34:20,477:INFO: Starting training for 200 epoch(s)
2019-12-07 02:34:20,480:INFO: Epoch 1/200
2019-12-07 02:35:14,444:INFO: Loading the datasets...
2019-12-07 02:35:17,328:INFO: - done.
2019-12-07 02:35:21,974:INFO: Starting training for 200 epoch(s)
2019-12-07 02:35:21,975:INFO: Epoch 1/200
2019-12-07 02:37:32,262:INFO: Loading the datasets...
2019-12-07 02:37:35,145:INFO: - done.
2019-12-07 02:37:39,796:INFO: Starting training for 200 epoch(s)
2019-12-07 02:37:39,797:INFO: Epoch 1/200
2019-12-07 02:47:13,572:INFO: Loading the datasets...
2019-12-07 02:47:16,462:INFO: - done.
2019-12-07 02:47:21,092:INFO: Starting training for 200 epoch(s)
2019-12-07 02:47:21,093:INFO: Epoch 1/200
2019-12-07 02:47:54,435:INFO: - Train metrics: accuracy: 0.258 ; loss: 1.939
2019-12-07 02:47:57,043:INFO: - Eval metrics : accuracy: 0.442 ; loss: 1.548
2019-12-07 02:47:59,430:INFO: - Found new best accuracy
2019-12-07 02:47:59,433:INFO: Epoch 2/200
2019-12-07 02:48:32,893:INFO: - Train metrics: accuracy: 0.490 ; loss: 1.397
2019-12-07 02:48:35,498:INFO: - Eval metrics : accuracy: 0.563 ; loss: 1.214
2019-12-07 02:48:37,939:INFO: - Found new best accuracy
2019-12-07 02:48:37,943:INFO: Epoch 3/200
2019-12-07 02:49:11,292:INFO: - Train metrics: accuracy: 0.660 ; loss: 0.959
2019-12-07 02:49:13,904:INFO: - Eval metrics : accuracy: 0.570 ; loss: 1.246
2019-12-07 02:49:16,334:INFO: - Found new best accuracy
2019-12-07 02:49:16,337:INFO: Epoch 4/200
2019-12-07 02:49:49,765:INFO: - Train metrics: accuracy: 0.678 ; loss: 0.963
2019-12-07 02:49:52,349:INFO: - Eval metrics : accuracy: 0.680 ; loss: 0.922
2019-12-07 02:49:54,779:INFO: - Found new best accuracy
2019-12-07 02:49:54,782:INFO: Epoch 5/200
2019-12-07 02:50:28,270:INFO: - Train metrics: accuracy: 0.746 ; loss: 0.755
2019-12-07 02:50:30,832:INFO: - Eval metrics : accuracy: 0.735 ; loss: 0.759
2019-12-07 02:50:33,268:INFO: - Found new best accuracy
2019-12-07 02:50:33,271:INFO: Epoch 6/200
2019-12-07 02:51:06,667:INFO: - Train metrics: accuracy: 0.805 ; loss: 0.585
2019-12-07 02:51:09,282:INFO: - Eval metrics : accuracy: 0.735 ; loss: 0.778
2019-12-07 02:51:11,712:INFO: - Found new best accuracy
2019-12-07 02:51:11,715:INFO: Epoch 7/200
2019-12-07 02:51:45,191:INFO: - Train metrics: accuracy: 0.775 ; loss: 0.586
2019-12-07 02:51:47,806:INFO: - Eval metrics : accuracy: 0.783 ; loss: 0.623
2019-12-07 02:51:50,238:INFO: - Found new best accuracy
2019-12-07 02:51:50,241:INFO: Epoch 8/200
2019-12-07 02:52:23,546:INFO: - Train metrics: accuracy: 0.814 ; loss: 0.536
2019-12-07 02:52:26,138:INFO: - Eval metrics : accuracy: 0.719 ; loss: 0.846
2019-12-07 02:52:27,000:INFO: Epoch 9/200
2019-12-07 02:53:01,116:INFO: - Train metrics: accuracy: 0.846 ; loss: 0.463
2019-12-07 02:53:03,719:INFO: - Eval metrics : accuracy: 0.713 ; loss: 0.934
2019-12-07 02:53:04,587:INFO: Epoch 10/200
2019-12-07 02:53:38,226:INFO: - Train metrics: accuracy: 0.812 ; loss: 0.544
2019-12-07 02:53:40,813:INFO: - Eval metrics : accuracy: 0.797 ; loss: 0.599
2019-12-07 02:53:43,243:INFO: - Found new best accuracy
2019-12-07 02:53:43,246:INFO: Epoch 11/200
2019-12-07 02:54:16,637:INFO: - Train metrics: accuracy: 0.834 ; loss: 0.499
2019-12-07 02:54:19,266:INFO: - Eval metrics : accuracy: 0.787 ; loss: 0.658
2019-12-07 02:54:20,133:INFO: Epoch 12/200
2019-12-07 02:54:53,442:INFO: - Train metrics: accuracy: 0.828 ; loss: 0.513
2019-12-07 02:54:56,041:INFO: - Eval metrics : accuracy: 0.695 ; loss: 0.959
2019-12-07 02:54:56,902:INFO: Epoch 13/200
2019-12-07 02:55:30,182:INFO: - Train metrics: accuracy: 0.854 ; loss: 0.463
2019-12-07 02:55:32,805:INFO: - Eval metrics : accuracy: 0.810 ; loss: 0.607
2019-12-07 02:55:35,237:INFO: - Found new best accuracy
2019-12-07 02:55:35,239:INFO: Epoch 14/200
2019-12-07 02:56:08,574:INFO: - Train metrics: accuracy: 0.850 ; loss: 0.398
2019-12-07 02:56:11,156:INFO: - Eval metrics : accuracy: 0.822 ; loss: 0.523
2019-12-07 02:56:13,584:INFO: - Found new best accuracy
2019-12-07 02:56:13,586:INFO: Epoch 15/200
2019-12-07 02:56:46,994:INFO: - Train metrics: accuracy: 0.852 ; loss: 0.439
2019-12-07 02:56:49,597:INFO: - Eval metrics : accuracy: 0.813 ; loss: 0.587
2019-12-07 02:56:50,462:INFO: Epoch 16/200
2019-12-07 02:57:23,741:INFO: - Train metrics: accuracy: 0.871 ; loss: 0.381
2019-12-07 02:57:26,348:INFO: - Eval metrics : accuracy: 0.824 ; loss: 0.520
2019-12-07 02:57:28,776:INFO: - Found new best accuracy
2019-12-07 02:57:28,779:INFO: Epoch 17/200
2019-12-07 02:58:02,470:INFO: - Train metrics: accuracy: 0.861 ; loss: 0.421
2019-12-07 02:58:05,069:INFO: - Eval metrics : accuracy: 0.821 ; loss: 0.527
2019-12-07 02:58:05,936:INFO: Epoch 18/200
2019-12-07 02:58:39,296:INFO: - Train metrics: accuracy: 0.885 ; loss: 0.379
2019-12-07 02:58:41,900:INFO: - Eval metrics : accuracy: 0.836 ; loss: 0.498
2019-12-07 02:58:44,338:INFO: - Found new best accuracy
2019-12-07 02:58:44,340:INFO: Epoch 19/200
2019-12-07 02:59:17,796:INFO: - Train metrics: accuracy: 0.865 ; loss: 0.396
2019-12-07 02:59:20,419:INFO: - Eval metrics : accuracy: 0.812 ; loss: 0.552
2019-12-07 02:59:21,285:INFO: Epoch 20/200
2019-12-07 02:59:54,731:INFO: - Train metrics: accuracy: 0.863 ; loss: 0.409
2019-12-07 02:59:57,317:INFO: - Eval metrics : accuracy: 0.821 ; loss: 0.526
2019-12-07 02:59:58,189:INFO: Epoch 21/200
2019-12-07 03:00:31,568:INFO: - Train metrics: accuracy: 0.852 ; loss: 0.432
2019-12-07 03:00:34,179:INFO: - Eval metrics : accuracy: 0.831 ; loss: 0.521
2019-12-07 03:00:35,048:INFO: Epoch 22/200
2019-12-07 03:01:08,407:INFO: - Train metrics: accuracy: 0.854 ; loss: 0.379
2019-12-07 03:01:11,043:INFO: - Eval metrics : accuracy: 0.807 ; loss: 0.609
2019-12-07 03:01:11,908:INFO: Epoch 23/200
2019-12-07 03:01:45,420:INFO: - Train metrics: accuracy: 0.908 ; loss: 0.303
2019-12-07 03:01:48,033:INFO: - Eval metrics : accuracy: 0.826 ; loss: 0.545
2019-12-07 03:01:48,896:INFO: Epoch 24/200
2019-12-07 03:02:22,178:INFO: - Train metrics: accuracy: 0.896 ; loss: 0.313
2019-12-07 03:02:24,797:INFO: - Eval metrics : accuracy: 0.836 ; loss: 0.509
2019-12-07 03:02:27,227:INFO: - Found new best accuracy
2019-12-07 03:02:27,229:INFO: Epoch 25/200
2019-12-07 03:03:00,618:INFO: - Train metrics: accuracy: 0.854 ; loss: 0.450
2019-12-07 03:03:03,225:INFO: - Eval metrics : accuracy: 0.844 ; loss: 0.467
2019-12-07 03:03:05,658:INFO: - Found new best accuracy
2019-12-07 03:03:05,661:INFO: Epoch 26/200
2019-12-07 03:03:39,044:INFO: - Train metrics: accuracy: 0.879 ; loss: 0.316
2019-12-07 03:03:41,603:INFO: - Eval metrics : accuracy: 0.800 ; loss: 0.620
2019-12-07 03:03:42,465:INFO: Epoch 27/200
2019-12-07 03:04:15,880:INFO: - Train metrics: accuracy: 0.895 ; loss: 0.307
2019-12-07 03:04:18,484:INFO: - Eval metrics : accuracy: 0.798 ; loss: 0.659
2019-12-07 03:04:19,350:INFO: Epoch 28/200
2019-12-07 03:04:52,712:INFO: - Train metrics: accuracy: 0.865 ; loss: 0.401
2019-12-07 03:04:55,312:INFO: - Eval metrics : accuracy: 0.803 ; loss: 0.597
2019-12-07 03:04:56,284:INFO: Epoch 29/200
2019-12-07 03:05:29,669:INFO: - Train metrics: accuracy: 0.887 ; loss: 0.332
2019-12-07 03:05:32,239:INFO: - Eval metrics : accuracy: 0.801 ; loss: 0.618
2019-12-07 03:05:33,117:INFO: Epoch 30/200
2019-12-07 03:06:06,479:INFO: - Train metrics: accuracy: 0.881 ; loss: 0.343
2019-12-07 03:06:09,096:INFO: - Eval metrics : accuracy: 0.822 ; loss: 0.549
2019-12-07 03:06:09,962:INFO: Epoch 31/200
2019-12-07 03:06:43,406:INFO: - Train metrics: accuracy: 0.852 ; loss: 0.373
2019-12-07 03:06:46,026:INFO: - Eval metrics : accuracy: 0.866 ; loss: 0.397
2019-12-07 03:06:48,476:INFO: - Found new best accuracy
2019-12-07 03:06:48,577:INFO: Epoch 32/200
2019-12-07 03:07:21,886:INFO: - Train metrics: accuracy: 0.873 ; loss: 0.368
2019-12-07 03:07:24,494:INFO: - Eval metrics : accuracy: 0.853 ; loss: 0.446
2019-12-07 03:07:25,357:INFO: Epoch 33/200
2019-12-07 03:07:58,753:INFO: - Train metrics: accuracy: 0.900 ; loss: 0.320
2019-12-07 03:08:01,376:INFO: - Eval metrics : accuracy: 0.851 ; loss: 0.446
2019-12-07 03:08:02,244:INFO: Epoch 34/200
2019-12-07 03:08:35,532:INFO: - Train metrics: accuracy: 0.881 ; loss: 0.345
2019-12-07 03:08:38,133:INFO: - Eval metrics : accuracy: 0.812 ; loss: 0.568
2019-12-07 03:08:38,995:INFO: Epoch 35/200
2019-12-07 03:09:12,363:INFO: - Train metrics: accuracy: 0.889 ; loss: 0.335
2019-12-07 03:09:14,973:INFO: - Eval metrics : accuracy: 0.837 ; loss: 0.506
2019-12-07 03:09:15,944:INFO: Epoch 36/200
2019-12-07 03:09:49,433:INFO: - Train metrics: accuracy: 0.885 ; loss: 0.388
2019-12-07 03:09:52,045:INFO: - Eval metrics : accuracy: 0.777 ; loss: 0.691
2019-12-07 03:09:52,917:INFO: Epoch 37/200
2019-12-07 03:10:26,320:INFO: - Train metrics: accuracy: 0.867 ; loss: 0.388
2019-12-07 03:10:28,958:INFO: - Eval metrics : accuracy: 0.825 ; loss: 0.523
2019-12-07 03:10:29,832:INFO: Epoch 38/200
2019-12-07 03:11:03,287:INFO: - Train metrics: accuracy: 0.900 ; loss: 0.266
2019-12-07 03:11:05,855:INFO: - Eval metrics : accuracy: 0.796 ; loss: 0.658
2019-12-07 03:11:06,717:INFO: Epoch 39/200
2019-12-07 03:11:40,087:INFO: - Train metrics: accuracy: 0.895 ; loss: 0.312
2019-12-07 03:11:42,693:INFO: - Eval metrics : accuracy: 0.853 ; loss: 0.433
2019-12-07 03:11:43,557:INFO: Epoch 40/200
2019-12-07 03:12:16,909:INFO: - Train metrics: accuracy: 0.885 ; loss: 0.347
2019-12-07 03:12:19,532:INFO: - Eval metrics : accuracy: 0.861 ; loss: 0.419
2019-12-07 03:12:20,394:INFO: Epoch 41/200
2019-12-07 03:12:53,818:INFO: - Train metrics: accuracy: 0.902 ; loss: 0.293
2019-12-07 03:12:56,438:INFO: - Eval metrics : accuracy: 0.844 ; loss: 0.465
2019-12-07 03:12:57,302:INFO: Epoch 42/200
2019-12-07 03:13:30,678:INFO: - Train metrics: accuracy: 0.875 ; loss: 0.365
2019-12-07 03:13:33,278:INFO: - Eval metrics : accuracy: 0.844 ; loss: 0.485
2019-12-07 03:13:34,139:INFO: Epoch 43/200
2019-12-07 03:14:07,420:INFO: - Train metrics: accuracy: 0.871 ; loss: 0.365
2019-12-07 03:14:10,042:INFO: - Eval metrics : accuracy: 0.812 ; loss: 0.590
2019-12-07 03:14:10,911:INFO: Epoch 44/200
2019-12-07 03:14:44,302:INFO: - Train metrics: accuracy: 0.895 ; loss: 0.295
2019-12-07 03:14:46,898:INFO: - Eval metrics : accuracy: 0.834 ; loss: 0.496
2019-12-07 03:14:47,763:INFO: Epoch 45/200
2019-12-07 03:15:21,238:INFO: - Train metrics: accuracy: 0.875 ; loss: 0.365
2019-12-07 03:15:23,836:INFO: - Eval metrics : accuracy: 0.865 ; loss: 0.413
2019-12-07 03:15:24,703:INFO: Epoch 46/200
2019-12-07 03:15:58,001:INFO: - Train metrics: accuracy: 0.895 ; loss: 0.316
2019-12-07 03:16:00,594:INFO: - Eval metrics : accuracy: 0.850 ; loss: 0.463
2019-12-07 03:16:01,458:INFO: Epoch 47/200
2019-12-07 03:16:34,819:INFO: - Train metrics: accuracy: 0.887 ; loss: 0.353
2019-12-07 03:16:37,430:INFO: - Eval metrics : accuracy: 0.784 ; loss: 0.733
2019-12-07 03:16:38,294:INFO: Epoch 48/200
2019-12-07 03:17:11,644:INFO: - Train metrics: accuracy: 0.861 ; loss: 0.355
2019-12-07 03:17:14,238:INFO: - Eval metrics : accuracy: 0.822 ; loss: 0.586
2019-12-07 03:17:15,101:INFO: Epoch 49/200
2019-12-07 03:17:50,318:INFO: - Train metrics: accuracy: 0.883 ; loss: 0.317
2019-12-07 03:17:52,902:INFO: - Eval metrics : accuracy: 0.842 ; loss: 0.483
2019-12-07 03:17:53,771:INFO: Epoch 50/200
2019-12-07 03:18:27,075:INFO: - Train metrics: accuracy: 0.930 ; loss: 0.245
2019-12-07 03:18:29,675:INFO: - Eval metrics : accuracy: 0.819 ; loss: 0.562
2019-12-07 03:18:30,538:INFO: Epoch 51/200
2019-12-07 03:19:03,767:INFO: - Train metrics: accuracy: 0.873 ; loss: 0.397
2019-12-07 03:19:06,318:INFO: - Eval metrics : accuracy: 0.810 ; loss: 0.585
2019-12-07 03:19:07,183:INFO: Epoch 52/200
2019-12-07 03:19:40,757:INFO: - Train metrics: accuracy: 0.893 ; loss: 0.316
2019-12-07 03:19:43,344:INFO: - Eval metrics : accuracy: 0.797 ; loss: 0.677
2019-12-07 03:19:44,208:INFO: Epoch 53/200
2019-12-07 03:20:17,481:INFO: - Train metrics: accuracy: 0.904 ; loss: 0.294
2019-12-07 03:20:20,070:INFO: - Eval metrics : accuracy: 0.839 ; loss: 0.495
2019-12-07 03:20:20,936:INFO: Epoch 54/200
2019-12-07 03:20:54,255:INFO: - Train metrics: accuracy: 0.889 ; loss: 0.330
2019-12-07 03:20:56,842:INFO: - Eval metrics : accuracy: 0.860 ; loss: 0.416
2019-12-07 03:20:57,804:INFO: Epoch 55/200
2019-12-07 03:21:31,121:INFO: - Train metrics: accuracy: 0.881 ; loss: 0.366
2019-12-07 03:21:33,750:INFO: - Eval metrics : accuracy: 0.845 ; loss: 0.461
2019-12-07 03:21:34,616:INFO: Epoch 56/200
2019-12-07 03:22:08,059:INFO: - Train metrics: accuracy: 0.883 ; loss: 0.329
2019-12-07 03:22:10,645:INFO: - Eval metrics : accuracy: 0.846 ; loss: 0.466
2019-12-07 03:22:11,508:INFO: Epoch 57/200
2019-12-07 03:22:44,753:INFO: - Train metrics: accuracy: 0.914 ; loss: 0.266
2019-12-07 03:22:47,320:INFO: - Eval metrics : accuracy: 0.841 ; loss: 0.500
2019-12-07 03:22:48,184:INFO: Epoch 58/200
2019-12-07 03:23:22,025:INFO: - Train metrics: accuracy: 0.889 ; loss: 0.333
2019-12-07 03:23:24,830:INFO: - Eval metrics : accuracy: 0.853 ; loss: 0.439
2019-12-07 03:23:25,693:INFO: Epoch 59/200
2019-12-07 03:23:59,790:INFO: - Train metrics: accuracy: 0.891 ; loss: 0.303
2019-12-07 03:24:02,384:INFO: - Eval metrics : accuracy: 0.859 ; loss: 0.426
2019-12-07 03:24:03,248:INFO: Epoch 60/200
2019-12-07 03:24:36,561:INFO: - Train metrics: accuracy: 0.871 ; loss: 0.352
2019-12-07 03:24:39,093:INFO: - Eval metrics : accuracy: 0.811 ; loss: 0.593
2019-12-07 03:24:39,956:INFO: Epoch 61/200
2019-12-07 03:25:13,290:INFO: - Train metrics: accuracy: 0.891 ; loss: 0.332
2019-12-07 03:25:15,912:INFO: - Eval metrics : accuracy: 0.856 ; loss: 0.434
2019-12-07 03:25:16,777:INFO: Epoch 62/200
2019-12-07 03:25:50,112:INFO: - Train metrics: accuracy: 0.883 ; loss: 0.383
2019-12-07 03:25:52,734:INFO: - Eval metrics : accuracy: 0.799 ; loss: 0.637
2019-12-07 03:25:53,597:INFO: Epoch 63/200
2019-12-07 03:26:26,913:INFO: - Train metrics: accuracy: 0.889 ; loss: 0.325
2019-12-07 03:26:29,500:INFO: - Eval metrics : accuracy: 0.841 ; loss: 0.500
2019-12-07 03:26:30,368:INFO: Epoch 64/200
2019-12-07 03:27:03,752:INFO: - Train metrics: accuracy: 0.877 ; loss: 0.353
2019-12-07 03:27:06,369:INFO: - Eval metrics : accuracy: 0.838 ; loss: 0.498
2019-12-07 03:27:07,235:INFO: Epoch 65/200
2019-12-07 03:27:40,577:INFO: - Train metrics: accuracy: 0.900 ; loss: 0.321
2019-12-07 03:27:43,197:INFO: - Eval metrics : accuracy: 0.843 ; loss: 0.466
2019-12-07 03:27:44,063:INFO: Epoch 66/200
2019-12-07 03:28:17,510:INFO: - Train metrics: accuracy: 0.879 ; loss: 0.360
2019-12-07 03:28:20,102:INFO: - Eval metrics : accuracy: 0.827 ; loss: 0.537
2019-12-07 03:28:21,064:INFO: Epoch 67/200
2019-12-07 03:28:54,386:INFO: - Train metrics: accuracy: 0.904 ; loss: 0.288
2019-12-07 03:28:56,989:INFO: - Eval metrics : accuracy: 0.860 ; loss: 0.421
2019-12-07 03:28:57,854:INFO: Epoch 68/200
2019-12-07 03:29:31,370:INFO: - Train metrics: accuracy: 0.877 ; loss: 0.366
2019-12-07 03:29:33,962:INFO: - Eval metrics : accuracy: 0.856 ; loss: 0.448
2019-12-07 03:29:34,825:INFO: Epoch 69/200
2019-12-07 03:30:08,207:INFO: - Train metrics: accuracy: 0.908 ; loss: 0.269
2019-12-07 03:30:10,829:INFO: - Eval metrics : accuracy: 0.824 ; loss: 0.567
2019-12-07 03:30:11,697:INFO: Epoch 70/200
2019-12-07 03:30:45,120:INFO: - Train metrics: accuracy: 0.916 ; loss: 0.282
2019-12-07 03:30:47,750:INFO: - Eval metrics : accuracy: 0.828 ; loss: 0.541
2019-12-07 03:30:48,616:INFO: Epoch 71/200
2019-12-07 03:31:21,888:INFO: - Train metrics: accuracy: 0.904 ; loss: 0.289
2019-12-07 03:31:24,481:INFO: - Eval metrics : accuracy: 0.835 ; loss: 0.567
2019-12-07 03:31:25,345:INFO: Epoch 72/200
2019-12-07 03:31:58,892:INFO: - Train metrics: accuracy: 0.891 ; loss: 0.327
2019-12-07 03:32:01,513:INFO: - Eval metrics : accuracy: 0.845 ; loss: 0.466
2019-12-07 03:32:02,377:INFO: Epoch 73/200
2019-12-07 03:32:35,752:INFO: - Train metrics: accuracy: 0.893 ; loss: 0.301
2019-12-07 03:32:38,360:INFO: - Eval metrics : accuracy: 0.821 ; loss: 0.559
2019-12-07 03:32:39,226:INFO: Epoch 74/200
2019-12-07 03:33:12,635:INFO: - Train metrics: accuracy: 0.895 ; loss: 0.286
2019-12-07 03:33:15,240:INFO: - Eval metrics : accuracy: 0.814 ; loss: 0.591
2019-12-07 03:33:16,104:INFO: Epoch 75/200
2019-12-07 03:33:49,651:INFO: - Train metrics: accuracy: 0.893 ; loss: 0.323
2019-12-07 03:33:52,272:INFO: - Eval metrics : accuracy: 0.851 ; loss: 0.452
2019-12-07 03:33:53,139:INFO: Epoch 76/200
2019-12-07 03:34:26,627:INFO: - Train metrics: accuracy: 0.887 ; loss: 0.346
2019-12-07 03:34:29,505:INFO: - Eval metrics : accuracy: 0.854 ; loss: 0.443
2019-12-07 03:34:31,465:INFO: Epoch 77/200
2019-12-07 03:35:05,204:INFO: - Train metrics: accuracy: 0.906 ; loss: 0.296
2019-12-07 03:35:08,016:INFO: - Eval metrics : accuracy: 0.857 ; loss: 0.438
2019-12-07 03:35:08,883:INFO: Epoch 78/200
2019-12-07 03:35:42,245:INFO: - Train metrics: accuracy: 0.900 ; loss: 0.302
2019-12-07 03:35:44,859:INFO: - Eval metrics : accuracy: 0.853 ; loss: 0.444
2019-12-07 03:35:45,722:INFO: Epoch 79/200
2019-12-07 03:36:18,983:INFO: - Train metrics: accuracy: 0.906 ; loss: 0.284
2019-12-07 03:36:21,604:INFO: - Eval metrics : accuracy: 0.825 ; loss: 0.562
2019-12-07 03:36:22,469:INFO: Epoch 80/200
2019-12-07 03:36:55,851:INFO: - Train metrics: accuracy: 0.881 ; loss: 0.365
2019-12-07 03:36:58,418:INFO: - Eval metrics : accuracy: 0.844 ; loss: 0.492
2019-12-07 03:36:59,280:INFO: Epoch 81/200
2019-12-07 03:37:32,888:INFO: - Train metrics: accuracy: 0.906 ; loss: 0.283
2019-12-07 03:37:35,494:INFO: - Eval metrics : accuracy: 0.826 ; loss: 0.528
2019-12-07 03:37:36,360:INFO: Epoch 82/200
2019-12-07 03:38:09,768:INFO: - Train metrics: accuracy: 0.893 ; loss: 0.309
2019-12-07 03:38:12,379:INFO: - Eval metrics : accuracy: 0.851 ; loss: 0.449
2019-12-07 03:38:13,242:INFO: Epoch 83/200
2019-12-07 03:38:46,617:INFO: - Train metrics: accuracy: 0.895 ; loss: 0.283
2019-12-07 03:38:49,202:INFO: - Eval metrics : accuracy: 0.841 ; loss: 0.491
2019-12-07 03:38:50,067:INFO: Epoch 84/200
2019-12-07 03:39:23,364:INFO: - Train metrics: accuracy: 0.896 ; loss: 0.336
2019-12-07 03:39:25,954:INFO: - Eval metrics : accuracy: 0.864 ; loss: 0.414
2019-12-07 03:39:26,816:INFO: Epoch 85/200
2019-12-07 03:40:00,145:INFO: - Train metrics: accuracy: 0.896 ; loss: 0.321
2019-12-07 03:40:02,769:INFO: - Eval metrics : accuracy: 0.869 ; loss: 0.410
2019-12-07 03:40:05,205:INFO: - Found new best accuracy
2019-12-07 03:40:05,208:INFO: Epoch 86/200
2019-12-07 03:40:38,879:INFO: - Train metrics: accuracy: 0.914 ; loss: 0.269
2019-12-07 03:40:41,496:INFO: - Eval metrics : accuracy: 0.856 ; loss: 0.422
2019-12-07 03:40:42,359:INFO: Epoch 87/200
2019-12-07 03:41:15,778:INFO: - Train metrics: accuracy: 0.914 ; loss: 0.258
2019-12-07 03:41:18,372:INFO: - Eval metrics : accuracy: 0.845 ; loss: 0.470
2019-12-07 03:41:19,241:INFO: Epoch 88/200
2019-12-07 03:41:52,601:INFO: - Train metrics: accuracy: 0.898 ; loss: 0.298
2019-12-07 03:41:55,219:INFO: - Eval metrics : accuracy: 0.818 ; loss: 0.569
2019-12-07 03:41:56,083:INFO: Epoch 89/200
2019-12-07 03:42:29,443:INFO: - Train metrics: accuracy: 0.885 ; loss: 0.343
2019-12-07 03:42:32,316:INFO: - Eval metrics : accuracy: 0.858 ; loss: 0.434
2019-12-07 03:42:33,582:INFO: Epoch 90/200
2019-12-07 03:43:06,883:INFO: - Train metrics: accuracy: 0.930 ; loss: 0.220
2019-12-07 03:43:09,467:INFO: - Eval metrics : accuracy: 0.852 ; loss: 0.449
2019-12-07 03:43:10,332:INFO: Epoch 91/200
2019-12-07 03:43:43,596:INFO: - Train metrics: accuracy: 0.893 ; loss: 0.343
2019-12-07 03:43:46,183:INFO: - Eval metrics : accuracy: 0.836 ; loss: 0.485
2019-12-07 03:43:47,048:INFO: Epoch 92/200
2019-12-07 03:44:20,388:INFO: - Train metrics: accuracy: 0.885 ; loss: 0.302
2019-12-07 03:44:22,999:INFO: - Eval metrics : accuracy: 0.797 ; loss: 0.616
2019-12-07 03:44:23,864:INFO: Epoch 93/200
2019-12-07 03:44:57,225:INFO: - Train metrics: accuracy: 0.906 ; loss: 0.324
2019-12-07 03:44:59,843:INFO: - Eval metrics : accuracy: 0.856 ; loss: 0.437
2019-12-07 03:45:00,712:INFO: Epoch 94/200
2019-12-07 03:45:34,714:INFO: - Train metrics: accuracy: 0.885 ; loss: 0.318
2019-12-07 03:45:37,327:INFO: - Eval metrics : accuracy: 0.868 ; loss: 0.402
2019-12-07 03:45:38,190:INFO: Epoch 95/200
2019-12-07 03:46:11,536:INFO: - Train metrics: accuracy: 0.895 ; loss: 0.282
2019-12-07 03:46:14,155:INFO: - Eval metrics : accuracy: 0.802 ; loss: 0.651
2019-12-07 03:46:15,019:INFO: Epoch 96/200
2019-12-07 03:46:48,386:INFO: - Train metrics: accuracy: 0.895 ; loss: 0.306
2019-12-07 03:46:50,992:INFO: - Eval metrics : accuracy: 0.852 ; loss: 0.460
2019-12-07 03:46:51,859:INFO: Epoch 97/200
2019-12-07 03:47:25,432:INFO: - Train metrics: accuracy: 0.900 ; loss: 0.303
2019-12-07 03:47:28,043:INFO: - Eval metrics : accuracy: 0.854 ; loss: 0.469
2019-12-07 03:47:28,907:INFO: Epoch 98/200
2019-12-07 03:48:02,345:INFO: - Train metrics: accuracy: 0.871 ; loss: 0.393
2019-12-07 03:48:04,953:INFO: - Eval metrics : accuracy: 0.869 ; loss: 0.392
2019-12-07 03:48:05,816:INFO: Epoch 99/200
2019-12-07 03:48:39,159:INFO: - Train metrics: accuracy: 0.898 ; loss: 0.344
2019-12-07 03:48:41,765:INFO: - Eval metrics : accuracy: 0.806 ; loss: 0.594
2019-12-07 03:48:42,687:INFO: Epoch 100/200
2019-12-07 03:49:16,151:INFO: - Train metrics: accuracy: 0.861 ; loss: 0.406
2019-12-07 03:49:18,750:INFO: - Eval metrics : accuracy: 0.821 ; loss: 0.552
2019-12-07 03:49:19,612:INFO: Epoch 101/200
2019-12-07 03:49:52,947:INFO: - Train metrics: accuracy: 0.893 ; loss: 0.331
2019-12-07 03:49:55,524:INFO: - Eval metrics : accuracy: 0.820 ; loss: 0.553
2019-12-07 03:49:56,389:INFO: Epoch 102/200
2019-12-07 03:50:29,988:INFO: - Train metrics: accuracy: 0.924 ; loss: 0.276
2019-12-07 03:50:32,607:INFO: - Eval metrics : accuracy: 0.821 ; loss: 0.578
2019-12-07 03:50:33,470:INFO: Epoch 103/200
2019-12-07 03:51:06,680:INFO: - Train metrics: accuracy: 0.875 ; loss: 0.335
2019-12-07 03:51:09,293:INFO: - Eval metrics : accuracy: 0.859 ; loss: 0.414
2019-12-07 03:51:10,178:INFO: Epoch 104/200
2019-12-07 03:51:43,569:INFO: - Train metrics: accuracy: 0.904 ; loss: 0.322
2019-12-07 03:51:46,175:INFO: - Eval metrics : accuracy: 0.852 ; loss: 0.452
2019-12-07 03:51:47,040:INFO: Epoch 105/200
2019-12-07 03:52:20,400:INFO: - Train metrics: accuracy: 0.889 ; loss: 0.326
2019-12-07 03:52:23,008:INFO: - Eval metrics : accuracy: 0.839 ; loss: 0.507
2019-12-07 03:52:23,873:INFO: Epoch 106/200
2019-12-07 03:52:57,328:INFO: - Train metrics: accuracy: 0.895 ; loss: 0.311
2019-12-07 03:52:59,945:INFO: - Eval metrics : accuracy: 0.801 ; loss: 0.615
2019-12-07 03:53:00,808:INFO: Epoch 107/200
2019-12-07 03:53:34,331:INFO: - Train metrics: accuracy: 0.910 ; loss: 0.270
2019-12-07 03:53:36,955:INFO: - Eval metrics : accuracy: 0.828 ; loss: 0.523
2019-12-07 03:53:37,820:INFO: Epoch 108/200
2019-12-07 03:54:11,286:INFO: - Train metrics: accuracy: 0.889 ; loss: 0.316
2019-12-07 03:54:13,879:INFO: - Eval metrics : accuracy: 0.836 ; loss: 0.495
2019-12-07 03:54:14,743:INFO: Epoch 109/200
2019-12-07 03:54:48,110:INFO: - Train metrics: accuracy: 0.898 ; loss: 0.300
2019-12-07 03:54:50,700:INFO: - Eval metrics : accuracy: 0.824 ; loss: 0.554
2019-12-07 03:54:51,570:INFO: Epoch 110/200
2019-12-07 03:55:25,276:INFO: - Train metrics: accuracy: 0.902 ; loss: 0.313
2019-12-07 03:55:27,886:INFO: - Eval metrics : accuracy: 0.852 ; loss: 0.486
2019-12-07 03:55:28,749:INFO: Epoch 111/200
2019-12-07 03:56:02,130:INFO: - Train metrics: accuracy: 0.867 ; loss: 0.375
2019-12-07 03:56:04,740:INFO: - Eval metrics : accuracy: 0.865 ; loss: 0.419
2019-12-07 03:56:05,604:INFO: Epoch 112/200
2019-12-07 03:56:38,940:INFO: - Train metrics: accuracy: 0.910 ; loss: 0.242
2019-12-07 03:56:41,561:INFO: - Eval metrics : accuracy: 0.815 ; loss: 0.584
2019-12-07 03:56:42,427:INFO: Epoch 113/200
2019-12-07 03:57:15,759:INFO: - Train metrics: accuracy: 0.879 ; loss: 0.318
2019-12-07 03:57:18,369:INFO: - Eval metrics : accuracy: 0.858 ; loss: 0.423
2019-12-07 03:57:19,235:INFO: Epoch 114/200
2019-12-07 03:57:52,530:INFO: - Train metrics: accuracy: 0.906 ; loss: 0.267
2019-12-07 03:57:55,134:INFO: - Eval metrics : accuracy: 0.843 ; loss: 0.496
2019-12-07 03:57:55,999:INFO: Epoch 115/200
2019-12-07 03:58:29,549:INFO: - Train metrics: accuracy: 0.906 ; loss: 0.310
2019-12-07 03:58:32,159:INFO: - Eval metrics : accuracy: 0.856 ; loss: 0.433
2019-12-07 03:58:33,022:INFO: Epoch 116/200
2019-12-07 03:59:06,355:INFO: - Train metrics: accuracy: 0.902 ; loss: 0.332
2019-12-07 03:59:08,982:INFO: - Eval metrics : accuracy: 0.820 ; loss: 0.572
2019-12-07 03:59:09,865:INFO: Epoch 117/200
2019-12-07 03:59:43,073:INFO: - Train metrics: accuracy: 0.910 ; loss: 0.276
2019-12-07 03:59:45,659:INFO: - Eval metrics : accuracy: 0.849 ; loss: 0.446
2019-12-07 03:59:46,523:INFO: Epoch 118/200
2019-12-07 04:00:19,878:INFO: - Train metrics: accuracy: 0.916 ; loss: 0.287
2019-12-07 04:00:22,455:INFO: - Eval metrics : accuracy: 0.866 ; loss: 0.393
2019-12-07 04:00:23,319:INFO: Epoch 119/200
2019-12-07 04:00:56,613:INFO: - Train metrics: accuracy: 0.877 ; loss: 0.359
2019-12-07 04:00:59,224:INFO: - Eval metrics : accuracy: 0.836 ; loss: 0.503
2019-12-07 04:01:00,091:INFO: Epoch 120/200
2019-12-07 04:01:33,633:INFO: - Train metrics: accuracy: 0.889 ; loss: 0.365
2019-12-07 04:01:36,251:INFO: - Eval metrics : accuracy: 0.829 ; loss: 0.537
2019-12-07 04:01:37,116:INFO: Epoch 121/200
2019-12-07 04:02:10,410:INFO: - Train metrics: accuracy: 0.885 ; loss: 0.300
2019-12-07 04:02:13,034:INFO: - Eval metrics : accuracy: 0.867 ; loss: 0.407
2019-12-07 04:02:13,897:INFO: Epoch 122/200
2019-12-07 04:02:47,168:INFO: - Train metrics: accuracy: 0.893 ; loss: 0.327
2019-12-07 04:02:49,800:INFO: - Eval metrics : accuracy: 0.827 ; loss: 0.572
2019-12-07 04:02:50,664:INFO: Epoch 123/200
2019-12-07 04:03:24,137:INFO: - Train metrics: accuracy: 0.889 ; loss: 0.337
2019-12-07 04:03:26,753:INFO: - Eval metrics : accuracy: 0.849 ; loss: 0.434
2019-12-07 04:03:27,618:INFO: Epoch 124/200
2019-12-07 04:04:00,888:INFO: - Train metrics: accuracy: 0.916 ; loss: 0.245
2019-12-07 04:04:03,480:INFO: - Eval metrics : accuracy: 0.868 ; loss: 0.408
2019-12-07 04:04:04,345:INFO: Epoch 125/200
2019-12-07 04:04:37,624:INFO: - Train metrics: accuracy: 0.908 ; loss: 0.260
2019-12-07 04:04:40,187:INFO: - Eval metrics : accuracy: 0.832 ; loss: 0.553
2019-12-07 04:04:41,050:INFO: Epoch 126/200
2019-12-07 04:05:14,615:INFO: - Train metrics: accuracy: 0.873 ; loss: 0.348
2019-12-07 04:05:17,227:INFO: - Eval metrics : accuracy: 0.839 ; loss: 0.484
2019-12-07 04:05:18,094:INFO: Epoch 127/200
2019-12-07 04:05:51,451:INFO: - Train metrics: accuracy: 0.912 ; loss: 0.245
2019-12-07 04:05:54,034:INFO: - Eval metrics : accuracy: 0.847 ; loss: 0.496
2019-12-07 04:05:54,898:INFO: Epoch 128/200
2019-12-07 04:06:28,405:INFO: - Train metrics: accuracy: 0.908 ; loss: 0.284
2019-12-07 04:06:31,006:INFO: - Eval metrics : accuracy: 0.830 ; loss: 0.507
2019-12-07 04:06:31,871:INFO: Epoch 129/200
2019-12-07 04:07:05,253:INFO: - Train metrics: accuracy: 0.891 ; loss: 0.345
2019-12-07 04:07:07,883:INFO: - Eval metrics : accuracy: 0.856 ; loss: 0.440
2019-12-07 04:07:08,747:INFO: Epoch 130/200
2019-12-07 04:07:42,284:INFO: - Train metrics: accuracy: 0.879 ; loss: 0.332
2019-12-07 04:07:44,894:INFO: - Eval metrics : accuracy: 0.842 ; loss: 0.486
2019-12-07 04:07:45,759:INFO: Epoch 131/200
2019-12-07 04:08:19,084:INFO: - Train metrics: accuracy: 0.898 ; loss: 0.343
2019-12-07 04:08:21,703:INFO: - Eval metrics : accuracy: 0.865 ; loss: 0.416
2019-12-07 04:08:22,567:INFO: Epoch 132/200
2019-12-07 04:08:56,016:INFO: - Train metrics: accuracy: 0.891 ; loss: 0.304
2019-12-07 04:08:58,597:INFO: - Eval metrics : accuracy: 0.858 ; loss: 0.439
2019-12-07 04:08:59,464:INFO: Epoch 133/200
2019-12-07 04:09:32,818:INFO: - Train metrics: accuracy: 0.891 ; loss: 0.318
2019-12-07 04:09:35,393:INFO: - Eval metrics : accuracy: 0.879 ; loss: 0.367
2019-12-07 04:09:37,823:INFO: - Found new best accuracy
2019-12-07 04:09:37,826:INFO: Epoch 134/200
2019-12-07 04:10:11,262:INFO: - Train metrics: accuracy: 0.895 ; loss: 0.334
2019-12-07 04:10:13,823:INFO: - Eval metrics : accuracy: 0.820 ; loss: 0.616
2019-12-07 04:10:14,689:INFO: Epoch 135/200
2019-12-07 04:10:48,075:INFO: - Train metrics: accuracy: 0.857 ; loss: 0.376
2019-12-07 04:10:50,685:INFO: - Eval metrics : accuracy: 0.855 ; loss: 0.435
2019-12-07 04:10:51,548:INFO: Epoch 136/200
2019-12-07 04:11:24,791:INFO: - Train metrics: accuracy: 0.920 ; loss: 0.243
2019-12-07 04:11:27,391:INFO: - Eval metrics : accuracy: 0.822 ; loss: 0.546
2019-12-07 04:11:28,258:INFO: Epoch 137/200
2019-12-07 04:12:01,511:INFO: - Train metrics: accuracy: 0.891 ; loss: 0.320
2019-12-07 04:12:04,137:INFO: - Eval metrics : accuracy: 0.806 ; loss: 0.604
2019-12-07 04:12:05,001:INFO: Epoch 138/200
2019-12-07 04:12:38,411:INFO: - Train metrics: accuracy: 0.885 ; loss: 0.359
2019-12-07 04:12:41,024:INFO: - Eval metrics : accuracy: 0.863 ; loss: 0.399
2019-12-07 04:12:41,889:INFO: Epoch 139/200
2019-12-07 04:13:15,266:INFO: - Train metrics: accuracy: 0.879 ; loss: 0.321
2019-12-07 04:13:17,878:INFO: - Eval metrics : accuracy: 0.841 ; loss: 0.476
2019-12-07 04:13:18,745:INFO: Epoch 140/200
2019-12-07 04:13:52,534:INFO: - Train metrics: accuracy: 0.889 ; loss: 0.370
2019-12-07 04:13:55,145:INFO: - Eval metrics : accuracy: 0.831 ; loss: 0.530
2019-12-07 04:13:56,008:INFO: Epoch 141/200
2019-12-07 04:14:29,540:INFO: - Train metrics: accuracy: 0.871 ; loss: 0.349
2019-12-07 04:14:32,171:INFO: - Eval metrics : accuracy: 0.852 ; loss: 0.440
2019-12-07 04:14:33,132:INFO: Epoch 142/200
2019-12-07 04:15:06,344:INFO: - Train metrics: accuracy: 0.879 ; loss: 0.319
2019-12-07 04:15:08,956:INFO: - Eval metrics : accuracy: 0.858 ; loss: 0.426
2019-12-07 04:15:09,822:INFO: Epoch 143/200
2019-12-07 04:15:43,201:INFO: - Train metrics: accuracy: 0.902 ; loss: 0.281
2019-12-07 04:15:45,809:INFO: - Eval metrics : accuracy: 0.794 ; loss: 0.647
2019-12-07 04:15:46,672:INFO: Epoch 144/200
2019-12-07 04:16:19,924:INFO: - Train metrics: accuracy: 0.912 ; loss: 0.278
2019-12-07 04:16:22,604:INFO: - Eval metrics : accuracy: 0.838 ; loss: 0.470
2019-12-07 04:16:23,469:INFO: Epoch 145/200
2019-12-07 04:16:56,683:INFO: - Train metrics: accuracy: 0.900 ; loss: 0.288
2019-12-07 04:16:59,297:INFO: - Eval metrics : accuracy: 0.841 ; loss: 0.494
2019-12-07 04:17:00,260:INFO: Epoch 146/200
2019-12-07 04:17:33,512:INFO: - Train metrics: accuracy: 0.896 ; loss: 0.296
2019-12-07 04:17:36,135:INFO: - Eval metrics : accuracy: 0.822 ; loss: 0.535
2019-12-07 04:17:36,999:INFO: Epoch 147/200
2019-12-07 04:18:10,485:INFO: - Train metrics: accuracy: 0.916 ; loss: 0.266
2019-12-07 04:18:13,073:INFO: - Eval metrics : accuracy: 0.849 ; loss: 0.451
2019-12-07 04:18:13,936:INFO: Epoch 148/200
2019-12-07 04:18:47,235:INFO: - Train metrics: accuracy: 0.893 ; loss: 0.297
2019-12-07 04:18:49,830:INFO: - Eval metrics : accuracy: 0.825 ; loss: 0.536
2019-12-07 04:18:50,695:INFO: Epoch 149/200
2019-12-07 04:19:24,020:INFO: - Train metrics: accuracy: 0.904 ; loss: 0.287
2019-12-07 04:19:26,649:INFO: - Eval metrics : accuracy: 0.831 ; loss: 0.521
2019-12-07 04:19:27,516:INFO: Epoch 150/200
2019-12-07 04:20:00,829:INFO: - Train metrics: accuracy: 0.953 ; loss: 0.184
2019-12-07 04:20:03,411:INFO: - Eval metrics : accuracy: 0.934 ; loss: 0.203
2019-12-07 04:20:05,851:INFO: - Found new best accuracy
2019-12-07 04:20:05,854:INFO: Epoch 151/200
2019-12-07 04:20:39,216:INFO: - Train metrics: accuracy: 0.971 ; loss: 0.104
2019-12-07 04:20:41,805:INFO: - Eval metrics : accuracy: 0.939 ; loss: 0.191
2019-12-07 04:20:44,243:INFO: - Found new best accuracy
2019-12-07 04:20:44,246:INFO: Epoch 152/200
2019-12-07 04:21:17,618:INFO: - Train metrics: accuracy: 0.977 ; loss: 0.075
2019-12-07 04:21:20,234:INFO: - Eval metrics : accuracy: 0.939 ; loss: 0.187
2019-12-07 04:21:22,667:INFO: - Found new best accuracy
2019-12-07 04:21:22,669:INFO: Epoch 153/200
2019-12-07 04:21:56,069:INFO: - Train metrics: accuracy: 0.980 ; loss: 0.066
2019-12-07 04:21:58,677:INFO: - Eval metrics : accuracy: 0.940 ; loss: 0.184
2019-12-07 04:22:01,110:INFO: - Found new best accuracy
2019-12-07 04:22:01,112:INFO: Epoch 154/200
2019-12-07 04:22:34,448:INFO: - Train metrics: accuracy: 0.984 ; loss: 0.044
2019-12-07 04:22:37,068:INFO: - Eval metrics : accuracy: 0.942 ; loss: 0.186
2019-12-07 04:22:41,653:INFO: - Found new best accuracy
2019-12-07 04:22:41,655:INFO: Epoch 155/200
2019-12-07 04:23:15,376:INFO: - Train metrics: accuracy: 0.971 ; loss: 0.088
2019-12-07 04:23:18,158:INFO: - Eval metrics : accuracy: 0.941 ; loss: 0.189
2019-12-07 04:23:19,021:INFO: Epoch 156/200
2019-12-07 04:23:52,257:INFO: - Train metrics: accuracy: 0.980 ; loss: 0.044
2019-12-07 04:23:54,875:INFO: - Eval metrics : accuracy: 0.941 ; loss: 0.189
2019-12-07 04:23:55,741:INFO: Epoch 157/200
2019-12-07 04:24:28,995:INFO: - Train metrics: accuracy: 0.982 ; loss: 0.054
2019-12-07 04:24:31,601:INFO: - Eval metrics : accuracy: 0.939 ; loss: 0.199
2019-12-07 04:24:32,465:INFO: Epoch 158/200
2019-12-07 04:25:05,725:INFO: - Train metrics: accuracy: 0.990 ; loss: 0.037
2019-12-07 04:25:08,303:INFO: - Eval metrics : accuracy: 0.941 ; loss: 0.194
2019-12-07 04:25:09,167:INFO: Epoch 159/200
2019-12-07 04:25:42,616:INFO: - Train metrics: accuracy: 0.982 ; loss: 0.036
2019-12-07 04:25:45,249:INFO: - Eval metrics : accuracy: 0.943 ; loss: 0.195
2019-12-07 04:25:47,688:INFO: - Found new best accuracy
2019-12-07 04:25:47,690:INFO: Epoch 160/200
2019-12-07 04:26:21,037:INFO: - Train metrics: accuracy: 0.986 ; loss: 0.038
2019-12-07 04:26:23,646:INFO: - Eval metrics : accuracy: 0.941 ; loss: 0.207
2019-12-07 04:26:24,510:INFO: Epoch 161/200
2019-12-07 04:26:57,861:INFO: - Train metrics: accuracy: 0.984 ; loss: 0.039
2019-12-07 04:27:00,454:INFO: - Eval metrics : accuracy: 0.943 ; loss: 0.205
2019-12-07 04:27:02,884:INFO: - Found new best accuracy
2019-12-07 04:27:02,886:INFO: Epoch 162/200
2019-12-07 04:27:36,192:INFO: - Train metrics: accuracy: 0.994 ; loss: 0.019
2019-12-07 04:27:38,815:INFO: - Eval metrics : accuracy: 0.941 ; loss: 0.201
2019-12-07 04:27:39,680:INFO: Epoch 163/200
2019-12-07 04:28:12,953:INFO: - Train metrics: accuracy: 0.994 ; loss: 0.028
2019-12-07 04:28:15,546:INFO: - Eval metrics : accuracy: 0.939 ; loss: 0.214
2019-12-07 04:28:16,411:INFO: Epoch 164/200
2019-12-07 04:28:49,459:INFO: - Train metrics: accuracy: 0.984 ; loss: 0.031
2019-12-07 04:28:52,094:INFO: - Eval metrics : accuracy: 0.939 ; loss: 0.210
2019-12-07 04:28:52,957:INFO: Epoch 165/200
2019-12-07 04:29:26,339:INFO: - Train metrics: accuracy: 0.992 ; loss: 0.038
2019-12-07 04:29:28,946:INFO: - Eval metrics : accuracy: 0.944 ; loss: 0.204
2019-12-07 04:29:31,386:INFO: - Found new best accuracy
2019-12-07 04:29:31,587:INFO: Epoch 166/200
2019-12-07 04:30:05,095:INFO: - Train metrics: accuracy: 0.992 ; loss: 0.023
2019-12-07 04:30:07,694:INFO: - Eval metrics : accuracy: 0.939 ; loss: 0.218
2019-12-07 04:30:08,559:INFO: Epoch 167/200
2019-12-07 04:30:41,803:INFO: - Train metrics: accuracy: 0.988 ; loss: 0.041
2019-12-07 04:30:44,413:INFO: - Eval metrics : accuracy: 0.942 ; loss: 0.208
2019-12-07 04:30:45,310:INFO: Epoch 168/200
2019-12-07 04:31:18,762:INFO: - Train metrics: accuracy: 0.990 ; loss: 0.027
2019-12-07 04:31:21,380:INFO: - Eval metrics : accuracy: 0.940 ; loss: 0.212
2019-12-07 04:31:22,245:INFO: Epoch 169/200
2019-12-07 04:31:55,462:INFO: - Train metrics: accuracy: 0.984 ; loss: 0.038
2019-12-07 04:31:58,066:INFO: - Eval metrics : accuracy: 0.941 ; loss: 0.225
2019-12-07 04:31:58,930:INFO: Epoch 170/200
2019-12-07 04:32:32,449:INFO: - Train metrics: accuracy: 0.994 ; loss: 0.031
2019-12-07 04:32:35,050:INFO: - Eval metrics : accuracy: 0.938 ; loss: 0.220
2019-12-07 04:32:35,917:INFO: Epoch 171/200
2019-12-07 04:33:09,240:INFO: - Train metrics: accuracy: 1.000 ; loss: 0.014
2019-12-07 04:33:11,822:INFO: - Eval metrics : accuracy: 0.936 ; loss: 0.236
2019-12-07 04:33:12,685:INFO: Epoch 172/200
2019-12-07 04:33:45,920:INFO: - Train metrics: accuracy: 0.982 ; loss: 0.051
2019-12-07 04:33:48,547:INFO: - Eval metrics : accuracy: 0.940 ; loss: 0.217
2019-12-07 04:33:49,412:INFO: Epoch 173/200
2019-12-07 04:34:22,578:INFO: - Train metrics: accuracy: 0.992 ; loss: 0.024
2019-12-07 04:34:25,178:INFO: - Eval metrics : accuracy: 0.942 ; loss: 0.207
2019-12-07 04:34:26,042:INFO: Epoch 174/200
2019-12-07 04:34:59,272:INFO: - Train metrics: accuracy: 0.994 ; loss: 0.024
2019-12-07 04:35:01,885:INFO: - Eval metrics : accuracy: 0.935 ; loss: 0.242
2019-12-07 04:35:02,755:INFO: Epoch 175/200
2019-12-07 04:35:36,093:INFO: - Train metrics: accuracy: 0.988 ; loss: 0.035
2019-12-07 04:35:38,667:INFO: - Eval metrics : accuracy: 0.933 ; loss: 0.235
2019-12-07 04:35:39,532:INFO: Epoch 176/200
2019-12-07 04:36:12,791:INFO: - Train metrics: accuracy: 0.992 ; loss: 0.028
2019-12-07 04:36:15,396:INFO: - Eval metrics : accuracy: 0.936 ; loss: 0.231
2019-12-07 04:36:16,261:INFO: Epoch 177/200
2019-12-07 04:36:49,832:INFO: - Train metrics: accuracy: 0.986 ; loss: 0.037
2019-12-07 04:36:52,433:INFO: - Eval metrics : accuracy: 0.939 ; loss: 0.229
2019-12-07 04:36:53,358:INFO: Epoch 178/200
2019-12-07 04:37:26,890:INFO: - Train metrics: accuracy: 0.988 ; loss: 0.043
2019-12-07 04:37:29,457:INFO: - Eval metrics : accuracy: 0.934 ; loss: 0.246
2019-12-07 04:37:30,321:INFO: Epoch 179/200
2019-12-07 04:38:03,620:INFO: - Train metrics: accuracy: 0.992 ; loss: 0.030
2019-12-07 04:38:06,239:INFO: - Eval metrics : accuracy: 0.933 ; loss: 0.238
2019-12-07 04:38:07,102:INFO: Epoch 180/200
2019-12-07 04:38:40,485:INFO: - Train metrics: accuracy: 0.986 ; loss: 0.041
2019-12-07 04:38:43,083:INFO: - Eval metrics : accuracy: 0.932 ; loss: 0.239
2019-12-07 04:38:43,947:INFO: Epoch 181/200
2019-12-07 04:39:17,196:INFO: - Train metrics: accuracy: 0.996 ; loss: 0.025
2019-12-07 04:39:20,056:INFO: - Eval metrics : accuracy: 0.934 ; loss: 0.243
2019-12-07 04:39:20,926:INFO: Epoch 182/200
2019-12-07 04:39:54,216:INFO: - Train metrics: accuracy: 0.969 ; loss: 0.085
2019-12-07 04:39:56,825:INFO: - Eval metrics : accuracy: 0.931 ; loss: 0.245
2019-12-07 04:39:57,692:INFO: Epoch 183/200
2019-12-07 04:40:30,871:INFO: - Train metrics: accuracy: 0.992 ; loss: 0.030
2019-12-07 04:40:33,483:INFO: - Eval metrics : accuracy: 0.932 ; loss: 0.231
2019-12-07 04:40:34,345:INFO: Epoch 184/200
2019-12-07 04:41:07,692:INFO: - Train metrics: accuracy: 0.992 ; loss: 0.042
2019-12-07 04:41:10,284:INFO: - Eval metrics : accuracy: 0.931 ; loss: 0.249
2019-12-07 04:41:11,149:INFO: Epoch 185/200
2019-12-07 04:41:44,446:INFO: - Train metrics: accuracy: 0.980 ; loss: 0.039
2019-12-07 04:41:47,066:INFO: - Eval metrics : accuracy: 0.930 ; loss: 0.251
2019-12-07 04:41:47,931:INFO: Epoch 186/200
2019-12-07 04:42:21,222:INFO: - Train metrics: accuracy: 0.984 ; loss: 0.040
2019-12-07 04:42:23,847:INFO: - Eval metrics : accuracy: 0.929 ; loss: 0.265
2019-12-07 04:42:24,713:INFO: Epoch 187/200
2019-12-07 04:42:58,033:INFO: - Train metrics: accuracy: 0.980 ; loss: 0.045
2019-12-07 04:43:00,642:INFO: - Eval metrics : accuracy: 0.933 ; loss: 0.243
2019-12-07 04:43:01,505:INFO: Epoch 188/200
2019-12-07 04:43:34,801:INFO: - Train metrics: accuracy: 0.975 ; loss: 0.051
2019-12-07 04:43:37,424:INFO: - Eval metrics : accuracy: 0.934 ; loss: 0.230
2019-12-07 04:43:38,290:INFO: Epoch 189/200
2019-12-07 04:44:11,400:INFO: - Train metrics: accuracy: 0.988 ; loss: 0.045
2019-12-07 04:44:13,985:INFO: - Eval metrics : accuracy: 0.932 ; loss: 0.240
2019-12-07 04:44:14,849:INFO: Epoch 190/200
2019-12-07 04:44:48,097:INFO: - Train metrics: accuracy: 0.984 ; loss: 0.062
2019-12-07 04:44:50,706:INFO: - Eval metrics : accuracy: 0.933 ; loss: 0.234
2019-12-07 04:44:51,574:INFO: Epoch 191/200
2019-12-07 04:45:25,111:INFO: - Train metrics: accuracy: 0.988 ; loss: 0.042
2019-12-07 04:45:27,704:INFO: - Eval metrics : accuracy: 0.931 ; loss: 0.248
2019-12-07 04:45:28,568:INFO: Epoch 192/200
2019-12-07 04:46:02,059:INFO: - Train metrics: accuracy: 0.992 ; loss: 0.031
2019-12-07 04:46:04,633:INFO: - Eval metrics : accuracy: 0.930 ; loss: 0.262
2019-12-07 04:46:05,500:INFO: Epoch 193/200
2019-12-07 04:46:38,714:INFO: - Train metrics: accuracy: 0.986 ; loss: 0.036
2019-12-07 04:46:41,331:INFO: - Eval metrics : accuracy: 0.926 ; loss: 0.266
2019-12-07 04:46:42,196:INFO: Epoch 194/200
2019-12-07 04:47:15,619:INFO: - Train metrics: accuracy: 0.994 ; loss: 0.019
2019-12-07 04:47:18,218:INFO: - Eval metrics : accuracy: 0.932 ; loss: 0.241
2019-12-07 04:47:19,081:INFO: Epoch 195/200
2019-12-07 04:47:52,536:INFO: - Train metrics: accuracy: 0.984 ; loss: 0.051
2019-12-07 04:47:55,161:INFO: - Eval metrics : accuracy: 0.937 ; loss: 0.235
2019-12-07 04:47:56,028:INFO: Epoch 196/200
2019-12-07 04:48:29,245:INFO: - Train metrics: accuracy: 0.990 ; loss: 0.033
2019-12-07 04:48:31,854:INFO: - Eval metrics : accuracy: 0.933 ; loss: 0.247
2019-12-07 04:48:32,720:INFO: Epoch 197/200
2019-12-07 04:49:06,134:INFO: - Train metrics: accuracy: 0.992 ; loss: 0.026
2019-12-07 04:49:08,725:INFO: - Eval metrics : accuracy: 0.925 ; loss: 0.275
2019-12-07 04:49:09,591:INFO: Epoch 198/200
2019-12-07 04:49:43,047:INFO: - Train metrics: accuracy: 0.994 ; loss: 0.025
2019-12-07 04:49:45,618:INFO: - Eval metrics : accuracy: 0.924 ; loss: 0.270
2019-12-07 04:49:46,484:INFO: Epoch 199/200
2019-12-07 04:50:19,682:INFO: - Train metrics: accuracy: 0.984 ; loss: 0.041
2019-12-07 04:50:22,294:INFO: - Eval metrics : accuracy: 0.928 ; loss: 0.263
2019-12-07 04:50:23,157:INFO: Epoch 200/200
2019-12-07 04:50:56,348:INFO: - Train metrics: accuracy: 0.986 ; loss: 0.037
2019-12-07 04:50:58,957:INFO: - Eval metrics : accuracy: 0.923 ; loss: 0.283
