2018-03-13 06:44:43,457:INFO: Loading the datasets...
2018-03-13 06:44:46,965:INFO: - done.
2018-03-13 06:52:45,250:INFO: Loading the datasets...
2018-03-13 06:52:48,784:INFO: - done.
2018-03-13 07:33:53,818:INFO: Loading the datasets...
2018-03-13 07:33:57,335:INFO: - done.
2018-03-13 07:34:02,702:INFO: Experiment: model version: resnet18_distill
2018-03-13 07:34:02,702:INFO: Starting training for 170 epoch(s)
2018-03-13 07:34:02,702:INFO: First, loading the teacher model and computing its outputs...
2018-03-13 07:36:34,931:INFO: Loading the datasets...
2018-03-13 07:36:38,449:INFO: - done.
2018-03-13 07:36:43,800:INFO: Experiment: model version: resnet18_distill
2018-03-13 07:36:43,800:INFO: Starting training for 175 epoch(s)
2018-03-13 07:36:43,800:INFO: First, loading the teacher model and computing its outputs...
2018-03-13 07:43:52,890:INFO: - Finished computing teacher outputs after 430 secs..
2018-03-13 07:43:52,891:INFO: Epoch 1/175
2018-03-13 07:47:49,514:INFO: - Train metrics: accuracy: 0.387 ; loss: 1.443
2018-03-13 07:47:59,919:INFO: - Eval metrics : accuracy: 0.528 ; loss: 0.000
2018-03-13 07:48:00,101:INFO: - Found new best accuracy
2018-03-13 07:48:00,102:INFO: Epoch 2/175
2018-03-13 07:51:56,851:INFO: - Train metrics: accuracy: 0.639 ; loss: 1.442
2018-03-13 07:52:07,288:INFO: - Eval metrics : accuracy: 0.657 ; loss: 0.000
2018-03-13 07:52:08,262:INFO: - Found new best accuracy
2018-03-13 07:52:08,262:INFO: Epoch 3/175
2018-03-13 07:56:04,921:INFO: - Train metrics: accuracy: 0.713 ; loss: 1.457
2018-03-13 07:56:15,348:INFO: - Eval metrics : accuracy: 0.717 ; loss: 0.000
2018-03-13 07:56:16,324:INFO: - Found new best accuracy
2018-03-13 07:56:16,325:INFO: Epoch 4/175
2018-03-13 08:00:12,961:INFO: - Train metrics: accuracy: 0.793 ; loss: 1.436
2018-03-13 08:00:23,389:INFO: - Eval metrics : accuracy: 0.666 ; loss: 0.000
2018-03-13 08:00:23,763:INFO: Epoch 5/175
2018-03-13 08:04:20,299:INFO: - Train metrics: accuracy: 0.826 ; loss: 1.423
2018-03-13 08:04:30,731:INFO: - Eval metrics : accuracy: 0.657 ; loss: 0.000
2018-03-13 08:04:31,114:INFO: Epoch 6/175
2018-03-13 08:08:27,717:INFO: - Train metrics: accuracy: 0.801 ; loss: 1.422
2018-03-13 08:08:38,139:INFO: - Eval metrics : accuracy: 0.741 ; loss: 0.000
2018-03-13 08:08:39,117:INFO: - Found new best accuracy
2018-03-13 08:08:39,118:INFO: Epoch 7/175
2018-03-13 08:12:35,621:INFO: - Train metrics: accuracy: 0.863 ; loss: 1.398
2018-03-13 08:12:46,036:INFO: - Eval metrics : accuracy: 0.815 ; loss: 0.000
2018-03-13 08:12:47,000:INFO: - Found new best accuracy
2018-03-13 08:12:47,006:INFO: Epoch 8/175
2018-03-13 08:16:43,473:INFO: - Train metrics: accuracy: 0.830 ; loss: 1.441
2018-03-13 08:16:53,900:INFO: - Eval metrics : accuracy: 0.718 ; loss: 0.000
2018-03-13 08:16:54,291:INFO: Epoch 9/175
2018-03-13 08:20:50,673:INFO: - Train metrics: accuracy: 0.846 ; loss: 1.409
2018-03-13 08:21:01,093:INFO: - Eval metrics : accuracy: 0.801 ; loss: 0.000
2018-03-13 08:21:01,470:INFO: Epoch 10/175
2018-03-13 08:24:57,826:INFO: - Train metrics: accuracy: 0.840 ; loss: 1.410
2018-03-13 08:25:08,229:INFO: - Eval metrics : accuracy: 0.799 ; loss: 0.000
2018-03-13 08:25:08,615:INFO: Epoch 11/175
2018-03-13 08:29:04,786:INFO: - Train metrics: accuracy: 0.838 ; loss: 1.438
2018-03-13 08:29:15,198:INFO: - Eval metrics : accuracy: 0.730 ; loss: 0.000
2018-03-13 08:29:15,579:INFO: Epoch 12/175
2018-03-13 08:33:11,707:INFO: - Train metrics: accuracy: 0.852 ; loss: 1.417
2018-03-13 08:33:22,112:INFO: - Eval metrics : accuracy: 0.820 ; loss: 0.000
2018-03-13 08:33:23,090:INFO: - Found new best accuracy
2018-03-13 08:33:23,091:INFO: Epoch 13/175
2018-03-13 08:37:19,215:INFO: - Train metrics: accuracy: 0.861 ; loss: 1.417
2018-03-13 08:37:29,626:INFO: - Eval metrics : accuracy: 0.841 ; loss: 0.000
2018-03-13 08:37:30,604:INFO: - Found new best accuracy
2018-03-13 08:37:30,605:INFO: Epoch 14/175
2018-03-13 08:41:26,792:INFO: - Train metrics: accuracy: 0.895 ; loss: 1.409
2018-03-13 08:41:37,213:INFO: - Eval metrics : accuracy: 0.797 ; loss: 0.000
2018-03-13 08:41:37,593:INFO: Epoch 15/175
2018-03-13 08:45:33,687:INFO: - Train metrics: accuracy: 0.877 ; loss: 1.407
2018-03-13 08:45:44,074:INFO: - Eval metrics : accuracy: 0.736 ; loss: 0.000
2018-03-13 08:45:44,455:INFO: Epoch 16/175
2018-03-13 08:49:40,535:INFO: - Train metrics: accuracy: 0.855 ; loss: 1.416
2018-03-13 08:49:50,957:INFO: - Eval metrics : accuracy: 0.733 ; loss: 0.000
2018-03-13 08:49:51,338:INFO: Epoch 17/175
2018-03-13 08:53:47,370:INFO: - Train metrics: accuracy: 0.895 ; loss: 1.413
2018-03-13 08:53:57,778:INFO: - Eval metrics : accuracy: 0.821 ; loss: 0.000
2018-03-13 08:53:58,150:INFO: Epoch 18/175
2018-03-13 08:57:54,174:INFO: - Train metrics: accuracy: 0.873 ; loss: 1.393
2018-03-13 08:58:04,562:INFO: - Eval metrics : accuracy: 0.826 ; loss: 0.000
2018-03-13 08:58:04,942:INFO: Epoch 19/175
2018-03-13 09:02:00,967:INFO: - Train metrics: accuracy: 0.855 ; loss: 1.401
2018-03-13 09:02:11,388:INFO: - Eval metrics : accuracy: 0.834 ; loss: 0.000
2018-03-13 09:02:11,770:INFO: Epoch 20/175
2018-03-13 09:06:07,747:INFO: - Train metrics: accuracy: 0.879 ; loss: 1.419
2018-03-13 09:06:18,176:INFO: - Eval metrics : accuracy: 0.809 ; loss: 0.000
2018-03-13 09:06:18,547:INFO: Epoch 21/175
2018-03-13 09:10:14,521:INFO: - Train metrics: accuracy: 0.881 ; loss: 1.401
2018-03-13 09:10:24,916:INFO: - Eval metrics : accuracy: 0.800 ; loss: 0.000
2018-03-13 09:10:25,305:INFO: Epoch 22/175
2018-03-13 09:14:21,274:INFO: - Train metrics: accuracy: 0.865 ; loss: 1.425
2018-03-13 09:14:31,667:INFO: - Eval metrics : accuracy: 0.819 ; loss: 0.000
2018-03-13 09:14:32,035:INFO: Epoch 23/175
2018-03-13 09:18:27,995:INFO: - Train metrics: accuracy: 0.879 ; loss: 1.439
2018-03-13 09:18:38,387:INFO: - Eval metrics : accuracy: 0.798 ; loss: 0.000
2018-03-13 09:18:38,765:INFO: Epoch 24/175
2018-03-13 09:22:34,633:INFO: - Train metrics: accuracy: 0.889 ; loss: 1.425
2018-03-13 09:22:45,050:INFO: - Eval metrics : accuracy: 0.824 ; loss: 0.000
2018-03-13 09:22:45,433:INFO: Epoch 25/175
2018-03-13 09:26:41,405:INFO: - Train metrics: accuracy: 0.873 ; loss: 1.427
2018-03-13 09:26:51,804:INFO: - Eval metrics : accuracy: 0.784 ; loss: 0.000
2018-03-13 09:26:52,199:INFO: Epoch 26/175
2018-03-13 09:30:48,075:INFO: - Train metrics: accuracy: 0.867 ; loss: 1.405
2018-03-13 09:30:58,500:INFO: - Eval metrics : accuracy: 0.825 ; loss: 0.000
2018-03-13 09:30:58,874:INFO: Epoch 27/175
2018-03-13 09:34:54,894:INFO: - Train metrics: accuracy: 0.893 ; loss: 1.396
2018-03-13 09:35:05,307:INFO: - Eval metrics : accuracy: 0.844 ; loss: 0.000
2018-03-13 09:35:06,280:INFO: - Found new best accuracy
2018-03-13 09:35:06,286:INFO: Epoch 28/175
2018-03-13 09:39:02,299:INFO: - Train metrics: accuracy: 0.895 ; loss: 1.420
2018-03-13 09:39:12,726:INFO: - Eval metrics : accuracy: 0.837 ; loss: 0.000
2018-03-13 09:39:13,099:INFO: Epoch 29/175
2018-03-13 09:43:09,125:INFO: - Train metrics: accuracy: 0.889 ; loss: 1.436
2018-03-13 09:43:19,523:INFO: - Eval metrics : accuracy: 0.849 ; loss: 0.000
2018-03-13 09:43:20,497:INFO: - Found new best accuracy
2018-03-13 09:43:20,503:INFO: Epoch 30/175
2018-03-13 09:47:16,463:INFO: - Train metrics: accuracy: 0.904 ; loss: 1.420
2018-03-13 09:47:26,860:INFO: - Eval metrics : accuracy: 0.822 ; loss: 0.000
2018-03-13 09:47:27,235:INFO: Epoch 31/175
2018-03-13 09:51:23,233:INFO: - Train metrics: accuracy: 0.902 ; loss: 1.406
2018-03-13 09:51:33,608:INFO: - Eval metrics : accuracy: 0.809 ; loss: 0.000
2018-03-13 09:51:34,005:INFO: Epoch 32/175
2018-03-13 09:55:29,991:INFO: - Train metrics: accuracy: 0.875 ; loss: 1.433
2018-03-13 09:55:40,420:INFO: - Eval metrics : accuracy: 0.783 ; loss: 0.000
2018-03-13 09:55:40,796:INFO: Epoch 33/175
2018-03-13 09:59:36,682:INFO: - Train metrics: accuracy: 0.887 ; loss: 1.422
2018-03-13 09:59:47,071:INFO: - Eval metrics : accuracy: 0.839 ; loss: 0.000
2018-03-13 09:59:47,442:INFO: Epoch 34/175
2018-03-13 10:03:43,419:INFO: - Train metrics: accuracy: 0.889 ; loss: 1.448
2018-03-13 10:03:53,825:INFO: - Eval metrics : accuracy: 0.805 ; loss: 0.000
2018-03-13 10:03:54,207:INFO: Epoch 35/175
2018-03-13 10:07:50,188:INFO: - Train metrics: accuracy: 0.895 ; loss: 1.418
2018-03-13 10:08:00,588:INFO: - Eval metrics : accuracy: 0.848 ; loss: 0.000
2018-03-13 10:08:00,957:INFO: Epoch 36/175
2018-03-13 10:11:56,775:INFO: - Train metrics: accuracy: 0.881 ; loss: 1.413
2018-03-13 10:12:07,192:INFO: - Eval metrics : accuracy: 0.823 ; loss: 0.000
2018-03-13 10:12:07,568:INFO: Epoch 37/175
2018-03-13 10:16:03,492:INFO: - Train metrics: accuracy: 0.912 ; loss: 1.428
2018-03-13 10:16:13,899:INFO: - Eval metrics : accuracy: 0.840 ; loss: 0.000
2018-03-13 10:16:14,289:INFO: Epoch 38/175
2018-03-13 10:20:10,234:INFO: - Train metrics: accuracy: 0.865 ; loss: 1.430
2018-03-13 10:20:20,612:INFO: - Eval metrics : accuracy: 0.763 ; loss: 0.000
2018-03-13 10:20:20,991:INFO: Epoch 39/175
2018-03-13 10:24:16,855:INFO: - Train metrics: accuracy: 0.902 ; loss: 1.416
2018-03-13 10:24:27,247:INFO: - Eval metrics : accuracy: 0.822 ; loss: 0.000
2018-03-13 10:24:27,646:INFO: Epoch 40/175
2018-03-13 10:28:23,586:INFO: - Train metrics: accuracy: 0.896 ; loss: 1.418
2018-03-13 10:28:33,987:INFO: - Eval metrics : accuracy: 0.807 ; loss: 0.000
2018-03-13 10:28:34,370:INFO: Epoch 41/175
2018-03-13 10:32:30,318:INFO: - Train metrics: accuracy: 0.881 ; loss: 1.412
2018-03-13 10:32:40,736:INFO: - Eval metrics : accuracy: 0.755 ; loss: 0.000
2018-03-13 10:32:41,113:INFO: Epoch 42/175
2018-03-13 10:36:36,882:INFO: - Train metrics: accuracy: 0.885 ; loss: 1.433
2018-03-13 10:36:47,267:INFO: - Eval metrics : accuracy: 0.818 ; loss: 0.000
2018-03-13 10:36:47,627:INFO: Epoch 43/175
2018-03-13 10:40:43,445:INFO: - Train metrics: accuracy: 0.898 ; loss: 1.391
2018-03-13 10:40:53,837:INFO: - Eval metrics : accuracy: 0.850 ; loss: 0.000
2018-03-13 10:40:54,813:INFO: - Found new best accuracy
2018-03-13 10:40:54,814:INFO: Epoch 44/175
2018-03-13 10:44:50,549:INFO: - Train metrics: accuracy: 0.896 ; loss: 1.395
2018-03-13 10:45:00,940:INFO: - Eval metrics : accuracy: 0.854 ; loss: 0.000
2018-03-13 10:45:01,910:INFO: - Found new best accuracy
2018-03-13 10:45:01,911:INFO: Epoch 45/175
2018-03-13 10:48:57,658:INFO: - Train metrics: accuracy: 0.906 ; loss: 1.402
2018-03-13 10:49:08,057:INFO: - Eval metrics : accuracy: 0.830 ; loss: 0.000
2018-03-13 10:49:08,433:INFO: Epoch 46/175
2018-03-13 10:53:04,263:INFO: - Train metrics: accuracy: 0.887 ; loss: 1.407
2018-03-13 10:53:14,677:INFO: - Eval metrics : accuracy: 0.848 ; loss: 0.000
2018-03-13 10:53:15,076:INFO: Epoch 47/175
2018-03-13 10:57:10,884:INFO: - Train metrics: accuracy: 0.875 ; loss: 1.398
2018-03-13 10:57:21,280:INFO: - Eval metrics : accuracy: 0.830 ; loss: 0.000
2018-03-13 10:57:21,657:INFO: Epoch 48/175
2018-03-13 11:01:17,447:INFO: - Train metrics: accuracy: 0.906 ; loss: 1.416
2018-03-13 11:01:27,871:INFO: - Eval metrics : accuracy: 0.823 ; loss: 0.000
2018-03-13 11:01:28,251:INFO: Epoch 49/175
2018-03-13 11:05:24,001:INFO: - Train metrics: accuracy: 0.893 ; loss: 1.401
2018-03-13 11:05:34,408:INFO: - Eval metrics : accuracy: 0.839 ; loss: 0.000
2018-03-13 11:05:34,790:INFO: Epoch 50/175
2018-03-13 11:09:30,471:INFO: - Train metrics: accuracy: 0.885 ; loss: 1.421
2018-03-13 11:09:40,867:INFO: - Eval metrics : accuracy: 0.866 ; loss: 0.000
2018-03-13 11:09:41,842:INFO: - Found new best accuracy
2018-03-13 11:09:41,847:INFO: Epoch 51/175
2018-03-13 11:13:37,514:INFO: - Train metrics: accuracy: 0.877 ; loss: 1.412
2018-03-13 11:13:47,923:INFO: - Eval metrics : accuracy: 0.779 ; loss: 0.000
2018-03-13 11:13:48,317:INFO: Epoch 52/175
2018-03-13 11:17:43,925:INFO: - Train metrics: accuracy: 0.893 ; loss: 1.435
2018-03-13 11:17:54,337:INFO: - Eval metrics : accuracy: 0.806 ; loss: 0.000
2018-03-13 11:17:54,709:INFO: Epoch 53/175
2018-03-13 11:21:50,378:INFO: - Train metrics: accuracy: 0.916 ; loss: 1.411
2018-03-13 11:22:00,760:INFO: - Eval metrics : accuracy: 0.847 ; loss: 0.000
2018-03-13 11:22:01,141:INFO: Epoch 54/175
2018-03-13 11:25:56,786:INFO: - Train metrics: accuracy: 0.904 ; loss: 1.427
2018-03-13 11:26:07,177:INFO: - Eval metrics : accuracy: 0.813 ; loss: 0.000
2018-03-13 11:26:07,556:INFO: Epoch 55/175
2018-03-13 11:30:03,247:INFO: - Train metrics: accuracy: 0.900 ; loss: 1.433
2018-03-13 11:30:13,638:INFO: - Eval metrics : accuracy: 0.834 ; loss: 0.000
2018-03-13 11:30:14,014:INFO: Epoch 56/175
2018-03-13 11:34:09,618:INFO: - Train metrics: accuracy: 0.896 ; loss: 1.421
2018-03-13 11:34:20,019:INFO: - Eval metrics : accuracy: 0.823 ; loss: 0.000
2018-03-13 11:34:20,391:INFO: Epoch 57/175
2018-03-13 11:38:16,012:INFO: - Train metrics: accuracy: 0.898 ; loss: 1.417
2018-03-13 11:38:26,402:INFO: - Eval metrics : accuracy: 0.825 ; loss: 0.000
2018-03-13 11:38:26,776:INFO: Epoch 58/175
2018-03-13 11:42:22,377:INFO: - Train metrics: accuracy: 0.904 ; loss: 1.415
2018-03-13 11:42:32,752:INFO: - Eval metrics : accuracy: 0.819 ; loss: 0.000
2018-03-13 11:42:33,139:INFO: Epoch 59/175
2018-03-13 11:46:28,776:INFO: - Train metrics: accuracy: 0.912 ; loss: 1.419
2018-03-13 11:46:39,162:INFO: - Eval metrics : accuracy: 0.866 ; loss: 0.000
2018-03-13 11:46:39,546:INFO: Epoch 60/175
2018-03-13 11:50:35,150:INFO: - Train metrics: accuracy: 0.885 ; loss: 1.423
2018-03-13 11:50:45,568:INFO: - Eval metrics : accuracy: 0.796 ; loss: 0.000
2018-03-13 11:50:45,945:INFO: Epoch 61/175
2018-03-13 11:54:41,423:INFO: - Train metrics: accuracy: 0.879 ; loss: 1.429
2018-03-13 11:54:51,836:INFO: - Eval metrics : accuracy: 0.826 ; loss: 0.000
2018-03-13 11:54:52,203:INFO: Epoch 62/175
2018-03-13 11:58:47,727:INFO: - Train metrics: accuracy: 0.889 ; loss: 1.429
2018-03-13 11:58:58,074:INFO: - Eval metrics : accuracy: 0.852 ; loss: 0.000
2018-03-13 11:58:58,451:INFO: Epoch 63/175
2018-03-13 12:02:53,899:INFO: - Train metrics: accuracy: 0.873 ; loss: 1.404
2018-03-13 12:03:04,301:INFO: - Eval metrics : accuracy: 0.838 ; loss: 0.000
2018-03-13 12:03:04,791:INFO: Epoch 64/175
2018-03-13 12:07:00,406:INFO: - Train metrics: accuracy: 0.900 ; loss: 1.381
2018-03-13 12:07:10,796:INFO: - Eval metrics : accuracy: 0.829 ; loss: 0.000
2018-03-13 12:07:11,174:INFO: Epoch 65/175
2018-03-13 12:11:06,803:INFO: - Train metrics: accuracy: 0.906 ; loss: 1.431
2018-03-13 12:11:17,195:INFO: - Eval metrics : accuracy: 0.837 ; loss: 0.000
2018-03-13 12:11:17,594:INFO: Epoch 66/175
2018-03-13 12:15:13,249:INFO: - Train metrics: accuracy: 0.908 ; loss: 1.402
2018-03-13 12:15:23,637:INFO: - Eval metrics : accuracy: 0.835 ; loss: 0.000
2018-03-13 12:15:24,012:INFO: Epoch 67/175
2018-03-13 12:19:19,679:INFO: - Train metrics: accuracy: 0.891 ; loss: 1.419
2018-03-13 12:19:30,077:INFO: - Eval metrics : accuracy: 0.855 ; loss: 0.000
2018-03-13 12:19:30,449:INFO: Epoch 68/175
2018-03-13 12:23:26,035:INFO: - Train metrics: accuracy: 0.887 ; loss: 1.419
2018-03-13 12:23:36,424:INFO: - Eval metrics : accuracy: 0.811 ; loss: 0.000
2018-03-13 12:23:36,798:INFO: Epoch 69/175
2018-03-13 12:27:32,416:INFO: - Train metrics: accuracy: 0.904 ; loss: 1.402
2018-03-13 12:27:42,829:INFO: - Eval metrics : accuracy: 0.839 ; loss: 0.000
2018-03-13 12:27:43,213:INFO: Epoch 70/175
2018-03-13 12:31:38,886:INFO: - Train metrics: accuracy: 0.887 ; loss: 1.450
2018-03-13 12:31:49,301:INFO: - Eval metrics : accuracy: 0.811 ; loss: 0.000
2018-03-13 12:31:49,696:INFO: Epoch 71/175
2018-03-13 12:35:45,175:INFO: - Train metrics: accuracy: 0.889 ; loss: 1.436
2018-03-13 12:35:55,577:INFO: - Eval metrics : accuracy: 0.836 ; loss: 0.000
2018-03-13 12:35:55,949:INFO: Epoch 72/175
2018-03-13 12:39:51,587:INFO: - Train metrics: accuracy: 0.885 ; loss: 1.386
2018-03-13 12:40:02,009:INFO: - Eval metrics : accuracy: 0.864 ; loss: 0.000
2018-03-13 12:40:02,382:INFO: Epoch 73/175
2018-03-13 12:43:57,526:INFO: - Train metrics: accuracy: 0.891 ; loss: 1.393
2018-03-13 12:44:07,908:INFO: - Eval metrics : accuracy: 0.799 ; loss: 0.000
2018-03-13 12:44:08,281:INFO: Epoch 74/175
2018-03-13 12:48:03,748:INFO: - Train metrics: accuracy: 0.908 ; loss: 1.445
2018-03-13 12:48:14,140:INFO: - Eval metrics : accuracy: 0.836 ; loss: 0.000
2018-03-13 12:48:14,522:INFO: Epoch 75/175
2018-03-13 12:52:10,031:INFO: - Train metrics: accuracy: 0.904 ; loss: 1.403
2018-03-13 12:52:20,434:INFO: - Eval metrics : accuracy: 0.802 ; loss: 0.000
2018-03-13 12:52:20,807:INFO: Epoch 76/175
2018-03-13 12:56:16,328:INFO: - Train metrics: accuracy: 0.896 ; loss: 1.442
2018-03-13 12:56:26,719:INFO: - Eval metrics : accuracy: 0.759 ; loss: 0.000
2018-03-13 12:56:27,098:INFO: Epoch 77/175
2018-03-13 13:00:22,537:INFO: - Train metrics: accuracy: 0.891 ; loss: 1.430
2018-03-13 13:00:32,936:INFO: - Eval metrics : accuracy: 0.859 ; loss: 0.000
2018-03-13 13:00:33,436:INFO: Epoch 78/175
2018-03-13 13:04:28,934:INFO: - Train metrics: accuracy: 0.916 ; loss: 1.393
2018-03-13 13:04:39,304:INFO: - Eval metrics : accuracy: 0.845 ; loss: 0.000
2018-03-13 13:04:39,690:INFO: Epoch 79/175
2018-03-13 13:08:35,091:INFO: - Train metrics: accuracy: 0.879 ; loss: 1.419
2018-03-13 13:08:45,482:INFO: - Eval metrics : accuracy: 0.795 ; loss: 0.000
2018-03-13 13:08:45,853:INFO: Epoch 80/175
2018-03-13 13:12:41,225:INFO: - Train metrics: accuracy: 0.904 ; loss: 1.429
2018-03-13 13:12:51,633:INFO: - Eval metrics : accuracy: 0.759 ; loss: 0.000
2018-03-13 13:12:52,011:INFO: Epoch 81/175
2018-03-13 13:16:47,407:INFO: - Train metrics: accuracy: 0.918 ; loss: 1.425
2018-03-13 13:16:57,801:INFO: - Eval metrics : accuracy: 0.812 ; loss: 0.000
2018-03-13 13:16:58,179:INFO: Epoch 82/175
2018-03-13 13:20:53,536:INFO: - Train metrics: accuracy: 0.896 ; loss: 1.416
2018-03-13 13:21:03,933:INFO: - Eval metrics : accuracy: 0.818 ; loss: 0.000
2018-03-13 13:21:04,315:INFO: Epoch 83/175
2018-03-13 13:24:59,708:INFO: - Train metrics: accuracy: 0.910 ; loss: 1.436
2018-03-13 13:25:10,101:INFO: - Eval metrics : accuracy: 0.833 ; loss: 0.000
2018-03-13 13:25:10,479:INFO: Epoch 84/175
2018-03-13 13:29:05,895:INFO: - Train metrics: accuracy: 0.898 ; loss: 1.429
2018-03-13 13:29:16,305:INFO: - Eval metrics : accuracy: 0.843 ; loss: 0.000
2018-03-13 13:29:16,771:INFO: Epoch 85/175
2018-03-13 13:33:12,104:INFO: - Train metrics: accuracy: 0.922 ; loss: 1.410
2018-03-13 13:33:22,503:INFO: - Eval metrics : accuracy: 0.836 ; loss: 0.000
2018-03-13 13:33:22,879:INFO: Epoch 86/175
2018-03-13 13:37:18,220:INFO: - Train metrics: accuracy: 0.896 ; loss: 1.425
2018-03-13 13:37:28,611:INFO: - Eval metrics : accuracy: 0.820 ; loss: 0.000
2018-03-13 13:37:28,991:INFO: Epoch 87/175
2018-03-13 13:41:24,324:INFO: - Train metrics: accuracy: 0.918 ; loss: 1.416
2018-03-13 13:41:34,729:INFO: - Eval metrics : accuracy: 0.760 ; loss: 0.000
2018-03-13 13:41:35,111:INFO: Epoch 88/175
2018-03-13 13:45:30,434:INFO: - Train metrics: accuracy: 0.887 ; loss: 1.414
2018-03-13 13:45:40,853:INFO: - Eval metrics : accuracy: 0.843 ; loss: 0.000
2018-03-13 13:45:41,239:INFO: Epoch 89/175
2018-03-13 13:49:36,678:INFO: - Train metrics: accuracy: 0.889 ; loss: 1.397
2018-03-13 13:49:47,091:INFO: - Eval metrics : accuracy: 0.820 ; loss: 0.000
2018-03-13 13:49:47,471:INFO: Epoch 90/175
2018-03-13 13:53:43,000:INFO: - Train metrics: accuracy: 0.887 ; loss: 1.419
2018-03-13 13:53:53,415:INFO: - Eval metrics : accuracy: 0.795 ; loss: 0.000
2018-03-13 13:53:53,784:INFO: Epoch 91/175
2018-03-13 13:57:49,399:INFO: - Train metrics: accuracy: 0.873 ; loss: 1.416
2018-03-13 13:57:59,817:INFO: - Eval metrics : accuracy: 0.821 ; loss: 0.000
2018-03-13 13:58:00,191:INFO: Epoch 92/175
2018-03-13 14:01:55,804:INFO: - Train metrics: accuracy: 0.895 ; loss: 1.427
2018-03-13 14:02:06,212:INFO: - Eval metrics : accuracy: 0.832 ; loss: 0.000
2018-03-13 14:02:06,593:INFO: Epoch 93/175
2018-03-13 14:06:02,246:INFO: - Train metrics: accuracy: 0.906 ; loss: 1.403
2018-03-13 14:06:12,662:INFO: - Eval metrics : accuracy: 0.850 ; loss: 0.000
2018-03-13 14:06:13,052:INFO: Epoch 94/175
2018-03-13 14:10:08,675:INFO: - Train metrics: accuracy: 0.895 ; loss: 1.422
2018-03-13 14:10:19,107:INFO: - Eval metrics : accuracy: 0.855 ; loss: 0.000
2018-03-13 14:10:19,485:INFO: Epoch 95/175
2018-03-13 14:14:15,169:INFO: - Train metrics: accuracy: 0.912 ; loss: 1.411
2018-03-13 14:14:25,586:INFO: - Eval metrics : accuracy: 0.872 ; loss: 0.000
2018-03-13 14:14:26,565:INFO: - Found new best accuracy
2018-03-13 14:14:26,565:INFO: Epoch 96/175
2018-03-13 14:18:22,265:INFO: - Train metrics: accuracy: 0.900 ; loss: 1.432
2018-03-13 14:18:32,664:INFO: - Eval metrics : accuracy: 0.838 ; loss: 0.000
2018-03-13 14:18:33,048:INFO: Epoch 97/175
2018-03-13 14:22:28,746:INFO: - Train metrics: accuracy: 0.902 ; loss: 1.432
2018-03-13 14:22:39,164:INFO: - Eval metrics : accuracy: 0.803 ; loss: 0.000
2018-03-13 14:22:39,533:INFO: Epoch 98/175
2018-03-13 14:26:35,363:INFO: - Train metrics: accuracy: 0.898 ; loss: 1.412
2018-03-13 14:26:45,780:INFO: - Eval metrics : accuracy: 0.858 ; loss: 0.000
2018-03-13 14:26:46,160:INFO: Epoch 99/175
2018-03-13 14:30:41,897:INFO: - Train metrics: accuracy: 0.906 ; loss: 1.422
2018-03-13 14:30:52,316:INFO: - Eval metrics : accuracy: 0.851 ; loss: 0.000
2018-03-13 14:30:52,694:INFO: Epoch 100/175
2018-03-13 14:34:48,305:INFO: - Train metrics: accuracy: 0.887 ; loss: 1.420
2018-03-13 14:34:58,717:INFO: - Eval metrics : accuracy: 0.862 ; loss: 0.000
2018-03-13 14:34:59,107:INFO: Epoch 101/175
2018-03-13 14:38:54,696:INFO: - Train metrics: accuracy: 0.920 ; loss: 1.395
2018-03-13 14:39:05,099:INFO: - Eval metrics : accuracy: 0.818 ; loss: 0.000
2018-03-13 14:39:05,489:INFO: Epoch 102/175
2018-03-13 14:43:01,203:INFO: - Train metrics: accuracy: 0.887 ; loss: 1.416
2018-03-13 14:43:11,615:INFO: - Eval metrics : accuracy: 0.852 ; loss: 0.000
2018-03-13 14:43:11,998:INFO: Epoch 103/175
2018-03-13 14:47:07,699:INFO: - Train metrics: accuracy: 0.910 ; loss: 1.414
2018-03-13 14:47:18,093:INFO: - Eval metrics : accuracy: 0.850 ; loss: 0.000
2018-03-13 14:47:18,476:INFO: Epoch 104/175
2018-03-13 14:51:14,135:INFO: - Train metrics: accuracy: 0.902 ; loss: 1.408
2018-03-13 14:51:24,569:INFO: - Eval metrics : accuracy: 0.845 ; loss: 0.000
2018-03-13 14:51:25,156:INFO: Epoch 105/175
2018-03-13 14:55:20,797:INFO: - Train metrics: accuracy: 0.906 ; loss: 1.412
2018-03-13 14:55:31,224:INFO: - Eval metrics : accuracy: 0.850 ; loss: 0.000
2018-03-13 14:55:31,611:INFO: Epoch 106/175
2018-03-13 14:59:27,074:INFO: - Train metrics: accuracy: 0.895 ; loss: 1.407
2018-03-13 14:59:37,473:INFO: - Eval metrics : accuracy: 0.877 ; loss: 0.000
2018-03-13 14:59:38,454:INFO: - Found new best accuracy
2018-03-13 14:59:38,455:INFO: Epoch 107/175
2018-03-13 15:03:33,846:INFO: - Train metrics: accuracy: 0.898 ; loss: 1.438
2018-03-13 15:03:44,266:INFO: - Eval metrics : accuracy: 0.860 ; loss: 0.000
2018-03-13 15:03:44,669:INFO: Epoch 108/175
2018-03-13 15:07:40,005:INFO: - Train metrics: accuracy: 0.910 ; loss: 1.391
2018-03-13 15:07:50,430:INFO: - Eval metrics : accuracy: 0.877 ; loss: 0.000
2018-03-13 15:07:51,407:INFO: - Found new best accuracy
2018-03-13 15:07:51,413:INFO: Epoch 109/175
2018-03-13 15:11:46,842:INFO: - Train metrics: accuracy: 0.902 ; loss: 1.437
2018-03-13 15:11:57,253:INFO: - Eval metrics : accuracy: 0.834 ; loss: 0.000
2018-03-13 15:11:57,725:INFO: Epoch 110/175
2018-03-13 15:15:53,158:INFO: - Train metrics: accuracy: 0.893 ; loss: 1.417
2018-03-13 15:16:03,566:INFO: - Eval metrics : accuracy: 0.840 ; loss: 0.000
2018-03-13 15:16:03,946:INFO: Epoch 111/175
2018-03-13 15:19:59,375:INFO: - Train metrics: accuracy: 0.916 ; loss: 1.415
2018-03-13 15:20:09,800:INFO: - Eval metrics : accuracy: 0.861 ; loss: 0.000
2018-03-13 15:20:10,168:INFO: Epoch 112/175
2018-03-13 15:24:05,673:INFO: - Train metrics: accuracy: 0.881 ; loss: 1.436
2018-03-13 15:24:16,080:INFO: - Eval metrics : accuracy: 0.832 ; loss: 0.000
2018-03-13 15:24:16,450:INFO: Epoch 113/175
2018-03-13 15:28:11,748:INFO: - Train metrics: accuracy: 0.924 ; loss: 1.415
2018-03-13 15:28:22,149:INFO: - Eval metrics : accuracy: 0.861 ; loss: 0.000
2018-03-13 15:28:22,523:INFO: Epoch 114/175
2018-03-13 15:32:17,885:INFO: - Train metrics: accuracy: 0.914 ; loss: 1.420
2018-03-13 15:32:28,307:INFO: - Eval metrics : accuracy: 0.875 ; loss: 0.000
2018-03-13 15:32:28,691:INFO: Epoch 115/175
2018-03-13 15:36:24,168:INFO: - Train metrics: accuracy: 0.924 ; loss: 1.442
2018-03-13 15:36:34,570:INFO: - Eval metrics : accuracy: 0.839 ; loss: 0.000
2018-03-13 15:36:34,943:INFO: Epoch 116/175
2018-03-13 15:40:30,394:INFO: - Train metrics: accuracy: 0.926 ; loss: 1.418
2018-03-13 15:40:40,806:INFO: - Eval metrics : accuracy: 0.819 ; loss: 0.000
2018-03-13 15:40:41,192:INFO: Epoch 117/175
2018-03-13 15:44:36,545:INFO: - Train metrics: accuracy: 0.885 ; loss: 1.426
2018-03-13 15:44:46,949:INFO: - Eval metrics : accuracy: 0.796 ; loss: 0.000
2018-03-13 15:44:47,325:INFO: Epoch 118/175
2018-03-13 15:48:42,703:INFO: - Train metrics: accuracy: 0.889 ; loss: 1.404
2018-03-13 15:48:53,106:INFO: - Eval metrics : accuracy: 0.841 ; loss: 0.000
2018-03-13 15:48:53,600:INFO: Epoch 119/175
2018-03-13 15:52:48,977:INFO: - Train metrics: accuracy: 0.918 ; loss: 1.416
2018-03-13 15:52:59,390:INFO: - Eval metrics : accuracy: 0.850 ; loss: 0.000
2018-03-13 15:52:59,772:INFO: Epoch 120/175
2018-03-13 15:56:55,127:INFO: - Train metrics: accuracy: 0.906 ; loss: 1.400
2018-03-13 15:57:05,518:INFO: - Eval metrics : accuracy: 0.830 ; loss: 0.000
2018-03-13 15:57:05,897:INFO: Epoch 121/175
2018-03-13 16:01:01,291:INFO: - Train metrics: accuracy: 0.906 ; loss: 1.430
2018-03-13 16:01:11,697:INFO: - Eval metrics : accuracy: 0.839 ; loss: 0.000
2018-03-13 16:01:12,069:INFO: Epoch 122/175
2018-03-13 16:05:07,487:INFO: - Train metrics: accuracy: 0.924 ; loss: 1.432
2018-03-13 16:05:17,905:INFO: - Eval metrics : accuracy: 0.804 ; loss: 0.000
2018-03-13 16:05:18,298:INFO: Epoch 123/175
2018-03-13 16:09:13,711:INFO: - Train metrics: accuracy: 0.906 ; loss: 1.420
2018-03-13 16:09:24,120:INFO: - Eval metrics : accuracy: 0.798 ; loss: 0.000
2018-03-13 16:09:24,492:INFO: Epoch 124/175
2018-03-13 16:13:19,862:INFO: - Train metrics: accuracy: 0.875 ; loss: 1.416
2018-03-13 16:13:30,280:INFO: - Eval metrics : accuracy: 0.830 ; loss: 0.000
2018-03-13 16:13:30,654:INFO: Epoch 125/175
2018-03-13 16:17:26,036:INFO: - Train metrics: accuracy: 0.910 ; loss: 1.402
2018-03-13 16:17:36,443:INFO: - Eval metrics : accuracy: 0.821 ; loss: 0.000
2018-03-13 16:17:36,829:INFO: Epoch 126/175
2018-03-13 16:21:32,301:INFO: - Train metrics: accuracy: 0.895 ; loss: 1.428
2018-03-13 16:21:42,730:INFO: - Eval metrics : accuracy: 0.837 ; loss: 0.000
2018-03-13 16:21:43,123:INFO: Epoch 127/175
2018-03-13 16:25:38,444:INFO: - Train metrics: accuracy: 0.895 ; loss: 1.416
2018-03-13 16:25:48,867:INFO: - Eval metrics : accuracy: 0.860 ; loss: 0.000
2018-03-13 16:25:49,248:INFO: Epoch 128/175
2018-03-13 16:29:44,595:INFO: - Train metrics: accuracy: 0.912 ; loss: 1.414
2018-03-13 16:29:54,974:INFO: - Eval metrics : accuracy: 0.820 ; loss: 0.000
2018-03-13 16:29:55,384:INFO: Epoch 129/175
2018-03-13 16:33:50,774:INFO: - Train metrics: accuracy: 0.896 ; loss: 1.415
2018-03-13 16:34:01,167:INFO: - Eval metrics : accuracy: 0.854 ; loss: 0.000
2018-03-13 16:34:01,597:INFO: Epoch 130/175
2018-03-13 16:37:56,985:INFO: - Train metrics: accuracy: 0.912 ; loss: 1.415
2018-03-13 16:38:07,406:INFO: - Eval metrics : accuracy: 0.847 ; loss: 0.000
2018-03-13 16:38:07,789:INFO: Epoch 131/175
2018-03-13 16:42:03,094:INFO: - Train metrics: accuracy: 0.906 ; loss: 1.403
2018-03-13 16:42:13,503:INFO: - Eval metrics : accuracy: 0.874 ; loss: 0.000
2018-03-13 16:42:13,886:INFO: Epoch 132/175
2018-03-13 16:46:09,300:INFO: - Train metrics: accuracy: 0.910 ; loss: 1.423
2018-03-13 16:46:19,710:INFO: - Eval metrics : accuracy: 0.861 ; loss: 0.000
2018-03-13 16:46:20,091:INFO: Epoch 133/175
2018-03-13 16:50:15,484:INFO: - Train metrics: accuracy: 0.932 ; loss: 1.389
2018-03-13 16:50:25,898:INFO: - Eval metrics : accuracy: 0.844 ; loss: 0.000
2018-03-13 16:50:26,303:INFO: Epoch 134/175
2018-03-13 16:54:21,641:INFO: - Train metrics: accuracy: 0.910 ; loss: 1.394
2018-03-13 16:54:32,053:INFO: - Eval metrics : accuracy: 0.807 ; loss: 0.000
2018-03-13 16:54:32,419:INFO: Epoch 135/175
2018-03-13 16:58:27,681:INFO: - Train metrics: accuracy: 0.895 ; loss: 1.417
2018-03-13 16:58:38,072:INFO: - Eval metrics : accuracy: 0.833 ; loss: 0.000
2018-03-13 16:58:38,445:INFO: Epoch 136/175
2018-03-13 17:02:33,756:INFO: - Train metrics: accuracy: 0.920 ; loss: 1.409
2018-03-13 17:02:44,162:INFO: - Eval metrics : accuracy: 0.784 ; loss: 0.000
2018-03-13 17:02:44,539:INFO: Epoch 137/175
2018-03-13 17:06:39,826:INFO: - Train metrics: accuracy: 0.916 ; loss: 1.433
2018-03-13 17:06:50,226:INFO: - Eval metrics : accuracy: 0.842 ; loss: 0.000
2018-03-13 17:06:50,602:INFO: Epoch 138/175
2018-03-13 17:10:45,939:INFO: - Train metrics: accuracy: 0.916 ; loss: 1.409
2018-03-13 17:10:56,344:INFO: - Eval metrics : accuracy: 0.863 ; loss: 0.000
2018-03-13 17:10:56,757:INFO: Epoch 139/175
2018-03-13 17:14:52,075:INFO: - Train metrics: accuracy: 0.916 ; loss: 1.414
2018-03-13 17:15:02,491:INFO: - Eval metrics : accuracy: 0.862 ; loss: 0.000
2018-03-13 17:15:02,865:INFO: Epoch 140/175
2018-03-13 17:18:58,187:INFO: - Train metrics: accuracy: 0.889 ; loss: 1.442
2018-03-13 17:19:08,607:INFO: - Eval metrics : accuracy: 0.841 ; loss: 0.000
2018-03-13 17:19:08,986:INFO: Epoch 141/175
2018-03-13 17:23:04,301:INFO: - Train metrics: accuracy: 0.896 ; loss: 1.410
2018-03-13 17:23:14,717:INFO: - Eval metrics : accuracy: 0.834 ; loss: 0.000
2018-03-13 17:23:15,112:INFO: Epoch 142/175
2018-03-13 17:27:10,437:INFO: - Train metrics: accuracy: 0.896 ; loss: 1.411
2018-03-13 17:27:20,831:INFO: - Eval metrics : accuracy: 0.834 ; loss: 0.000
2018-03-13 17:27:21,214:INFO: Epoch 143/175
2018-03-13 17:31:16,483:INFO: - Train metrics: accuracy: 0.902 ; loss: 1.425
2018-03-13 17:31:26,886:INFO: - Eval metrics : accuracy: 0.844 ; loss: 0.000
2018-03-13 17:31:27,260:INFO: Epoch 144/175
2018-03-13 17:35:22,533:INFO: - Train metrics: accuracy: 0.898 ; loss: 1.407
2018-03-13 17:35:32,957:INFO: - Eval metrics : accuracy: 0.838 ; loss: 0.000
2018-03-13 17:35:33,352:INFO: Epoch 145/175
2018-03-13 17:39:28,730:INFO: - Train metrics: accuracy: 0.900 ; loss: 1.419
2018-03-13 17:39:39,151:INFO: - Eval metrics : accuracy: 0.810 ; loss: 0.000
2018-03-13 17:39:39,521:INFO: Epoch 146/175
2018-03-13 17:43:34,865:INFO: - Train metrics: accuracy: 0.893 ; loss: 1.425
2018-03-13 17:43:45,286:INFO: - Eval metrics : accuracy: 0.801 ; loss: 0.000
2018-03-13 17:43:45,671:INFO: Epoch 147/175
2018-03-13 17:47:40,925:INFO: - Train metrics: accuracy: 0.893 ; loss: 1.412
2018-03-13 17:47:51,309:INFO: - Eval metrics : accuracy: 0.868 ; loss: 0.000
2018-03-13 17:47:51,677:INFO: Epoch 148/175
2018-03-13 17:51:46,976:INFO: - Train metrics: accuracy: 0.914 ; loss: 1.421
2018-03-13 17:51:57,371:INFO: - Eval metrics : accuracy: 0.842 ; loss: 0.000
2018-03-13 17:51:57,748:INFO: Epoch 149/175
2018-03-13 17:55:51,431:INFO: - Train metrics: accuracy: 0.902 ; loss: 1.418
2018-03-13 17:56:01,701:INFO: - Eval metrics : accuracy: 0.863 ; loss: 0.000
2018-03-13 17:56:02,122:INFO: Epoch 150/175
2018-03-13 17:59:57,692:INFO: - Train metrics: accuracy: 0.900 ; loss: 1.426
2018-03-13 18:00:08,143:INFO: - Eval metrics : accuracy: 0.845 ; loss: 0.000
2018-03-13 18:00:08,537:INFO: Epoch 151/175
2018-03-13 18:04:03,828:INFO: - Train metrics: accuracy: 0.941 ; loss: 1.418
2018-03-13 18:04:14,225:INFO: - Eval metrics : accuracy: 0.936 ; loss: 0.000
2018-03-13 18:04:15,194:INFO: - Found new best accuracy
2018-03-13 18:04:15,195:INFO: Epoch 152/175
2018-03-13 18:08:10,518:INFO: - Train metrics: accuracy: 0.961 ; loss: 1.413
2018-03-13 18:08:20,907:INFO: - Eval metrics : accuracy: 0.940 ; loss: 0.000
2018-03-13 18:08:21,885:INFO: - Found new best accuracy
2018-03-13 18:08:21,886:INFO: Epoch 153/175
2018-03-13 18:12:17,167:INFO: - Train metrics: accuracy: 0.969 ; loss: 1.410
2018-03-13 18:12:27,593:INFO: - Eval metrics : accuracy: 0.948 ; loss: 0.000
2018-03-13 18:12:28,663:INFO: - Found new best accuracy
2018-03-13 18:12:28,664:INFO: Epoch 154/175
2018-03-13 18:16:23,961:INFO: - Train metrics: accuracy: 0.975 ; loss: 1.411
2018-03-13 18:16:34,379:INFO: - Eval metrics : accuracy: 0.942 ; loss: 0.000
2018-03-13 18:16:34,781:INFO: Epoch 155/175
2018-03-13 18:20:30,080:INFO: - Train metrics: accuracy: 0.984 ; loss: 1.432
2018-03-13 18:20:40,510:INFO: - Eval metrics : accuracy: 0.941 ; loss: 0.000
2018-03-13 18:20:40,936:INFO: Epoch 156/175
2018-03-13 18:24:36,245:INFO: - Train metrics: accuracy: 0.971 ; loss: 1.381
2018-03-13 18:24:46,648:INFO: - Eval metrics : accuracy: 0.946 ; loss: 0.000
2018-03-13 18:24:47,024:INFO: Epoch 157/175
2018-03-13 18:28:42,229:INFO: - Train metrics: accuracy: 0.986 ; loss: 1.379
2018-03-13 18:28:52,639:INFO: - Eval metrics : accuracy: 0.941 ; loss: 0.000
2018-03-13 18:28:53,032:INFO: Epoch 158/175
2018-03-13 18:32:48,350:INFO: - Train metrics: accuracy: 0.986 ; loss: 1.421
2018-03-13 18:32:58,752:INFO: - Eval metrics : accuracy: 0.943 ; loss: 0.000
2018-03-13 18:32:59,144:INFO: Epoch 159/175
2018-03-13 18:36:54,440:INFO: - Train metrics: accuracy: 0.986 ; loss: 1.434
2018-03-13 18:37:04,869:INFO: - Eval metrics : accuracy: 0.943 ; loss: 0.000
2018-03-13 18:37:05,246:INFO: Epoch 160/175
2018-03-13 18:41:00,272:INFO: - Train metrics: accuracy: 0.988 ; loss: 1.409
2018-03-13 18:41:10,679:INFO: - Eval metrics : accuracy: 0.945 ; loss: 0.000
2018-03-13 18:41:11,051:INFO: Epoch 161/175
2018-03-13 18:45:06,170:INFO: - Train metrics: accuracy: 0.994 ; loss: 1.436
2018-03-13 18:45:16,573:INFO: - Eval metrics : accuracy: 0.947 ; loss: 0.000
2018-03-13 18:45:16,964:INFO: Epoch 162/175
2018-03-13 18:49:11,918:INFO: - Train metrics: accuracy: 0.988 ; loss: 1.396
2018-03-13 18:49:22,323:INFO: - Eval metrics : accuracy: 0.946 ; loss: 0.000
2018-03-13 18:49:22,687:INFO: Epoch 163/175
2018-03-13 18:53:17,694:INFO: - Train metrics: accuracy: 0.992 ; loss: 1.428
2018-03-13 18:53:28,085:INFO: - Eval metrics : accuracy: 0.940 ; loss: 0.000
2018-03-13 18:53:28,470:INFO: Epoch 164/175
2018-03-13 18:57:23,650:INFO: - Train metrics: accuracy: 0.988 ; loss: 1.429
2018-03-13 18:57:34,023:INFO: - Eval metrics : accuracy: 0.946 ; loss: 0.000
2018-03-13 18:57:34,396:INFO: Epoch 165/175
2018-03-13 19:01:29,561:INFO: - Train metrics: accuracy: 0.990 ; loss: 1.392
2018-03-13 19:01:39,987:INFO: - Eval metrics : accuracy: 0.941 ; loss: 0.000
2018-03-13 19:01:40,370:INFO: Epoch 166/175
2018-03-13 19:05:35,415:INFO: - Train metrics: accuracy: 0.994 ; loss: 1.436
2018-03-13 19:05:45,808:INFO: - Eval metrics : accuracy: 0.945 ; loss: 0.000
2018-03-13 19:05:46,187:INFO: Epoch 167/175
2019-12-07 03:17:37,789:INFO: Loading the datasets...
2019-12-07 03:17:40,715:INFO: - done.
2019-12-07 03:17:48,245:INFO: Experiment - model version: resnet18_distill
2019-12-07 03:17:48,246:INFO: Starting training for 175 epoch(s)
2019-12-07 03:17:48,246:INFO: First, loading the teacher model and computing its outputs...
2019-12-07 03:18:47,962:INFO: - Finished computing teacher outputs after 60 secs..
2019-12-07 03:18:47,965:INFO: Epoch 1/175
2019-12-07 03:19:14,384:INFO: Loading the datasets...
2019-12-07 03:19:17,300:INFO: - done.
2019-12-07 03:19:22,840:INFO: Experiment - model version: resnet18_distill
2019-12-07 03:19:22,840:INFO: Starting training for 200 epoch(s)
2019-12-07 03:19:22,840:INFO: First, loading the teacher model and computing its outputs...
2019-12-07 03:20:22,635:INFO: - Finished computing teacher outputs after 60 secs..
2019-12-07 03:20:22,638:INFO: Epoch 1/200
2019-12-07 03:20:53,122:INFO: - Train metrics: accuracy: 0.160 ; loss: 1.397
2019-12-07 03:21:40,097:INFO: Loading the datasets...
2019-12-07 03:21:43,004:INFO: - done.
2019-12-07 03:21:48,307:INFO: Experiment - model version: resnet18_distill
2019-12-07 03:21:48,307:INFO: Starting training for 200 epoch(s)
2019-12-07 03:21:48,307:INFO: First, loading the teacher model and computing its outputs...
2019-12-07 03:22:47,905:INFO: - Finished computing teacher outputs after 60 secs..
2019-12-07 03:22:48,170:INFO: Epoch 1/200
2019-12-07 03:23:18,826:INFO: - Train metrics: accuracy: 0.160 ; loss: 1.396
2019-12-07 03:23:21,433:INFO: - Eval metrics : accuracy: 0.245 ; loss: 0.000
2019-12-07 03:23:23,828:INFO: - Found new best accuracy
2019-12-07 03:23:23,831:INFO: Epoch 2/200
2019-12-07 03:23:54,358:INFO: - Train metrics: accuracy: 0.252 ; loss: 1.374
2019-12-07 03:23:56,974:INFO: - Eval metrics : accuracy: 0.286 ; loss: 0.000
2019-12-07 03:23:59,408:INFO: - Found new best accuracy
2019-12-07 03:23:59,411:INFO: Epoch 3/200
2019-12-07 03:24:30,086:INFO: - Train metrics: accuracy: 0.309 ; loss: 1.381
2019-12-07 03:24:32,688:INFO: - Eval metrics : accuracy: 0.340 ; loss: 0.000
2019-12-07 03:24:35,121:INFO: - Found new best accuracy
2019-12-07 03:24:35,123:INFO: Epoch 4/200
2019-12-07 03:25:05,712:INFO: - Train metrics: accuracy: 0.350 ; loss: 1.379
2019-12-07 03:25:08,311:INFO: - Eval metrics : accuracy: 0.378 ; loss: 0.000
2019-12-07 03:25:10,738:INFO: - Found new best accuracy
2019-12-07 03:25:10,740:INFO: Epoch 5/200
2019-12-07 03:25:41,419:INFO: - Train metrics: accuracy: 0.383 ; loss: 1.379
2019-12-07 03:25:44,033:INFO: - Eval metrics : accuracy: 0.362 ; loss: 0.000
2019-12-07 03:25:44,898:INFO: Epoch 6/200
2019-12-07 03:26:15,355:INFO: - Train metrics: accuracy: 0.395 ; loss: 1.375
2019-12-07 03:26:17,979:INFO: - Eval metrics : accuracy: 0.418 ; loss: 0.000
2019-12-07 03:26:20,413:INFO: - Found new best accuracy
2019-12-07 03:26:20,415:INFO: Epoch 7/200
2019-12-07 03:26:51,032:INFO: - Train metrics: accuracy: 0.369 ; loss: 1.384
2019-12-07 03:26:53,672:INFO: - Eval metrics : accuracy: 0.427 ; loss: 0.000
2019-12-07 03:26:56,117:INFO: - Found new best accuracy
2019-12-07 03:26:56,120:INFO: Epoch 8/200
2019-12-07 03:27:26,628:INFO: - Train metrics: accuracy: 0.432 ; loss: 1.373
2019-12-07 03:27:29,228:INFO: - Eval metrics : accuracy: 0.393 ; loss: 0.000
2019-12-07 03:27:30,092:INFO: Epoch 9/200
2019-12-07 03:28:00,670:INFO: - Train metrics: accuracy: 0.445 ; loss: 1.372
2019-12-07 03:28:03,216:INFO: - Eval metrics : accuracy: 0.462 ; loss: 0.000
2019-12-07 03:28:05,651:INFO: - Found new best accuracy
2019-12-07 03:28:05,653:INFO: Epoch 10/200
2019-12-07 03:28:36,271:INFO: - Train metrics: accuracy: 0.457 ; loss: 1.374
2019-12-07 03:28:38,859:INFO: - Eval metrics : accuracy: 0.453 ; loss: 0.000
2019-12-07 03:28:39,744:INFO: Epoch 11/200
2019-12-07 03:29:10,303:INFO: - Train metrics: accuracy: 0.496 ; loss: 1.374
2019-12-07 03:29:12,855:INFO: - Eval metrics : accuracy: 0.484 ; loss: 0.000
2019-12-07 03:29:15,287:INFO: - Found new best accuracy
2019-12-07 03:29:16,125:INFO: Epoch 12/200
2019-12-07 03:29:46,620:INFO: - Train metrics: accuracy: 0.531 ; loss: 1.363
2019-12-07 03:29:49,230:INFO: - Eval metrics : accuracy: 0.476 ; loss: 0.000
2019-12-07 03:29:50,099:INFO: Epoch 13/200
2019-12-07 03:30:20,836:INFO: - Train metrics: accuracy: 0.541 ; loss: 1.370
2019-12-07 03:30:23,441:INFO: - Eval metrics : accuracy: 0.516 ; loss: 0.000
2019-12-07 03:30:25,874:INFO: - Found new best accuracy
2019-12-07 03:30:25,877:INFO: Epoch 14/200
2019-12-07 03:30:56,497:INFO: - Train metrics: accuracy: 0.512 ; loss: 1.370
2019-12-07 03:30:59,072:INFO: - Eval metrics : accuracy: 0.507 ; loss: 0.000
2019-12-07 03:30:59,941:INFO: Epoch 15/200
2019-12-07 03:31:30,501:INFO: - Train metrics: accuracy: 0.535 ; loss: 1.366
2019-12-07 03:31:33,089:INFO: - Eval metrics : accuracy: 0.526 ; loss: 0.000
2019-12-07 03:31:35,521:INFO: - Found new best accuracy
2019-12-07 03:31:35,523:INFO: Epoch 16/200
2019-12-07 03:32:06,167:INFO: - Train metrics: accuracy: 0.568 ; loss: 1.368
2019-12-07 03:32:08,782:INFO: - Eval metrics : accuracy: 0.553 ; loss: 0.000
2019-12-07 03:32:11,213:INFO: - Found new best accuracy
2019-12-07 03:32:11,216:INFO: Epoch 17/200
2019-12-07 03:32:41,828:INFO: - Train metrics: accuracy: 0.582 ; loss: 1.363
2019-12-07 03:32:44,417:INFO: - Eval metrics : accuracy: 0.500 ; loss: 0.000
2019-12-07 03:32:45,284:INFO: Epoch 18/200
2019-12-07 03:33:16,086:INFO: - Train metrics: accuracy: 0.592 ; loss: 1.370
2019-12-07 03:33:18,720:INFO: - Eval metrics : accuracy: 0.474 ; loss: 0.000
2019-12-07 03:33:19,586:INFO: Epoch 19/200
2019-12-07 03:33:50,168:INFO: - Train metrics: accuracy: 0.559 ; loss: 1.369
2019-12-07 03:33:53,015:INFO: - Eval metrics : accuracy: 0.556 ; loss: 0.000
2019-12-07 03:33:55,564:INFO: - Found new best accuracy
2019-12-07 03:33:55,566:INFO: Epoch 20/200
2019-12-07 03:34:26,145:INFO: - Train metrics: accuracy: 0.578 ; loss: 1.365
2019-12-07 03:34:28,765:INFO: - Eval metrics : accuracy: 0.569 ; loss: 0.000
2019-12-07 03:34:31,480:INFO: - Found new best accuracy
2019-12-07 03:34:31,482:INFO: Epoch 21/200
2019-12-07 03:35:02,031:INFO: - Train metrics: accuracy: 0.605 ; loss: 1.366
2019-12-07 03:35:04,591:INFO: - Eval metrics : accuracy: 0.585 ; loss: 0.000
2019-12-07 03:35:07,043:INFO: - Found new best accuracy
2019-12-07 03:35:07,045:INFO: Epoch 22/200
2019-12-07 03:35:37,576:INFO: - Train metrics: accuracy: 0.561 ; loss: 1.364
2019-12-07 03:35:40,192:INFO: - Eval metrics : accuracy: 0.537 ; loss: 0.000
2019-12-07 03:35:41,055:INFO: Epoch 23/200
2019-12-07 03:36:11,549:INFO: - Train metrics: accuracy: 0.584 ; loss: 1.363
2019-12-07 03:36:14,119:INFO: - Eval metrics : accuracy: 0.552 ; loss: 0.000
2019-12-07 03:36:14,983:INFO: Epoch 24/200
2019-12-07 03:36:45,500:INFO: - Train metrics: accuracy: 0.631 ; loss: 1.361
2019-12-07 03:36:48,051:INFO: - Eval metrics : accuracy: 0.539 ; loss: 0.000
2019-12-07 03:36:48,917:INFO: Epoch 25/200
2019-12-07 03:37:19,442:INFO: - Train metrics: accuracy: 0.621 ; loss: 1.357
2019-12-07 03:37:22,051:INFO: - Eval metrics : accuracy: 0.606 ; loss: 0.000
2019-12-07 03:37:24,496:INFO: - Found new best accuracy
2019-12-07 03:37:24,498:INFO: Epoch 26/200
2019-12-07 03:37:55,030:INFO: - Train metrics: accuracy: 0.613 ; loss: 1.365
2019-12-07 03:37:57,661:INFO: - Eval metrics : accuracy: 0.598 ; loss: 0.000
2019-12-07 03:37:58,527:INFO: Epoch 27/200
2019-12-07 03:38:29,002:INFO: - Train metrics: accuracy: 0.656 ; loss: 1.367
2019-12-07 03:38:31,915:INFO: - Eval metrics : accuracy: 0.601 ; loss: 0.000
2019-12-07 03:38:32,893:INFO: Epoch 28/200
2019-12-07 03:39:03,434:INFO: - Train metrics: accuracy: 0.654 ; loss: 1.367
2019-12-07 03:39:06,014:INFO: - Eval metrics : accuracy: 0.632 ; loss: 0.000
2019-12-07 03:39:08,452:INFO: - Found new best accuracy
2019-12-07 03:39:08,454:INFO: Epoch 29/200
2019-12-07 03:39:39,181:INFO: - Train metrics: accuracy: 0.623 ; loss: 1.360
2019-12-07 03:39:41,805:INFO: - Eval metrics : accuracy: 0.619 ; loss: 0.000
2019-12-07 03:39:42,670:INFO: Epoch 30/200
2019-12-07 03:40:13,155:INFO: - Train metrics: accuracy: 0.637 ; loss: 1.358
2019-12-07 03:40:15,736:INFO: - Eval metrics : accuracy: 0.619 ; loss: 0.000
2019-12-07 03:40:16,601:INFO: Epoch 31/200
2019-12-07 03:40:47,099:INFO: - Train metrics: accuracy: 0.609 ; loss: 1.362
2019-12-07 03:40:49,702:INFO: - Eval metrics : accuracy: 0.564 ; loss: 0.000
2019-12-07 03:40:50,566:INFO: Epoch 32/200
2019-12-07 03:41:21,215:INFO: - Train metrics: accuracy: 0.686 ; loss: 1.363
2019-12-07 03:41:23,796:INFO: - Eval metrics : accuracy: 0.471 ; loss: 0.000
2019-12-07 03:41:24,660:INFO: Epoch 33/200
2019-12-07 03:41:55,225:INFO: - Train metrics: accuracy: 0.656 ; loss: 1.364
2019-12-07 03:41:57,836:INFO: - Eval metrics : accuracy: 0.601 ; loss: 0.000
2019-12-07 03:41:58,702:INFO: Epoch 34/200
2019-12-07 03:42:29,290:INFO: - Train metrics: accuracy: 0.654 ; loss: 1.359
2019-12-07 03:42:31,860:INFO: - Eval metrics : accuracy: 0.534 ; loss: 0.000
2019-12-07 03:42:32,725:INFO: Epoch 35/200
2019-12-07 03:43:03,370:INFO: - Train metrics: accuracy: 0.631 ; loss: 1.367
2019-12-07 03:43:05,973:INFO: - Eval metrics : accuracy: 0.580 ; loss: 0.000
2019-12-07 03:43:06,844:INFO: Epoch 36/200
2019-12-07 03:43:37,426:INFO: - Train metrics: accuracy: 0.645 ; loss: 1.365
2019-12-07 03:43:40,057:INFO: - Eval metrics : accuracy: 0.582 ; loss: 0.000
2019-12-07 03:43:40,922:INFO: Epoch 37/200
2019-12-07 03:44:11,484:INFO: - Train metrics: accuracy: 0.680 ; loss: 1.359
2019-12-07 03:44:14,105:INFO: - Eval metrics : accuracy: 0.507 ; loss: 0.000
2019-12-07 03:44:14,973:INFO: Epoch 38/200
2019-12-07 03:44:45,495:INFO: - Train metrics: accuracy: 0.680 ; loss: 1.361
2019-12-07 03:44:48,048:INFO: - Eval metrics : accuracy: 0.580 ; loss: 0.000
2019-12-07 03:44:48,913:INFO: Epoch 39/200
2019-12-07 03:45:19,768:INFO: - Train metrics: accuracy: 0.641 ; loss: 1.361
2019-12-07 03:45:22,371:INFO: - Eval metrics : accuracy: 0.637 ; loss: 0.000
2019-12-07 03:45:24,804:INFO: - Found new best accuracy
2019-12-07 03:45:24,807:INFO: Epoch 40/200
2019-12-07 03:45:55,306:INFO: - Train metrics: accuracy: 0.652 ; loss: 1.364
2019-12-07 03:45:58,227:INFO: - Eval metrics : accuracy: 0.597 ; loss: 0.000
2019-12-07 03:45:59,196:INFO: Epoch 41/200
2019-12-07 03:46:29,733:INFO: - Train metrics: accuracy: 0.660 ; loss: 1.360
2019-12-07 03:46:32,336:INFO: - Eval metrics : accuracy: 0.568 ; loss: 0.000
2019-12-07 03:46:33,201:INFO: Epoch 42/200
2019-12-07 03:47:03,735:INFO: - Train metrics: accuracy: 0.668 ; loss: 1.360
2019-12-07 03:47:06,348:INFO: - Eval metrics : accuracy: 0.638 ; loss: 0.000
2019-12-07 03:47:08,784:INFO: - Found new best accuracy
2019-12-07 03:47:08,786:INFO: Epoch 43/200
2019-12-07 03:47:39,471:INFO: - Train metrics: accuracy: 0.709 ; loss: 1.359
2019-12-07 03:47:42,085:INFO: - Eval metrics : accuracy: 0.536 ; loss: 0.000
2019-12-07 03:47:42,954:INFO: Epoch 44/200
2019-12-07 03:48:13,510:INFO: - Train metrics: accuracy: 0.648 ; loss: 1.368
2019-12-07 03:48:16,145:INFO: - Eval metrics : accuracy: 0.533 ; loss: 0.000
2019-12-07 03:48:17,011:INFO: Epoch 45/200
2019-12-07 03:48:47,549:INFO: - Train metrics: accuracy: 0.674 ; loss: 1.358
2019-12-07 03:48:50,167:INFO: - Eval metrics : accuracy: 0.586 ; loss: 0.000
2019-12-07 03:48:51,034:INFO: Epoch 46/200
2019-12-07 03:49:21,726:INFO: - Train metrics: accuracy: 0.682 ; loss: 1.364
2019-12-07 03:49:24,370:INFO: - Eval metrics : accuracy: 0.573 ; loss: 0.000
2019-12-07 03:49:25,235:INFO: Epoch 47/200
2019-12-07 03:49:55,980:INFO: - Train metrics: accuracy: 0.693 ; loss: 1.354
2019-12-07 03:49:58,735:INFO: - Eval metrics : accuracy: 0.660 ; loss: 0.000
2019-12-07 03:50:01,168:INFO: - Found new best accuracy
2019-12-07 03:50:01,171:INFO: Epoch 48/200
2019-12-07 03:50:31,731:INFO: - Train metrics: accuracy: 0.678 ; loss: 1.359
2019-12-07 03:50:34,349:INFO: - Eval metrics : accuracy: 0.642 ; loss: 0.000
2019-12-07 03:50:35,231:INFO: Epoch 49/200
2019-12-07 03:51:05,776:INFO: - Train metrics: accuracy: 0.682 ; loss: 1.365
2019-12-07 03:51:08,408:INFO: - Eval metrics : accuracy: 0.561 ; loss: 0.000
2019-12-07 03:51:09,276:INFO: Epoch 50/200
2019-12-07 03:51:39,960:INFO: - Train metrics: accuracy: 0.652 ; loss: 1.367
2019-12-07 03:51:42,574:INFO: - Eval metrics : accuracy: 0.628 ; loss: 0.000
2019-12-07 03:51:43,439:INFO: Epoch 51/200
2019-12-07 03:52:14,196:INFO: - Train metrics: accuracy: 0.678 ; loss: 1.357
2019-12-07 03:52:16,744:INFO: - Eval metrics : accuracy: 0.632 ; loss: 0.000
2019-12-07 03:52:17,610:INFO: Epoch 52/200
2019-12-07 03:52:48,157:INFO: - Train metrics: accuracy: 0.680 ; loss: 1.358
2019-12-07 03:52:50,789:INFO: - Eval metrics : accuracy: 0.589 ; loss: 0.000
2019-12-07 03:52:51,655:INFO: Epoch 53/200
2019-12-07 03:53:22,139:INFO: - Train metrics: accuracy: 0.701 ; loss: 1.362
2019-12-07 03:53:24,766:INFO: - Eval metrics : accuracy: 0.658 ; loss: 0.000
2019-12-07 03:53:25,631:INFO: Epoch 54/200
2019-12-07 03:53:56,212:INFO: - Train metrics: accuracy: 0.658 ; loss: 1.369
2019-12-07 03:53:58,822:INFO: - Eval metrics : accuracy: 0.614 ; loss: 0.000
2019-12-07 03:53:59,686:INFO: Epoch 55/200
2019-12-07 03:54:30,407:INFO: - Train metrics: accuracy: 0.678 ; loss: 1.359
2019-12-07 03:54:33,014:INFO: - Eval metrics : accuracy: 0.652 ; loss: 0.000
2019-12-07 03:54:33,878:INFO: Epoch 56/200
2019-12-07 03:55:04,452:INFO: - Train metrics: accuracy: 0.705 ; loss: 1.367
2019-12-07 03:55:07,088:INFO: - Eval metrics : accuracy: 0.660 ; loss: 0.000
2019-12-07 03:55:09,527:INFO: - Found new best accuracy
2019-12-07 03:55:09,530:INFO: Epoch 57/200
2019-12-07 03:55:40,032:INFO: - Train metrics: accuracy: 0.678 ; loss: 1.361
2019-12-07 03:55:42,625:INFO: - Eval metrics : accuracy: 0.650 ; loss: 0.000
2019-12-07 03:55:43,489:INFO: Epoch 58/200
2019-12-07 03:56:14,546:INFO: - Train metrics: accuracy: 0.658 ; loss: 1.365
2019-12-07 03:56:17,130:INFO: - Eval metrics : accuracy: 0.601 ; loss: 0.000
2019-12-07 03:56:17,996:INFO: Epoch 59/200
2019-12-07 03:56:48,504:INFO: - Train metrics: accuracy: 0.699 ; loss: 1.365
2019-12-07 03:56:51,086:INFO: - Eval metrics : accuracy: 0.550 ; loss: 0.000
2019-12-07 03:56:51,952:INFO: Epoch 60/200
2019-12-07 03:57:22,431:INFO: - Train metrics: accuracy: 0.691 ; loss: 1.361
2019-12-07 03:57:25,052:INFO: - Eval metrics : accuracy: 0.611 ; loss: 0.000
2019-12-07 03:57:25,916:INFO: Epoch 61/200
2019-12-07 03:57:56,453:INFO: - Train metrics: accuracy: 0.715 ; loss: 1.358
2019-12-07 03:57:59,055:INFO: - Eval metrics : accuracy: 0.597 ; loss: 0.000
2019-12-07 03:57:59,922:INFO: Epoch 62/200
2019-12-07 03:58:30,643:INFO: - Train metrics: accuracy: 0.688 ; loss: 1.353
2019-12-07 03:58:33,241:INFO: - Eval metrics : accuracy: 0.608 ; loss: 0.000
2019-12-07 03:58:34,120:INFO: Epoch 63/200
2019-12-07 03:59:04,573:INFO: - Train metrics: accuracy: 0.658 ; loss: 1.363
2019-12-07 03:59:07,223:INFO: - Eval metrics : accuracy: 0.653 ; loss: 0.000
2019-12-07 03:59:08,092:INFO: Epoch 64/200
2019-12-07 03:59:38,572:INFO: - Train metrics: accuracy: 0.709 ; loss: 1.365
2019-12-07 03:59:41,188:INFO: - Eval metrics : accuracy: 0.556 ; loss: 0.000
2019-12-07 03:59:42,056:INFO: Epoch 65/200
2019-12-07 04:00:12,573:INFO: - Train metrics: accuracy: 0.740 ; loss: 1.357
2019-12-07 04:00:15,193:INFO: - Eval metrics : accuracy: 0.497 ; loss: 0.000
2019-12-07 04:00:16,061:INFO: Epoch 66/200
2019-12-07 04:00:46,913:INFO: - Train metrics: accuracy: 0.670 ; loss: 1.367
2019-12-07 04:00:49,703:INFO: - Eval metrics : accuracy: 0.591 ; loss: 0.000
2019-12-07 04:00:50,567:INFO: Epoch 67/200
2019-12-07 04:01:21,140:INFO: - Train metrics: accuracy: 0.703 ; loss: 1.363
2019-12-07 04:01:24,063:INFO: - Eval metrics : accuracy: 0.644 ; loss: 0.000
2019-12-07 04:01:25,046:INFO: Epoch 68/200
2019-12-07 04:01:55,642:INFO: - Train metrics: accuracy: 0.674 ; loss: 1.367
2019-12-07 04:01:58,254:INFO: - Eval metrics : accuracy: 0.599 ; loss: 0.000
2019-12-07 04:01:59,118:INFO: Epoch 69/200
2019-12-07 04:02:29,734:INFO: - Train metrics: accuracy: 0.652 ; loss: 1.359
2019-12-07 04:02:32,365:INFO: - Eval metrics : accuracy: 0.513 ; loss: 0.000
2019-12-07 04:02:33,234:INFO: Epoch 70/200
2019-12-07 04:03:03,779:INFO: - Train metrics: accuracy: 0.668 ; loss: 1.361
2019-12-07 04:03:06,391:INFO: - Eval metrics : accuracy: 0.666 ; loss: 0.000
2019-12-07 04:03:08,840:INFO: - Found new best accuracy
2019-12-07 04:03:08,843:INFO: Epoch 71/200
2019-12-07 04:03:39,423:INFO: - Train metrics: accuracy: 0.674 ; loss: 1.358
2019-12-07 04:03:42,079:INFO: - Eval metrics : accuracy: 0.545 ; loss: 0.000
2019-12-07 04:03:42,945:INFO: Epoch 72/200
2019-12-07 04:04:13,414:INFO: - Train metrics: accuracy: 0.697 ; loss: 1.358
2019-12-07 04:04:15,977:INFO: - Eval metrics : accuracy: 0.633 ; loss: 0.000
2019-12-07 04:04:16,844:INFO: Epoch 73/200
2019-12-07 04:04:47,476:INFO: - Train metrics: accuracy: 0.670 ; loss: 1.360
2019-12-07 04:04:50,102:INFO: - Eval metrics : accuracy: 0.552 ; loss: 0.000
2019-12-07 04:04:50,967:INFO: Epoch 74/200
2019-12-07 04:05:21,700:INFO: - Train metrics: accuracy: 0.670 ; loss: 1.362
2019-12-07 04:05:24,291:INFO: - Eval metrics : accuracy: 0.643 ; loss: 0.000
2019-12-07 04:05:25,159:INFO: Epoch 75/200
2019-12-07 04:05:55,659:INFO: - Train metrics: accuracy: 0.662 ; loss: 1.363
2019-12-07 04:05:58,260:INFO: - Eval metrics : accuracy: 0.660 ; loss: 0.000
2019-12-07 04:05:59,124:INFO: Epoch 76/200
2019-12-07 04:06:29,791:INFO: - Train metrics: accuracy: 0.703 ; loss: 1.350
2019-12-07 04:06:32,402:INFO: - Eval metrics : accuracy: 0.626 ; loss: 0.000
2019-12-07 04:06:33,269:INFO: Epoch 77/200
2019-12-07 04:07:03,722:INFO: - Train metrics: accuracy: 0.738 ; loss: 1.351
2019-12-07 04:07:06,346:INFO: - Eval metrics : accuracy: 0.637 ; loss: 0.000
2019-12-07 04:07:07,215:INFO: Epoch 78/200
2019-12-07 04:07:37,911:INFO: - Train metrics: accuracy: 0.688 ; loss: 1.358
2019-12-07 04:07:40,487:INFO: - Eval metrics : accuracy: 0.628 ; loss: 0.000
2019-12-07 04:07:41,355:INFO: Epoch 79/200
2019-12-07 04:08:11,902:INFO: - Train metrics: accuracy: 0.672 ; loss: 1.368
2019-12-07 04:08:14,482:INFO: - Eval metrics : accuracy: 0.558 ; loss: 0.000
2019-12-07 04:08:15,350:INFO: Epoch 80/200
2019-12-07 04:08:45,867:INFO: - Train metrics: accuracy: 0.682 ; loss: 1.357
2019-12-07 04:08:48,757:INFO: - Eval metrics : accuracy: 0.637 ; loss: 0.000
2019-12-07 04:08:49,647:INFO: Epoch 81/200
2019-12-07 04:09:20,262:INFO: - Train metrics: accuracy: 0.713 ; loss: 1.368
2019-12-07 04:09:22,898:INFO: - Eval metrics : accuracy: 0.649 ; loss: 0.000
2019-12-07 04:09:23,766:INFO: Epoch 82/200
2019-12-07 04:09:54,316:INFO: - Train metrics: accuracy: 0.709 ; loss: 1.363
2019-12-07 04:09:56,892:INFO: - Eval metrics : accuracy: 0.658 ; loss: 0.000
2019-12-07 04:09:57,757:INFO: Epoch 83/200
2019-12-07 04:10:28,266:INFO: - Train metrics: accuracy: 0.664 ; loss: 1.367
2019-12-07 04:10:30,856:INFO: - Eval metrics : accuracy: 0.637 ; loss: 0.000
2019-12-07 04:10:31,711:INFO: Epoch 84/200
2019-12-07 04:11:02,196:INFO: - Train metrics: accuracy: 0.686 ; loss: 1.365
2019-12-07 04:11:04,837:INFO: - Eval metrics : accuracy: 0.528 ; loss: 0.000
2019-12-07 04:11:05,706:INFO: Epoch 85/200
2019-12-07 04:11:36,201:INFO: - Train metrics: accuracy: 0.678 ; loss: 1.356
2019-12-07 04:11:38,824:INFO: - Eval metrics : accuracy: 0.573 ; loss: 0.000
2019-12-07 04:11:39,692:INFO: Epoch 86/200
2019-12-07 04:12:10,179:INFO: - Train metrics: accuracy: 0.705 ; loss: 1.358
2019-12-07 04:12:12,766:INFO: - Eval metrics : accuracy: 0.628 ; loss: 0.000
2019-12-07 04:12:13,636:INFO: Epoch 87/200
2019-12-07 04:12:44,287:INFO: - Train metrics: accuracy: 0.703 ; loss: 1.360
2019-12-07 04:12:46,864:INFO: - Eval metrics : accuracy: 0.583 ; loss: 0.000
2019-12-07 04:12:47,728:INFO: Epoch 88/200
2019-12-07 04:13:18,630:INFO: - Train metrics: accuracy: 0.695 ; loss: 1.367
2019-12-07 04:13:21,340:INFO: - Eval metrics : accuracy: 0.655 ; loss: 0.000
2019-12-07 04:13:22,210:INFO: Epoch 89/200
2019-12-07 04:13:52,926:INFO: - Train metrics: accuracy: 0.668 ; loss: 1.365
2019-12-07 04:13:55,884:INFO: - Eval metrics : accuracy: 0.625 ; loss: 0.000
2019-12-07 04:13:56,867:INFO: Epoch 90/200
2019-12-07 04:14:27,353:INFO: - Train metrics: accuracy: 0.693 ; loss: 1.361
2019-12-07 04:14:29,893:INFO: - Eval metrics : accuracy: 0.554 ; loss: 0.000
2019-12-07 04:14:30,759:INFO: Epoch 91/200
2019-12-07 04:15:01,250:INFO: - Train metrics: accuracy: 0.688 ; loss: 1.355
2019-12-07 04:15:03,839:INFO: - Eval metrics : accuracy: 0.648 ; loss: 0.000
2019-12-07 04:15:04,703:INFO: Epoch 92/200
2019-12-07 04:15:35,762:INFO: - Train metrics: accuracy: 0.707 ; loss: 1.357
2019-12-07 04:15:38,563:INFO: - Eval metrics : accuracy: 0.606 ; loss: 0.000
2019-12-07 04:15:39,430:INFO: Epoch 93/200
2019-12-07 04:16:13,795:INFO: Loading the datasets...
2019-12-07 04:16:16,713:INFO: - done.
2019-12-07 04:16:22,125:INFO: Experiment - model version: resnet18_distill
2019-12-07 04:16:22,126:INFO: Starting training for 200 epoch(s)
2019-12-07 04:16:22,126:INFO: First, loading the teacher model and computing its outputs...
2019-12-07 04:17:21,755:INFO: - Finished computing teacher outputs after 60 secs..
2019-12-07 04:17:21,758:INFO: Epoch 1/200
2019-12-07 04:17:52,238:INFO: - Train metrics: accuracy: 0.180 ; loss: 1.396
2019-12-07 04:17:54,841:INFO: - Eval metrics : accuracy: 0.260 ; loss: 0.000
2019-12-07 04:17:57,283:INFO: - Found new best accuracy
2019-12-07 04:17:57,285:INFO: Epoch 2/200
2019-12-07 04:18:27,862:INFO: - Train metrics: accuracy: 0.277 ; loss: 1.374
2019-12-07 04:18:30,460:INFO: - Eval metrics : accuracy: 0.321 ; loss: 0.000
2019-12-07 04:18:32,899:INFO: - Found new best accuracy
2019-12-07 04:18:32,901:INFO: Epoch 3/200
2019-12-07 04:19:03,543:INFO: - Train metrics: accuracy: 0.344 ; loss: 1.381
2019-12-07 04:19:06,159:INFO: - Eval metrics : accuracy: 0.359 ; loss: 0.000
2019-12-07 04:19:08,595:INFO: - Found new best accuracy
2019-12-07 04:19:08,598:INFO: Epoch 4/200
2019-12-07 04:19:39,080:INFO: - Train metrics: accuracy: 0.373 ; loss: 1.377
2019-12-07 04:19:41,625:INFO: - Eval metrics : accuracy: 0.406 ; loss: 0.000
2019-12-07 04:19:44,059:INFO: - Found new best accuracy
2019-12-07 04:19:44,061:INFO: Epoch 5/200
2019-12-07 04:20:14,699:INFO: - Train metrics: accuracy: 0.420 ; loss: 1.378
2019-12-07 04:20:17,258:INFO: - Eval metrics : accuracy: 0.411 ; loss: 0.000
2019-12-07 04:20:19,702:INFO: - Found new best accuracy
2019-12-07 04:20:19,704:INFO: Epoch 6/200
2019-12-07 04:20:50,452:INFO: - Train metrics: accuracy: 0.432 ; loss: 1.376
2019-12-07 04:20:53,057:INFO: - Eval metrics : accuracy: 0.447 ; loss: 0.000
2019-12-07 04:20:55,503:INFO: - Found new best accuracy
2019-12-07 04:20:55,506:INFO: Epoch 7/200
2019-12-07 04:21:26,431:INFO: - Train metrics: accuracy: 0.422 ; loss: 1.382
2019-12-07 04:21:29,015:INFO: - Eval metrics : accuracy: 0.435 ; loss: 0.000
2019-12-07 04:21:29,879:INFO: Epoch 8/200
2019-12-07 04:22:00,334:INFO: - Train metrics: accuracy: 0.445 ; loss: 1.371
2019-12-07 04:22:02,982:INFO: - Eval metrics : accuracy: 0.433 ; loss: 0.000
2019-12-07 04:22:03,849:INFO: Epoch 9/200
2019-12-07 04:22:34,368:INFO: - Train metrics: accuracy: 0.467 ; loss: 1.367
2019-12-07 04:22:36,979:INFO: - Eval metrics : accuracy: 0.518 ; loss: 0.000
2019-12-07 04:22:41,639:INFO: - Found new best accuracy
2019-12-07 04:22:41,641:INFO: Epoch 10/200
2019-12-07 04:23:12,173:INFO: - Train metrics: accuracy: 0.504 ; loss: 1.372
2019-12-07 04:23:14,764:INFO: - Eval metrics : accuracy: 0.507 ; loss: 0.000
2019-12-07 04:23:15,633:INFO: Epoch 11/200
2019-12-07 04:23:46,239:INFO: - Train metrics: accuracy: 0.541 ; loss: 1.373
2019-12-07 04:23:48,830:INFO: - Eval metrics : accuracy: 0.541 ; loss: 0.000
2019-12-07 04:23:51,261:INFO: - Found new best accuracy
2019-12-07 04:23:51,263:INFO: Epoch 12/200
2019-12-07 04:24:22,077:INFO: - Train metrics: accuracy: 0.531 ; loss: 1.364
2019-12-07 04:24:24,889:INFO: - Eval metrics : accuracy: 0.470 ; loss: 0.000
2019-12-07 04:24:25,761:INFO: Epoch 13/200
2019-12-07 04:24:56,281:INFO: - Train metrics: accuracy: 0.547 ; loss: 1.370
2019-12-07 04:24:59,167:INFO: - Eval metrics : accuracy: 0.522 ; loss: 0.000
2019-12-07 04:25:00,146:INFO: Epoch 14/200
2019-12-07 04:25:30,638:INFO: - Train metrics: accuracy: 0.523 ; loss: 1.370
2019-12-07 04:25:33,229:INFO: - Eval metrics : accuracy: 0.539 ; loss: 0.000
2019-12-07 04:25:34,099:INFO: Epoch 15/200
2019-12-07 04:26:04,781:INFO: - Train metrics: accuracy: 0.566 ; loss: 1.364
2019-12-07 04:26:07,392:INFO: - Eval metrics : accuracy: 0.559 ; loss: 0.000
2019-12-07 04:26:09,828:INFO: - Found new best accuracy
2019-12-07 04:26:09,831:INFO: Epoch 16/200
2019-12-07 04:26:40,550:INFO: - Train metrics: accuracy: 0.578 ; loss: 1.368
2019-12-07 04:26:43,121:INFO: - Eval metrics : accuracy: 0.601 ; loss: 0.000
2019-12-07 04:26:45,573:INFO: - Found new best accuracy
2019-12-07 04:26:45,575:INFO: Epoch 17/200
2019-12-07 04:27:16,088:INFO: - Train metrics: accuracy: 0.592 ; loss: 1.365
2019-12-07 04:27:18,682:INFO: - Eval metrics : accuracy: 0.578 ; loss: 0.000
2019-12-07 04:27:19,552:INFO: Epoch 18/200
2019-12-07 04:27:50,167:INFO: - Train metrics: accuracy: 0.588 ; loss: 1.368
2019-12-07 04:27:52,761:INFO: - Eval metrics : accuracy: 0.517 ; loss: 0.000
2019-12-07 04:27:53,626:INFO: Epoch 19/200
2019-12-07 04:28:24,171:INFO: - Train metrics: accuracy: 0.582 ; loss: 1.365
2019-12-07 04:28:26,774:INFO: - Eval metrics : accuracy: 0.580 ; loss: 0.000
2019-12-07 04:28:27,643:INFO: Epoch 20/200
2019-12-07 04:28:58,153:INFO: - Train metrics: accuracy: 0.602 ; loss: 1.364
2019-12-07 04:29:00,767:INFO: - Eval metrics : accuracy: 0.588 ; loss: 0.000
2019-12-07 04:29:01,633:INFO: Epoch 21/200
2019-12-07 04:29:32,176:INFO: - Train metrics: accuracy: 0.639 ; loss: 1.362
2019-12-07 04:29:34,780:INFO: - Eval metrics : accuracy: 0.624 ; loss: 0.000
2019-12-07 04:29:37,220:INFO: - Found new best accuracy
2019-12-07 04:29:37,223:INFO: Epoch 22/200
2019-12-07 04:30:07,838:INFO: - Train metrics: accuracy: 0.594 ; loss: 1.361
2019-12-07 04:30:10,599:INFO: - Eval metrics : accuracy: 0.526 ; loss: 0.000
2019-12-07 04:30:11,467:INFO: Epoch 23/200
2019-12-07 04:30:42,089:INFO: - Train metrics: accuracy: 0.611 ; loss: 1.361
2019-12-07 04:30:44,901:INFO: - Eval metrics : accuracy: 0.544 ; loss: 0.000
2019-12-07 04:30:46,170:INFO: Epoch 24/200
2019-12-07 04:31:16,682:INFO: - Train metrics: accuracy: 0.656 ; loss: 1.360
2019-12-07 04:31:19,255:INFO: - Eval metrics : accuracy: 0.551 ; loss: 0.000
2019-12-07 04:31:20,124:INFO: Epoch 25/200
2019-12-07 04:31:50,648:INFO: - Train metrics: accuracy: 0.629 ; loss: 1.356
2019-12-07 04:31:53,269:INFO: - Eval metrics : accuracy: 0.571 ; loss: 0.000
2019-12-07 04:31:54,135:INFO: Epoch 26/200
2019-12-07 04:32:24,796:INFO: - Train metrics: accuracy: 0.639 ; loss: 1.363
2019-12-07 04:32:27,416:INFO: - Eval metrics : accuracy: 0.598 ; loss: 0.000
2019-12-07 04:32:28,285:INFO: Epoch 27/200
2019-12-07 04:32:58,791:INFO: - Train metrics: accuracy: 0.658 ; loss: 1.366
2019-12-07 04:33:01,410:INFO: - Eval metrics : accuracy: 0.557 ; loss: 0.000
2019-12-07 04:33:02,278:INFO: Epoch 28/200
2019-12-07 04:33:32,843:INFO: - Train metrics: accuracy: 0.645 ; loss: 1.363
2019-12-07 04:33:35,430:INFO: - Eval metrics : accuracy: 0.652 ; loss: 0.000
2019-12-07 04:33:38,148:INFO: - Found new best accuracy
2019-12-07 04:33:38,150:INFO: Epoch 29/200
2019-12-07 04:34:08,708:INFO: - Train metrics: accuracy: 0.660 ; loss: 1.359
2019-12-07 04:34:11,279:INFO: - Eval metrics : accuracy: 0.595 ; loss: 0.000
2019-12-07 04:34:12,149:INFO: Epoch 30/200
2019-12-07 04:34:42,680:INFO: - Train metrics: accuracy: 0.646 ; loss: 1.359
2019-12-07 04:34:45,256:INFO: - Eval metrics : accuracy: 0.640 ; loss: 0.000
2019-12-07 04:34:46,123:INFO: Epoch 31/200
2019-12-07 04:35:16,635:INFO: - Train metrics: accuracy: 0.637 ; loss: 1.359
2019-12-07 04:35:19,231:INFO: - Eval metrics : accuracy: 0.589 ; loss: 0.000
2019-12-07 04:35:20,100:INFO: Epoch 32/200
2019-12-07 04:35:50,788:INFO: - Train metrics: accuracy: 0.666 ; loss: 1.363
2019-12-07 04:35:53,392:INFO: - Eval metrics : accuracy: 0.448 ; loss: 0.000
2019-12-07 04:35:54,249:INFO: Epoch 33/200
2019-12-07 04:36:24,907:INFO: - Train metrics: accuracy: 0.652 ; loss: 1.367
2019-12-07 04:36:27,518:INFO: - Eval metrics : accuracy: 0.645 ; loss: 0.000
2019-12-07 04:36:28,385:INFO: Epoch 34/200
2019-12-07 04:36:58,979:INFO: - Train metrics: accuracy: 0.646 ; loss: 1.361
2019-12-07 04:37:01,580:INFO: - Eval metrics : accuracy: 0.660 ; loss: 0.000
2019-12-07 04:37:04,016:INFO: - Found new best accuracy
2019-12-07 04:37:04,019:INFO: Epoch 35/200
2019-12-07 04:37:34,620:INFO: - Train metrics: accuracy: 0.654 ; loss: 1.367
2019-12-07 04:37:37,199:INFO: - Eval metrics : accuracy: 0.622 ; loss: 0.000
2019-12-07 04:37:38,066:INFO: Epoch 36/200
2019-12-07 04:38:08,556:INFO: - Train metrics: accuracy: 0.670 ; loss: 1.365
2019-12-07 04:38:11,144:INFO: - Eval metrics : accuracy: 0.635 ; loss: 0.000
2019-12-07 04:38:12,011:INFO: Epoch 37/200
2019-12-07 04:38:42,554:INFO: - Train metrics: accuracy: 0.699 ; loss: 1.362
2019-12-07 04:38:45,142:INFO: - Eval metrics : accuracy: 0.558 ; loss: 0.000
2019-12-07 04:38:46,027:INFO: Epoch 38/200
2019-12-07 04:39:16,582:INFO: - Train metrics: accuracy: 0.666 ; loss: 1.361
2019-12-07 04:39:19,202:INFO: - Eval metrics : accuracy: 0.515 ; loss: 0.000
2019-12-07 04:39:20,070:INFO: Epoch 39/200
2019-12-07 04:39:50,743:INFO: - Train metrics: accuracy: 0.627 ; loss: 1.361
2019-12-07 04:39:53,362:INFO: - Eval metrics : accuracy: 0.607 ; loss: 0.000
2019-12-07 04:39:54,231:INFO: Epoch 40/200
2019-12-07 04:40:25,203:INFO: - Train metrics: accuracy: 0.650 ; loss: 1.364
2019-12-07 04:40:28,012:INFO: - Eval metrics : accuracy: 0.631 ; loss: 0.000
2019-12-07 04:40:28,877:INFO: Epoch 41/200
2019-12-07 04:40:59,464:INFO: - Train metrics: accuracy: 0.678 ; loss: 1.358
2019-12-07 04:41:02,288:INFO: - Eval metrics : accuracy: 0.603 ; loss: 0.000
2019-12-07 04:41:03,271:INFO: Epoch 42/200
2019-12-07 04:41:33,830:INFO: - Train metrics: accuracy: 0.686 ; loss: 1.356
2019-12-07 04:41:36,466:INFO: - Eval metrics : accuracy: 0.609 ; loss: 0.000
2019-12-07 04:41:37,331:INFO: Epoch 43/200
2019-12-07 04:42:08,103:INFO: - Train metrics: accuracy: 0.697 ; loss: 1.358
2019-12-07 04:42:10,680:INFO: - Eval metrics : accuracy: 0.485 ; loss: 0.000
2019-12-07 04:42:11,547:INFO: Epoch 44/200
2019-12-07 04:42:42,078:INFO: - Train metrics: accuracy: 0.652 ; loss: 1.370
2019-12-07 04:42:44,706:INFO: - Eval metrics : accuracy: 0.595 ; loss: 0.000
2019-12-07 04:42:45,576:INFO: Epoch 45/200
2019-12-07 04:43:16,079:INFO: - Train metrics: accuracy: 0.684 ; loss: 1.358
2019-12-07 04:43:18,654:INFO: - Eval metrics : accuracy: 0.641 ; loss: 0.000
2019-12-07 04:43:19,519:INFO: Epoch 46/200
2019-12-07 04:43:50,047:INFO: - Train metrics: accuracy: 0.662 ; loss: 1.365
2019-12-07 04:43:52,652:INFO: - Eval metrics : accuracy: 0.612 ; loss: 0.000
2019-12-07 04:43:53,522:INFO: Epoch 47/200
2019-12-07 04:44:24,080:INFO: - Train metrics: accuracy: 0.688 ; loss: 1.355
2019-12-07 04:44:26,655:INFO: - Eval metrics : accuracy: 0.615 ; loss: 0.000
2019-12-07 04:44:27,520:INFO: Epoch 48/200
2019-12-07 04:44:58,104:INFO: - Train metrics: accuracy: 0.676 ; loss: 1.360
2019-12-07 04:45:00,692:INFO: - Eval metrics : accuracy: 0.634 ; loss: 0.000
2019-12-07 04:45:01,560:INFO: Epoch 49/200
2019-12-07 04:45:32,107:INFO: - Train metrics: accuracy: 0.686 ; loss: 1.367
2019-12-07 04:45:34,696:INFO: - Eval metrics : accuracy: 0.462 ; loss: 0.000
2019-12-07 04:45:35,592:INFO: Epoch 50/200
2019-12-07 04:46:06,362:INFO: - Train metrics: accuracy: 0.639 ; loss: 1.367
2019-12-07 04:46:08,970:INFO: - Eval metrics : accuracy: 0.515 ; loss: 0.000
2019-12-07 04:46:09,837:INFO: Epoch 51/200
2019-12-07 04:46:40,391:INFO: - Train metrics: accuracy: 0.676 ; loss: 1.354
2019-12-07 04:46:43,012:INFO: - Eval metrics : accuracy: 0.663 ; loss: 0.000
2019-12-07 04:46:45,445:INFO: - Found new best accuracy
2019-12-07 04:46:45,448:INFO: Epoch 52/200
2019-12-07 04:47:16,002:INFO: - Train metrics: accuracy: 0.697 ; loss: 1.359
2019-12-07 04:47:18,815:INFO: - Eval metrics : accuracy: 0.570 ; loss: 0.000
2019-12-07 04:47:19,937:INFO: Epoch 53/200
2019-12-07 04:47:50,499:INFO: - Train metrics: accuracy: 0.686 ; loss: 1.365
2019-12-07 04:47:53,107:INFO: - Eval metrics : accuracy: 0.591 ; loss: 0.000
2019-12-07 04:47:53,972:INFO: Epoch 54/200
2019-12-07 04:48:24,473:INFO: - Train metrics: accuracy: 0.691 ; loss: 1.370
2019-12-07 04:48:27,075:INFO: - Eval metrics : accuracy: 0.589 ; loss: 0.000
2019-12-07 04:48:27,948:INFO: Epoch 55/200
2019-12-07 04:48:58,465:INFO: - Train metrics: accuracy: 0.670 ; loss: 1.358
2019-12-07 04:49:01,070:INFO: - Eval metrics : accuracy: 0.593 ; loss: 0.000
2019-12-07 04:49:01,935:INFO: Epoch 56/200
2019-12-07 04:49:32,494:INFO: - Train metrics: accuracy: 0.689 ; loss: 1.365
2019-12-07 04:49:35,100:INFO: - Eval metrics : accuracy: 0.667 ; loss: 0.000
2019-12-07 04:49:37,546:INFO: - Found new best accuracy
2019-12-07 04:49:37,549:INFO: Epoch 57/200
2019-12-07 04:50:08,019:INFO: - Train metrics: accuracy: 0.664 ; loss: 1.361
2019-12-07 04:50:10,644:INFO: - Eval metrics : accuracy: 0.588 ; loss: 0.000
2019-12-07 04:50:11,513:INFO: Epoch 58/200
2019-12-07 04:50:42,087:INFO: - Train metrics: accuracy: 0.654 ; loss: 1.368
2019-12-07 04:50:44,706:INFO: - Eval metrics : accuracy: 0.600 ; loss: 0.000
2019-12-07 04:50:45,573:INFO: Epoch 59/200
2019-12-07 04:51:16,035:INFO: - Train metrics: accuracy: 0.713 ; loss: 1.361
2019-12-07 04:51:18,574:INFO: - Eval metrics : accuracy: 0.533 ; loss: 0.000
2019-12-07 04:51:19,441:INFO: Epoch 60/200
2019-12-07 04:51:49,955:INFO: - Train metrics: accuracy: 0.670 ; loss: 1.361
2019-12-07 04:51:52,524:INFO: - Eval metrics : accuracy: 0.685 ; loss: 0.000
2019-12-07 04:51:54,966:INFO: - Found new best accuracy
2019-12-07 04:51:54,968:INFO: Epoch 61/200
2019-12-07 04:52:25,588:INFO: - Train metrics: accuracy: 0.674 ; loss: 1.360
2019-12-07 04:52:28,184:INFO: - Eval metrics : accuracy: 0.673 ; loss: 0.000
2019-12-07 04:52:29,050:INFO: Epoch 62/200
2019-12-07 04:52:59,672:INFO: - Train metrics: accuracy: 0.689 ; loss: 1.355
2019-12-07 04:53:02,279:INFO: - Eval metrics : accuracy: 0.625 ; loss: 0.000
2019-12-07 04:53:03,146:INFO: Epoch 63/200
2019-12-07 04:53:33,623:INFO: - Train metrics: accuracy: 0.697 ; loss: 1.358
2019-12-07 04:53:36,211:INFO: - Eval metrics : accuracy: 0.667 ; loss: 0.000
2019-12-07 04:53:37,077:INFO: Epoch 64/200
2019-12-07 04:54:07,700:INFO: - Train metrics: accuracy: 0.729 ; loss: 1.365
2019-12-07 04:54:10,241:INFO: - Eval metrics : accuracy: 0.594 ; loss: 0.000
2019-12-07 04:54:11,111:INFO: Epoch 65/200
2019-12-07 04:54:41,756:INFO: - Train metrics: accuracy: 0.707 ; loss: 1.356
2019-12-07 04:54:44,338:INFO: - Eval metrics : accuracy: 0.545 ; loss: 0.000
2019-12-07 04:54:45,202:INFO: Epoch 66/200
2019-12-07 04:55:15,833:INFO: - Train metrics: accuracy: 0.648 ; loss: 1.365
2019-12-07 04:55:18,435:INFO: - Eval metrics : accuracy: 0.553 ; loss: 0.000
2019-12-07 04:55:19,301:INFO: Epoch 67/200
2019-12-07 04:55:49,896:INFO: - Train metrics: accuracy: 0.711 ; loss: 1.362
2019-12-07 04:55:52,511:INFO: - Eval metrics : accuracy: 0.675 ; loss: 0.000
2019-12-07 04:55:53,378:INFO: Epoch 68/200
2019-12-07 04:56:23,932:INFO: - Train metrics: accuracy: 0.693 ; loss: 1.364
2019-12-07 04:56:26,534:INFO: - Eval metrics : accuracy: 0.633 ; loss: 0.000
2019-12-07 04:56:27,400:INFO: Epoch 69/200
2019-12-07 04:56:57,999:INFO: - Train metrics: accuracy: 0.650 ; loss: 1.358
2019-12-07 04:57:00,593:INFO: - Eval metrics : accuracy: 0.630 ; loss: 0.000
2019-12-07 04:57:01,458:INFO: Epoch 70/200
2019-12-07 04:57:32,082:INFO: - Train metrics: accuracy: 0.633 ; loss: 1.364
2019-12-07 04:57:34,709:INFO: - Eval metrics : accuracy: 0.526 ; loss: 0.000
2019-12-07 04:57:35,574:INFO: Epoch 71/200
2019-12-07 04:58:06,094:INFO: - Train metrics: accuracy: 0.662 ; loss: 1.362
2019-12-07 04:58:08,706:INFO: - Eval metrics : accuracy: 0.661 ; loss: 0.000
2019-12-07 04:58:09,572:INFO: Epoch 72/200
2019-12-07 04:58:40,128:INFO: - Train metrics: accuracy: 0.703 ; loss: 1.357
2019-12-07 04:58:42,678:INFO: - Eval metrics : accuracy: 0.541 ; loss: 0.000
2019-12-07 04:58:43,544:INFO: Epoch 73/200
2019-12-07 04:59:14,095:INFO: - Train metrics: accuracy: 0.654 ; loss: 1.363
2019-12-07 04:59:16,707:INFO: - Eval metrics : accuracy: 0.556 ; loss: 0.000
2019-12-07 04:59:17,572:INFO: Epoch 74/200
2019-12-07 04:59:48,112:INFO: - Train metrics: accuracy: 0.668 ; loss: 1.357
2019-12-07 04:59:50,702:INFO: - Eval metrics : accuracy: 0.630 ; loss: 0.000
2019-12-07 04:59:51,569:INFO: Epoch 75/200
2019-12-07 05:00:22,180:INFO: - Train metrics: accuracy: 0.691 ; loss: 1.363
2019-12-07 05:00:24,788:INFO: - Eval metrics : accuracy: 0.665 ; loss: 0.000
2019-12-07 05:00:25,653:INFO: Epoch 76/200
2019-12-07 05:00:56,241:INFO: - Train metrics: accuracy: 0.693 ; loss: 1.347
2019-12-07 05:00:58,868:INFO: - Eval metrics : accuracy: 0.585 ; loss: 0.000
2019-12-07 05:00:59,735:INFO: Epoch 77/200
2019-12-07 05:01:30,383:INFO: - Train metrics: accuracy: 0.742 ; loss: 1.352
2019-12-07 05:01:32,975:INFO: - Eval metrics : accuracy: 0.628 ; loss: 0.000
2019-12-07 05:01:33,843:INFO: Epoch 78/200
2019-12-07 05:02:04,357:INFO: - Train metrics: accuracy: 0.693 ; loss: 1.359
2019-12-07 05:02:06,967:INFO: - Eval metrics : accuracy: 0.619 ; loss: 0.000
2019-12-07 05:02:07,835:INFO: Epoch 79/200
2019-12-07 05:02:38,392:INFO: - Train metrics: accuracy: 0.652 ; loss: 1.369
2019-12-07 05:02:41,016:INFO: - Eval metrics : accuracy: 0.552 ; loss: 0.000
2019-12-07 05:02:41,884:INFO: Epoch 80/200
2019-12-07 05:03:12,444:INFO: - Train metrics: accuracy: 0.660 ; loss: 1.363
2019-12-07 05:03:15,017:INFO: - Eval metrics : accuracy: 0.580 ; loss: 0.000
2019-12-07 05:03:15,885:INFO: Epoch 81/200
2019-12-07 05:03:46,458:INFO: - Train metrics: accuracy: 0.674 ; loss: 1.367
2019-12-07 05:03:49,055:INFO: - Eval metrics : accuracy: 0.645 ; loss: 0.000
2019-12-07 05:03:49,923:INFO: Epoch 82/200
2019-12-07 05:04:20,537:INFO: - Train metrics: accuracy: 0.697 ; loss: 1.365
2019-12-07 05:04:23,155:INFO: - Eval metrics : accuracy: 0.552 ; loss: 0.000
2019-12-07 05:04:24,020:INFO: Epoch 83/200
2019-12-07 05:04:54,552:INFO: - Train metrics: accuracy: 0.664 ; loss: 1.364
2019-12-07 05:04:57,161:INFO: - Eval metrics : accuracy: 0.625 ; loss: 0.000
2019-12-07 05:04:58,082:INFO: Epoch 84/200
2019-12-07 05:05:28,624:INFO: - Train metrics: accuracy: 0.656 ; loss: 1.364
2019-12-07 05:05:31,229:INFO: - Eval metrics : accuracy: 0.654 ; loss: 0.000
2019-12-07 05:05:32,095:INFO: Epoch 85/200
2019-12-07 05:06:02,631:INFO: - Train metrics: accuracy: 0.674 ; loss: 1.355
2019-12-07 05:06:05,229:INFO: - Eval metrics : accuracy: 0.655 ; loss: 0.000
2019-12-07 05:06:06,093:INFO: Epoch 86/200
2019-12-07 05:06:36,609:INFO: - Train metrics: accuracy: 0.674 ; loss: 1.359
2019-12-07 05:06:39,179:INFO: - Eval metrics : accuracy: 0.648 ; loss: 0.000
2019-12-07 05:06:40,047:INFO: Epoch 87/200
2019-12-07 05:07:10,592:INFO: - Train metrics: accuracy: 0.705 ; loss: 1.362
2019-12-07 05:07:13,218:INFO: - Eval metrics : accuracy: 0.633 ; loss: 0.000
2019-12-07 05:07:14,084:INFO: Epoch 88/200
2019-12-07 05:07:44,619:INFO: - Train metrics: accuracy: 0.686 ; loss: 1.367
2019-12-07 05:07:47,244:INFO: - Eval metrics : accuracy: 0.620 ; loss: 0.000
2019-12-07 05:07:48,109:INFO: Epoch 89/200
2019-12-07 05:08:18,667:INFO: - Train metrics: accuracy: 0.691 ; loss: 1.363
2019-12-07 05:08:21,266:INFO: - Eval metrics : accuracy: 0.686 ; loss: 0.000
2019-12-07 05:08:23,718:INFO: - Found new best accuracy
2019-12-07 05:08:23,720:INFO: Epoch 90/200
2019-12-07 05:08:54,275:INFO: - Train metrics: accuracy: 0.707 ; loss: 1.359
2019-12-07 05:08:56,856:INFO: - Eval metrics : accuracy: 0.659 ; loss: 0.000
2019-12-07 05:08:57,720:INFO: Epoch 91/200
2019-12-07 05:09:28,275:INFO: - Train metrics: accuracy: 0.666 ; loss: 1.357
2019-12-07 05:09:30,826:INFO: - Eval metrics : accuracy: 0.648 ; loss: 0.000
2019-12-07 05:09:31,692:INFO: Epoch 92/200
2019-12-07 05:10:02,382:INFO: - Train metrics: accuracy: 0.707 ; loss: 1.359
2019-12-07 05:10:04,987:INFO: - Eval metrics : accuracy: 0.578 ; loss: 0.000
2019-12-07 05:10:05,855:INFO: Epoch 93/200
2019-12-07 05:10:36,514:INFO: - Train metrics: accuracy: 0.689 ; loss: 1.360
2019-12-07 05:10:39,097:INFO: - Eval metrics : accuracy: 0.636 ; loss: 0.000
2019-12-07 05:10:39,963:INFO: Epoch 94/200
2019-12-07 05:11:10,508:INFO: - Train metrics: accuracy: 0.695 ; loss: 1.362
2019-12-07 05:11:13,147:INFO: - Eval metrics : accuracy: 0.631 ; loss: 0.000
2019-12-07 05:11:14,014:INFO: Epoch 95/200
2019-12-07 05:11:44,579:INFO: - Train metrics: accuracy: 0.674 ; loss: 1.366
2019-12-07 05:11:47,140:INFO: - Eval metrics : accuracy: 0.673 ; loss: 0.000
2019-12-07 05:11:48,008:INFO: Epoch 96/200
2019-12-07 05:12:18,589:INFO: - Train metrics: accuracy: 0.701 ; loss: 1.363
2019-12-07 05:12:21,176:INFO: - Eval metrics : accuracy: 0.670 ; loss: 0.000
2019-12-07 05:12:22,043:INFO: Epoch 97/200
2019-12-07 05:12:52,543:INFO: - Train metrics: accuracy: 0.719 ; loss: 1.363
2019-12-07 05:12:55,136:INFO: - Eval metrics : accuracy: 0.637 ; loss: 0.000
2019-12-07 05:12:56,002:INFO: Epoch 98/200
2019-12-07 05:13:26,593:INFO: - Train metrics: accuracy: 0.725 ; loss: 1.359
2019-12-07 05:13:29,206:INFO: - Eval metrics : accuracy: 0.637 ; loss: 0.000
2019-12-07 05:13:30,070:INFO: Epoch 99/200
2019-12-07 05:14:00,692:INFO: - Train metrics: accuracy: 0.699 ; loss: 1.357
2019-12-07 05:14:03,308:INFO: - Eval metrics : accuracy: 0.639 ; loss: 0.000
2019-12-07 05:14:04,177:INFO: Epoch 100/200
2019-12-07 05:14:34,694:INFO: - Train metrics: accuracy: 0.703 ; loss: 1.357
2019-12-07 05:14:37,290:INFO: - Eval metrics : accuracy: 0.569 ; loss: 0.000
2019-12-07 05:14:38,155:INFO: Epoch 101/200
2019-12-07 05:15:08,712:INFO: - Train metrics: accuracy: 0.676 ; loss: 1.359
2019-12-07 05:15:11,286:INFO: - Eval metrics : accuracy: 0.584 ; loss: 0.000
2019-12-07 05:15:12,152:INFO: Epoch 102/200
2019-12-07 05:15:42,748:INFO: - Train metrics: accuracy: 0.697 ; loss: 1.346
2019-12-07 05:15:45,352:INFO: - Eval metrics : accuracy: 0.579 ; loss: 0.000
2019-12-07 05:15:46,219:INFO: Epoch 103/200
2019-12-07 05:16:16,816:INFO: - Train metrics: accuracy: 0.666 ; loss: 1.355
2019-12-07 05:16:19,426:INFO: - Eval metrics : accuracy: 0.650 ; loss: 0.000
2019-12-07 05:16:20,292:INFO: Epoch 104/200
2019-12-07 05:16:50,843:INFO: - Train metrics: accuracy: 0.660 ; loss: 1.370
2019-12-07 05:16:53,440:INFO: - Eval metrics : accuracy: 0.652 ; loss: 0.000
2019-12-07 05:16:54,308:INFO: Epoch 105/200
2019-12-07 05:17:24,916:INFO: - Train metrics: accuracy: 0.693 ; loss: 1.356
2019-12-07 05:17:27,429:INFO: - Eval metrics : accuracy: 0.684 ; loss: 0.000
2019-12-07 05:17:28,295:INFO: Epoch 106/200
2019-12-07 05:17:58,912:INFO: - Train metrics: accuracy: 0.730 ; loss: 1.357
2019-12-07 05:18:01,523:INFO: - Eval metrics : accuracy: 0.598 ; loss: 0.000
2019-12-07 05:18:02,392:INFO: Epoch 107/200
2019-12-07 05:18:32,851:INFO: - Train metrics: accuracy: 0.719 ; loss: 1.356
2019-12-07 05:18:35,467:INFO: - Eval metrics : accuracy: 0.556 ; loss: 0.000
2019-12-07 05:18:36,332:INFO: Epoch 108/200
2019-12-07 05:19:06,950:INFO: - Train metrics: accuracy: 0.672 ; loss: 1.362
2019-12-07 05:19:09,565:INFO: - Eval metrics : accuracy: 0.642 ; loss: 0.000
2019-12-07 05:19:10,429:INFO: Epoch 109/200
2019-12-07 05:19:41,013:INFO: - Train metrics: accuracy: 0.703 ; loss: 1.364
2019-12-07 05:19:43,639:INFO: - Eval metrics : accuracy: 0.670 ; loss: 0.000
2019-12-07 05:19:44,507:INFO: Epoch 110/200
2019-12-07 05:20:15,024:INFO: - Train metrics: accuracy: 0.746 ; loss: 1.355
2019-12-07 05:20:17,615:INFO: - Eval metrics : accuracy: 0.434 ; loss: 0.000
2019-12-07 05:20:18,481:INFO: Epoch 111/200
2019-12-07 05:20:48,972:INFO: - Train metrics: accuracy: 0.709 ; loss: 1.362
2019-12-07 05:20:51,581:INFO: - Eval metrics : accuracy: 0.561 ; loss: 0.000
2019-12-07 05:20:52,449:INFO: Epoch 112/200
2019-12-07 05:21:22,959:INFO: - Train metrics: accuracy: 0.717 ; loss: 1.354
2019-12-07 05:21:25,571:INFO: - Eval metrics : accuracy: 0.495 ; loss: 0.000
2019-12-07 05:21:26,435:INFO: Epoch 113/200
2019-12-07 05:21:57,040:INFO: - Train metrics: accuracy: 0.699 ; loss: 1.352
2019-12-07 05:21:59,632:INFO: - Eval metrics : accuracy: 0.530 ; loss: 0.000
2019-12-07 05:22:00,497:INFO: Epoch 114/200
2019-12-07 05:22:31,051:INFO: - Train metrics: accuracy: 0.723 ; loss: 1.359
2019-12-07 05:22:33,657:INFO: - Eval metrics : accuracy: 0.596 ; loss: 0.000
2019-12-07 05:22:34,522:INFO: Epoch 115/200
2019-12-07 05:23:05,098:INFO: - Train metrics: accuracy: 0.674 ; loss: 1.360
2019-12-07 05:23:07,666:INFO: - Eval metrics : accuracy: 0.676 ; loss: 0.000
2019-12-07 05:23:08,529:INFO: Epoch 116/200
2019-12-07 05:23:39,121:INFO: - Train metrics: accuracy: 0.699 ; loss: 1.360
2019-12-07 05:23:41,708:INFO: - Eval metrics : accuracy: 0.625 ; loss: 0.000
2019-12-07 05:23:42,574:INFO: Epoch 117/200
2019-12-07 05:24:13,059:INFO: - Train metrics: accuracy: 0.627 ; loss: 1.366
2019-12-07 05:24:15,651:INFO: - Eval metrics : accuracy: 0.676 ; loss: 0.000
2019-12-07 05:24:16,516:INFO: Epoch 118/200
2019-12-07 05:24:47,116:INFO: - Train metrics: accuracy: 0.695 ; loss: 1.352
2019-12-07 05:24:49,718:INFO: - Eval metrics : accuracy: 0.608 ; loss: 0.000
2019-12-07 05:24:50,582:INFO: Epoch 119/200
2019-12-07 05:25:21,156:INFO: - Train metrics: accuracy: 0.662 ; loss: 1.361
2019-12-07 05:25:23,773:INFO: - Eval metrics : accuracy: 0.600 ; loss: 0.000
2019-12-07 05:25:24,639:INFO: Epoch 120/200
2019-12-07 05:25:55,175:INFO: - Train metrics: accuracy: 0.713 ; loss: 1.355
2019-12-07 05:25:57,784:INFO: - Eval metrics : accuracy: 0.584 ; loss: 0.000
2019-12-07 05:25:58,649:INFO: Epoch 121/200
2019-12-07 05:26:29,291:INFO: - Train metrics: accuracy: 0.656 ; loss: 1.353
2019-12-07 05:26:31,884:INFO: - Eval metrics : accuracy: 0.583 ; loss: 0.000
2019-12-07 05:26:32,753:INFO: Epoch 122/200
2019-12-07 05:27:03,315:INFO: - Train metrics: accuracy: 0.680 ; loss: 1.357
2019-12-07 05:27:05,879:INFO: - Eval metrics : accuracy: 0.612 ; loss: 0.000
2019-12-07 05:27:06,746:INFO: Epoch 123/200
2019-12-07 05:27:37,336:INFO: - Train metrics: accuracy: 0.666 ; loss: 1.355
2019-12-07 05:27:39,949:INFO: - Eval metrics : accuracy: 0.624 ; loss: 0.000
2019-12-07 05:27:40,815:INFO: Epoch 124/200
2019-12-07 05:28:11,380:INFO: - Train metrics: accuracy: 0.672 ; loss: 1.362
2019-12-07 05:28:13,989:INFO: - Eval metrics : accuracy: 0.629 ; loss: 0.000
2019-12-07 05:28:14,855:INFO: Epoch 125/200
2019-12-07 05:28:45,450:INFO: - Train metrics: accuracy: 0.701 ; loss: 1.360
2019-12-07 05:28:48,049:INFO: - Eval metrics : accuracy: 0.638 ; loss: 0.000
2019-12-07 05:28:48,918:INFO: Epoch 126/200
2019-12-07 05:29:19,548:INFO: - Train metrics: accuracy: 0.674 ; loss: 1.348
2019-12-07 05:29:22,144:INFO: - Eval metrics : accuracy: 0.639 ; loss: 0.000
2019-12-07 05:29:23,014:INFO: Epoch 127/200
2019-12-07 05:29:53,623:INFO: - Train metrics: accuracy: 0.678 ; loss: 1.366
2019-12-07 05:29:56,249:INFO: - Eval metrics : accuracy: 0.648 ; loss: 0.000
2019-12-07 05:29:57,116:INFO: Epoch 128/200
2019-12-07 05:30:27,694:INFO: - Train metrics: accuracy: 0.719 ; loss: 1.367
2019-12-07 05:30:30,317:INFO: - Eval metrics : accuracy: 0.655 ; loss: 0.000
2019-12-07 05:30:31,181:INFO: Epoch 129/200
2019-12-07 05:31:01,756:INFO: - Train metrics: accuracy: 0.688 ; loss: 1.367
2019-12-07 05:31:04,379:INFO: - Eval metrics : accuracy: 0.658 ; loss: 0.000
2019-12-07 05:31:05,247:INFO: Epoch 130/200
2019-12-07 05:31:35,803:INFO: - Train metrics: accuracy: 0.703 ; loss: 1.361
2019-12-07 05:31:38,399:INFO: - Eval metrics : accuracy: 0.520 ; loss: 0.000
2019-12-07 05:31:39,264:INFO: Epoch 131/200
2019-12-07 05:32:09,855:INFO: - Train metrics: accuracy: 0.707 ; loss: 1.367
2019-12-07 05:32:12,456:INFO: - Eval metrics : accuracy: 0.665 ; loss: 0.000
2019-12-07 05:32:13,323:INFO: Epoch 132/200
2019-12-07 05:32:43,858:INFO: - Train metrics: accuracy: 0.707 ; loss: 1.353
2019-12-07 05:32:46,491:INFO: - Eval metrics : accuracy: 0.630 ; loss: 0.000
2019-12-07 05:32:47,358:INFO: Epoch 133/200
2019-12-07 05:33:17,837:INFO: - Train metrics: accuracy: 0.713 ; loss: 1.366
2019-12-07 05:33:20,409:INFO: - Eval metrics : accuracy: 0.622 ; loss: 0.000
2019-12-07 05:33:21,273:INFO: Epoch 134/200
2019-12-07 05:33:51,777:INFO: - Train metrics: accuracy: 0.715 ; loss: 1.361
2019-12-07 05:33:54,321:INFO: - Eval metrics : accuracy: 0.589 ; loss: 0.000
2019-12-07 05:33:55,189:INFO: Epoch 135/200
2019-12-07 05:34:25,791:INFO: - Train metrics: accuracy: 0.729 ; loss: 1.342
2019-12-07 05:34:28,394:INFO: - Eval metrics : accuracy: 0.602 ; loss: 0.000
2019-12-07 05:34:29,259:INFO: Epoch 136/200
2019-12-07 05:34:59,815:INFO: - Train metrics: accuracy: 0.723 ; loss: 1.359
2019-12-07 05:35:02,432:INFO: - Eval metrics : accuracy: 0.646 ; loss: 0.000
2019-12-07 05:35:03,298:INFO: Epoch 137/200
2019-12-07 05:35:33,815:INFO: - Train metrics: accuracy: 0.680 ; loss: 1.363
2019-12-07 05:35:36,425:INFO: - Eval metrics : accuracy: 0.596 ; loss: 0.000
2019-12-07 05:35:37,289:INFO: Epoch 138/200
2019-12-07 05:36:07,863:INFO: - Train metrics: accuracy: 0.697 ; loss: 1.356
2019-12-07 05:36:10,493:INFO: - Eval metrics : accuracy: 0.609 ; loss: 0.000
2019-12-07 05:36:11,360:INFO: Epoch 139/200
2019-12-07 05:36:41,932:INFO: - Train metrics: accuracy: 0.730 ; loss: 1.356
2019-12-07 05:36:44,519:INFO: - Eval metrics : accuracy: 0.589 ; loss: 0.000
2019-12-07 05:36:45,387:INFO: Epoch 140/200
2019-12-07 05:37:16,016:INFO: - Train metrics: accuracy: 0.693 ; loss: 1.359
2019-12-07 05:37:18,623:INFO: - Eval metrics : accuracy: 0.644 ; loss: 0.000
2019-12-07 05:37:19,489:INFO: Epoch 141/200
2019-12-07 05:37:50,039:INFO: - Train metrics: accuracy: 0.670 ; loss: 1.363
2019-12-07 05:37:52,655:INFO: - Eval metrics : accuracy: 0.566 ; loss: 0.000
2019-12-07 05:37:53,521:INFO: Epoch 142/200
2019-12-07 05:38:24,040:INFO: - Train metrics: accuracy: 0.686 ; loss: 1.361
2019-12-07 05:38:26,651:INFO: - Eval metrics : accuracy: 0.641 ; loss: 0.000
2019-12-07 05:38:27,516:INFO: Epoch 143/200
2019-12-07 05:38:58,188:INFO: - Train metrics: accuracy: 0.699 ; loss: 1.353
2019-12-07 05:39:00,794:INFO: - Eval metrics : accuracy: 0.577 ; loss: 0.000
2019-12-07 05:39:01,661:INFO: Epoch 144/200
2019-12-07 05:39:32,324:INFO: - Train metrics: accuracy: 0.654 ; loss: 1.354
2019-12-07 05:39:34,931:INFO: - Eval metrics : accuracy: 0.657 ; loss: 0.000
2019-12-07 05:39:35,796:INFO: Epoch 145/200
2019-12-07 05:40:06,380:INFO: - Train metrics: accuracy: 0.727 ; loss: 1.354
2019-12-07 05:40:08,996:INFO: - Eval metrics : accuracy: 0.647 ; loss: 0.000
2019-12-07 05:40:09,861:INFO: Epoch 146/200
2019-12-07 05:40:40,418:INFO: - Train metrics: accuracy: 0.697 ; loss: 1.364
2019-12-07 05:40:43,036:INFO: - Eval metrics : accuracy: 0.600 ; loss: 0.000
2019-12-07 05:40:43,902:INFO: Epoch 147/200
2019-12-07 05:41:14,455:INFO: - Train metrics: accuracy: 0.732 ; loss: 1.359
2019-12-07 05:41:16,978:INFO: - Eval metrics : accuracy: 0.632 ; loss: 0.000
2019-12-07 05:41:17,843:INFO: Epoch 148/200
2019-12-07 05:41:48,378:INFO: - Train metrics: accuracy: 0.707 ; loss: 1.364
2019-12-07 05:41:50,976:INFO: - Eval metrics : accuracy: 0.571 ; loss: 0.000
2019-12-07 05:41:51,846:INFO: Epoch 149/200
2019-12-07 05:42:22,399:INFO: - Train metrics: accuracy: 0.664 ; loss: 1.362
2019-12-07 05:42:24,988:INFO: - Eval metrics : accuracy: 0.613 ; loss: 0.000
2019-12-07 05:42:25,857:INFO: Epoch 150/200
2019-12-07 05:42:56,379:INFO: - Train metrics: accuracy: 0.777 ; loss: 1.358
2019-12-07 05:42:58,980:INFO: - Eval metrics : accuracy: 0.791 ; loss: 0.000
2019-12-07 05:43:01,423:INFO: - Found new best accuracy
2019-12-07 05:43:01,426:INFO: Epoch 151/200
2019-12-07 05:43:31,949:INFO: - Train metrics: accuracy: 0.777 ; loss: 1.342
2019-12-07 05:43:34,530:INFO: - Eval metrics : accuracy: 0.805 ; loss: 0.000
2019-12-07 05:43:36,979:INFO: - Found new best accuracy
2019-12-07 05:43:36,981:INFO: Epoch 152/200
2019-12-07 05:44:07,603:INFO: - Train metrics: accuracy: 0.791 ; loss: 1.355
2019-12-07 05:44:10,173:INFO: - Eval metrics : accuracy: 0.815 ; loss: 0.000
2019-12-07 05:44:12,612:INFO: - Found new best accuracy
2019-12-07 05:44:12,614:INFO: Epoch 153/200
2019-12-07 05:44:43,150:INFO: - Train metrics: accuracy: 0.820 ; loss: 1.342
2019-12-07 05:44:45,747:INFO: - Eval metrics : accuracy: 0.817 ; loss: 0.000
2019-12-07 05:44:48,185:INFO: - Found new best accuracy
2019-12-07 05:44:48,187:INFO: Epoch 154/200
2019-12-07 05:45:18,767:INFO: - Train metrics: accuracy: 0.818 ; loss: 1.342
2019-12-07 05:45:21,335:INFO: - Eval metrics : accuracy: 0.819 ; loss: 0.000
2019-12-07 05:45:23,769:INFO: - Found new best accuracy
2019-12-07 05:45:23,771:INFO: Epoch 155/200
2019-12-07 05:45:54,351:INFO: - Train metrics: accuracy: 0.828 ; loss: 1.343
2019-12-07 05:45:56,949:INFO: - Eval metrics : accuracy: 0.820 ; loss: 0.000
2019-12-07 05:45:59,390:INFO: - Found new best accuracy
2019-12-07 05:45:59,393:INFO: Epoch 156/200
2019-12-07 05:46:29,890:INFO: - Train metrics: accuracy: 0.812 ; loss: 1.341
2019-12-07 05:46:32,454:INFO: - Eval metrics : accuracy: 0.816 ; loss: 0.000
2019-12-07 05:46:33,320:INFO: Epoch 157/200
2019-12-07 05:47:03,864:INFO: - Train metrics: accuracy: 0.834 ; loss: 1.350
2019-12-07 05:47:06,430:INFO: - Eval metrics : accuracy: 0.818 ; loss: 0.000
2019-12-07 05:47:07,296:INFO: Epoch 158/200
2019-12-07 05:47:37,832:INFO: - Train metrics: accuracy: 0.832 ; loss: 1.351
2019-12-07 05:47:40,386:INFO: - Eval metrics : accuracy: 0.830 ; loss: 0.000
2019-12-07 05:47:42,820:INFO: - Found new best accuracy
2019-12-07 05:47:42,823:INFO: Epoch 159/200
2019-12-07 05:48:13,403:INFO: - Train metrics: accuracy: 0.836 ; loss: 1.346
2019-12-07 05:48:15,999:INFO: - Eval metrics : accuracy: 0.827 ; loss: 0.000
2019-12-07 05:48:16,867:INFO: Epoch 160/200
2019-12-07 05:48:47,469:INFO: - Train metrics: accuracy: 0.834 ; loss: 1.340
2019-12-07 05:48:50,045:INFO: - Eval metrics : accuracy: 0.827 ; loss: 0.000
2019-12-07 05:48:50,910:INFO: Epoch 161/200
2019-12-07 05:49:21,539:INFO: - Train metrics: accuracy: 0.828 ; loss: 1.352
2019-12-07 05:49:24,161:INFO: - Eval metrics : accuracy: 0.827 ; loss: 0.000
2019-12-07 05:49:25,027:INFO: Epoch 162/200
2019-12-07 05:49:55,608:INFO: - Train metrics: accuracy: 0.840 ; loss: 1.344
2019-12-07 05:49:58,224:INFO: - Eval metrics : accuracy: 0.828 ; loss: 0.000
2019-12-07 05:49:59,089:INFO: Epoch 163/200
2019-12-07 05:50:29,654:INFO: - Train metrics: accuracy: 0.850 ; loss: 1.346
2019-12-07 05:50:32,252:INFO: - Eval metrics : accuracy: 0.819 ; loss: 0.000
2019-12-07 05:50:33,121:INFO: Epoch 164/200
2019-12-07 05:51:03,585:INFO: - Train metrics: accuracy: 0.830 ; loss: 1.350
2019-12-07 05:51:06,130:INFO: - Eval metrics : accuracy: 0.831 ; loss: 0.000
2019-12-07 05:51:08,570:INFO: - Found new best accuracy
2019-12-07 05:51:08,573:INFO: Epoch 165/200
2019-12-07 05:51:39,179:INFO: - Train metrics: accuracy: 0.830 ; loss: 1.353
2019-12-07 05:51:41,771:INFO: - Eval metrics : accuracy: 0.828 ; loss: 0.000
2019-12-07 05:51:42,636:INFO: Epoch 166/200
2019-12-07 05:52:13,240:INFO: - Train metrics: accuracy: 0.830 ; loss: 1.357
2019-12-07 05:52:15,824:INFO: - Eval metrics : accuracy: 0.819 ; loss: 0.000
2019-12-07 05:52:16,684:INFO: Epoch 167/200
2019-12-07 05:52:47,155:INFO: - Train metrics: accuracy: 0.875 ; loss: 1.352
2019-12-07 05:52:49,717:INFO: - Eval metrics : accuracy: 0.832 ; loss: 0.000
2019-12-07 05:52:52,146:INFO: - Found new best accuracy
2019-12-07 05:52:52,148:INFO: Epoch 168/200
2019-12-07 05:53:22,739:INFO: - Train metrics: accuracy: 0.873 ; loss: 1.341
2019-12-07 05:53:25,366:INFO: - Eval metrics : accuracy: 0.833 ; loss: 0.000
2019-12-07 05:53:27,804:INFO: - Found new best accuracy
2019-12-07 05:53:27,807:INFO: Epoch 169/200
2019-12-07 05:53:58,396:INFO: - Train metrics: accuracy: 0.842 ; loss: 1.345
2019-12-07 05:54:01,014:INFO: - Eval metrics : accuracy: 0.825 ; loss: 0.000
2019-12-07 05:54:01,878:INFO: Epoch 170/200
2019-12-07 05:54:32,396:INFO: - Train metrics: accuracy: 0.859 ; loss: 1.350
2019-12-07 05:54:34,984:INFO: - Eval metrics : accuracy: 0.837 ; loss: 0.000
2019-12-07 05:54:37,430:INFO: - Found new best accuracy
2019-12-07 05:54:37,433:INFO: Epoch 171/200
2019-12-07 05:55:08,081:INFO: - Train metrics: accuracy: 0.857 ; loss: 1.337
2019-12-07 05:55:10,692:INFO: - Eval metrics : accuracy: 0.839 ; loss: 0.000
2019-12-07 05:55:13,126:INFO: - Found new best accuracy
2019-12-07 05:55:13,129:INFO: Epoch 172/200
2019-12-07 05:55:43,837:INFO: - Train metrics: accuracy: 0.828 ; loss: 1.355
2019-12-07 05:55:46,394:INFO: - Eval metrics : accuracy: 0.835 ; loss: 0.000
2019-12-07 05:55:47,261:INFO: Epoch 173/200
2019-12-07 05:56:17,858:INFO: - Train metrics: accuracy: 0.842 ; loss: 1.344
2019-12-07 05:56:20,409:INFO: - Eval metrics : accuracy: 0.828 ; loss: 0.000
2019-12-07 05:56:21,275:INFO: Epoch 174/200
2019-12-07 05:56:51,941:INFO: - Train metrics: accuracy: 0.840 ; loss: 1.352
2019-12-07 05:56:54,518:INFO: - Eval metrics : accuracy: 0.824 ; loss: 0.000
2019-12-07 05:56:55,384:INFO: Epoch 175/200
2019-12-07 05:57:25,956:INFO: - Train metrics: accuracy: 0.842 ; loss: 1.342
2019-12-07 05:57:28,483:INFO: - Eval metrics : accuracy: 0.814 ; loss: 0.000
2019-12-07 05:57:29,351:INFO: Epoch 176/200
2019-12-07 05:58:00,003:INFO: - Train metrics: accuracy: 0.836 ; loss: 1.346
2019-12-07 05:58:02,571:INFO: - Eval metrics : accuracy: 0.840 ; loss: 0.000
2019-12-07 05:58:05,007:INFO: - Found new best accuracy
2019-12-07 05:58:05,010:INFO: Epoch 177/200
2019-12-07 05:58:35,557:INFO: - Train metrics: accuracy: 0.867 ; loss: 1.347
2019-12-07 05:58:38,173:INFO: - Eval metrics : accuracy: 0.830 ; loss: 0.000
2019-12-07 05:58:39,038:INFO: Epoch 178/200
2019-12-07 05:59:09,612:INFO: - Train metrics: accuracy: 0.820 ; loss: 1.346
2019-12-07 05:59:12,223:INFO: - Eval metrics : accuracy: 0.838 ; loss: 0.000
2019-12-07 05:59:13,093:INFO: Epoch 179/200
2019-12-07 05:59:43,664:INFO: - Train metrics: accuracy: 0.848 ; loss: 1.339
2019-12-07 05:59:46,167:INFO: - Eval metrics : accuracy: 0.840 ; loss: 0.000
2019-12-07 05:59:48,616:INFO: - Found new best accuracy
2019-12-07 05:59:48,618:INFO: Epoch 180/200
2019-12-07 06:00:19,201:INFO: - Train metrics: accuracy: 0.830 ; loss: 1.351
2019-12-07 06:00:21,802:INFO: - Eval metrics : accuracy: 0.833 ; loss: 0.000
2019-12-07 06:00:22,668:INFO: Epoch 181/200
2019-12-07 06:00:53,325:INFO: - Train metrics: accuracy: 0.848 ; loss: 1.351
2019-12-07 06:00:55,932:INFO: - Eval metrics : accuracy: 0.802 ; loss: 0.000
2019-12-07 06:00:56,800:INFO: Epoch 182/200
2019-12-07 06:01:27,405:INFO: - Train metrics: accuracy: 0.869 ; loss: 1.335
2019-12-07 06:01:30,030:INFO: - Eval metrics : accuracy: 0.843 ; loss: 0.000
2019-12-07 06:01:32,470:INFO: - Found new best accuracy
2019-12-07 06:01:32,473:INFO: Epoch 183/200
2019-12-07 06:02:03,080:INFO: - Train metrics: accuracy: 0.850 ; loss: 1.351
2019-12-07 06:02:05,647:INFO: - Eval metrics : accuracy: 0.829 ; loss: 0.000
2019-12-07 06:02:06,514:INFO: Epoch 184/200
2019-12-07 06:02:37,193:INFO: - Train metrics: accuracy: 0.854 ; loss: 1.341
2019-12-07 06:02:39,810:INFO: - Eval metrics : accuracy: 0.837 ; loss: 0.000
2019-12-07 06:02:40,675:INFO: Epoch 185/200
2019-12-07 06:03:11,251:INFO: - Train metrics: accuracy: 0.840 ; loss: 1.350
2019-12-07 06:03:13,854:INFO: - Eval metrics : accuracy: 0.810 ; loss: 0.000
2019-12-07 06:03:14,719:INFO: Epoch 186/200
2019-12-07 06:03:45,332:INFO: - Train metrics: accuracy: 0.865 ; loss: 1.349
2019-12-07 06:03:47,948:INFO: - Eval metrics : accuracy: 0.837 ; loss: 0.000
2019-12-07 06:03:48,815:INFO: Epoch 187/200
2019-12-07 06:04:19,436:INFO: - Train metrics: accuracy: 0.871 ; loss: 1.338
2019-12-07 06:04:22,060:INFO: - Eval metrics : accuracy: 0.824 ; loss: 0.000
2019-12-07 06:04:22,926:INFO: Epoch 188/200
2019-12-07 06:04:53,468:INFO: - Train metrics: accuracy: 0.861 ; loss: 1.343
2019-12-07 06:04:56,060:INFO: - Eval metrics : accuracy: 0.840 ; loss: 0.000
2019-12-07 06:04:56,927:INFO: Epoch 189/200
2019-12-07 06:05:27,452:INFO: - Train metrics: accuracy: 0.850 ; loss: 1.347
2019-12-07 06:05:30,056:INFO: - Eval metrics : accuracy: 0.808 ; loss: 0.000
2019-12-07 06:05:30,923:INFO: Epoch 190/200
2019-12-07 06:06:01,545:INFO: - Train metrics: accuracy: 0.836 ; loss: 1.355
2019-12-07 06:06:04,164:INFO: - Eval metrics : accuracy: 0.822 ; loss: 0.000
2019-12-07 06:06:05,030:INFO: Epoch 191/200
2019-12-07 06:06:35,552:INFO: - Train metrics: accuracy: 0.857 ; loss: 1.340
2019-12-07 06:06:38,154:INFO: - Eval metrics : accuracy: 0.833 ; loss: 0.000
2019-12-07 06:06:39,020:INFO: Epoch 192/200
2019-12-07 06:07:09,568:INFO: - Train metrics: accuracy: 0.893 ; loss: 1.345
2019-12-07 06:07:12,177:INFO: - Eval metrics : accuracy: 0.831 ; loss: 0.000
2019-12-07 06:07:13,044:INFO: Epoch 193/200
2019-12-07 06:07:43,636:INFO: - Train metrics: accuracy: 0.848 ; loss: 1.345
2019-12-07 06:07:46,192:INFO: - Eval metrics : accuracy: 0.841 ; loss: 0.000
2019-12-07 06:07:47,058:INFO: Epoch 194/200
2019-12-07 06:08:17,613:INFO: - Train metrics: accuracy: 0.834 ; loss: 1.357
2019-12-07 06:08:20,191:INFO: - Eval metrics : accuracy: 0.839 ; loss: 0.000
2019-12-07 06:08:21,056:INFO: Epoch 195/200
2019-12-07 06:08:51,659:INFO: - Train metrics: accuracy: 0.828 ; loss: 1.332
2019-12-07 06:08:54,260:INFO: - Eval metrics : accuracy: 0.843 ; loss: 0.000
2019-12-07 06:08:56,700:INFO: - Found new best accuracy
2019-12-07 06:08:56,703:INFO: Epoch 196/200
2019-12-07 06:09:27,343:INFO: - Train metrics: accuracy: 0.869 ; loss: 1.334
2019-12-07 06:09:29,912:INFO: - Eval metrics : accuracy: 0.820 ; loss: 0.000
2019-12-07 06:09:30,777:INFO: Epoch 197/200
2019-12-07 06:10:01,381:INFO: - Train metrics: accuracy: 0.873 ; loss: 1.344
2019-12-07 06:10:03,948:INFO: - Eval metrics : accuracy: 0.844 ; loss: 0.000
2019-12-07 06:10:06,394:INFO: - Found new best accuracy
2019-12-07 06:10:06,397:INFO: Epoch 198/200
2019-12-07 06:10:37,008:INFO: - Train metrics: accuracy: 0.828 ; loss: 1.345
2019-12-07 06:10:39,636:INFO: - Eval metrics : accuracy: 0.843 ; loss: 0.000
2019-12-07 06:10:40,503:INFO: Epoch 199/200
2019-12-07 06:11:11,122:INFO: - Train metrics: accuracy: 0.855 ; loss: 1.348
2019-12-07 06:11:13,725:INFO: - Eval metrics : accuracy: 0.827 ; loss: 0.000
2019-12-07 06:11:14,593:INFO: Epoch 200/200
2019-12-07 06:11:45,234:INFO: - Train metrics: accuracy: 0.859 ; loss: 1.348
2019-12-07 06:11:47,854:INFO: - Eval metrics : accuracy: 0.842 ; loss: 0.000
